#! /usr/bin/vvp
:ivl_version "0.9.7 " "(v0_9_7)";
:vpi_time_precision + 0;
:vpi_module "system";
:vpi_module "v2005_math";
:vpi_module "va_math";
S_0x1fd2e60 .scope module, "WatchCtrl_test" "WatchCtrl_test" 2 3;
 .timescale 0 0;
v0x200ccd0_0 .net "alarmBeep", 0 0, v0x200a9c0_0; 1 drivers
v0x200cd50_0 .var "clk", 0 0;
RS_0x7fe6eea1e0f8/0/0 .resolv tri, L_0x200ebc0, L_0x200ea00, L_0x200ed20, L_0x200ec60;
RS_0x7fe6eea1e0f8/0/4 .resolv tri, L_0x200ef20, L_0x200ee50, L_0x200f0d0, C4<zzzzzzz>;
RS_0x7fe6eea1e0f8 .resolv tri, RS_0x7fe6eea1e0f8/0/0, RS_0x7fe6eea1e0f8/0/4, C4<zzzzzzz>, C4<zzzzzzz>;
v0x200ce60_0 .net8 "digit0", 6 0, RS_0x7fe6eea1e0f8; 7 drivers
RS_0x7fe6eea1e128/0/0 .resolv tri, L_0x200e450, L_0x200e4f0, L_0x200e620, L_0x200e750;
RS_0x7fe6eea1e128/0/4 .resolv tri, L_0x200e8c0, L_0x200e960, L_0x200e820, C4<zzzzzzz>;
RS_0x7fe6eea1e128 .resolv tri, RS_0x7fe6eea1e128/0/0, RS_0x7fe6eea1e128/0/4, C4<zzzzzzz>, C4<zzzzzzz>;
v0x200cee0_0 .net8 "digit1", 6 0, RS_0x7fe6eea1e128; 7 drivers
RS_0x7fe6eea1e158/0/0 .resolv tri, L_0x200dca0, L_0x200dd40, L_0x200dde0, L_0x200df40;
RS_0x7fe6eea1e158/0/4 .resolv tri, L_0x200e010, L_0x200e150, L_0x200e220, C4<zzzzzzz>;
RS_0x7fe6eea1e158 .resolv tri, RS_0x7fe6eea1e158/0/0, RS_0x7fe6eea1e158/0/4, C4<zzzzzzz>, C4<zzzzzzz>;
v0x200cf90_0 .net8 "digit2", 6 0, RS_0x7fe6eea1e158; 7 drivers
RS_0x7fe6eea1e188/0/0 .resolv tri, L_0x200d5e0, L_0x200d680, L_0x200d720, L_0x200d850;
RS_0x7fe6eea1e188/0/4 .resolv tri, L_0x200d950, L_0x200da20, L_0x200daf0, C4<zzzzzzz>;
RS_0x7fe6eea1e188 .resolv tri, RS_0x7fe6eea1e188/0/0, RS_0x7fe6eea1e188/0/4, C4<zzzzzzz>, C4<zzzzzzz>;
v0x200d040_0 .net8 "digit3", 6 0, RS_0x7fe6eea1e188; 7 drivers
v0x200d0c0_0 .var "mode", 2 0;
v0x200d170_0 .var "nextDigit", 0 0;
v0x200d240_0 .var "resetTime", 0 0;
v0x2006bf0_0 .var "setValue", 0 0;
v0x200d460_0 .var "start_resume", 0 0;
v0x200d4e0_0 .var "stop", 0 0;
v0x200d560_0 .var "upTime", 0 0;
S_0x1fd2b80 .scope module, "uut" "WatchCtrl" 2 14, 3 8, S_0x1fd2e60;
 .timescale 0 0;
v0x200b910_0 .var "Alm_hour0", 3 0;
v0x200b9b0_0 .var "Alm_hour1", 3 0;
v0x200ba30_0 .var "Alm_min0", 3 0;
v0x200bae0_0 .var "Alm_min1", 3 0;
v0x200bbc0_0 .net "St_hour0", 3 0, v0x200b440_0; 1 drivers
v0x200bc70_0 .net "St_hour1", 3 0, v0x200b4e0_0; 1 drivers
v0x200bcf0_0 .net "St_min0", 3 0, v0x200b590_0; 1 drivers
v0x200bda0_0 .net "St_min1", 3 0, v0x200b630_0; 1 drivers
v0x200be50_0 .net "W_hour0", 3 0, v0x2004a70_0; 1 drivers
v0x200bf20_0 .net "W_hour1", 3 0, v0x2003c70_0; 1 drivers
v0x200c000_0 .net "W_min0", 3 0, v0x2006300_0; 1 drivers
v0x200c0d0_0 .net "W_min1", 3 0, v0x20056a0_0; 1 drivers
v0x200c210_0 .alias "alarmBeep", 0 0, v0x200ccd0_0;
v0x200c290_0 .net "clk", 0 0, v0x200cd50_0; 1 drivers
v0x200c390_0 .alias "d0", 6 0, v0x200ce60_0;
v0x200c410_0 .alias "d1", 6 0, v0x200cee0_0;
v0x200c310_0 .alias "d2", 6 0, v0x200cf90_0;
v0x200c520_0 .alias "d3", 6 0, v0x200d040_0;
v0x200c490_0 .var "dis0", 3 0;
v0x200c640_0 .var "dis1", 3 0;
v0x200c5a0_0 .var "dis2", 3 0;
v0x200c770_0 .var "dis3", 3 0;
v0x200c6f0_0 .net "mode", 2 0, v0x200d0c0_0; 1 drivers
v0x200c8b0_0 .net "nextd", 0 0, v0x200d170_0; 1 drivers
v0x200c820_0 .net "resetTime", 0 0, v0x200d240_0; 1 drivers
v0x200ca00_0 .net "setValue", 0 0, v0x2006bf0_0; 1 drivers
v0x200c930_0 .net "start_resume", 0 0, v0x200d460_0; 1 drivers
v0x200cb60_0 .net "stop", 0 0, v0x200d4e0_0; 1 drivers
v0x200ca80_0 .net "upTime", 0 0, v0x200d560_0; 1 drivers
L_0x200d5e0 .part/pv v0x20030e0_0, 0, 1, 7;
L_0x200d680 .part/pv v0x20031a0_0, 1, 1, 7;
L_0x200d720 .part/pv v0x2003240_0, 2, 1, 7;
L_0x200d850 .part/pv v0x20032e0_0, 3, 1, 7;
L_0x200d950 .part/pv v0x2003390_0, 4, 1, 7;
L_0x200da20 .part/pv v0x2003430_0, 5, 1, 7;
L_0x200daf0 .part/pv v0x20034d0_0, 6, 1, 7;
L_0x200dca0 .part/pv v0x2002a30_0, 0, 1, 7;
L_0x200dd40 .part/pv v0x2002af0_0, 1, 1, 7;
L_0x200dde0 .part/pv v0x2002b90_0, 2, 1, 7;
L_0x200df40 .part/pv v0x2002c30_0, 3, 1, 7;
L_0x200e010 .part/pv v0x2002ce0_0, 4, 1, 7;
L_0x200e150 .part/pv v0x2002d80_0, 5, 1, 7;
L_0x200e220 .part/pv v0x2002e20_0, 6, 1, 7;
L_0x200e450 .part/pv v0x2002380_0, 0, 1, 7;
L_0x200e4f0 .part/pv v0x2002440_0, 1, 1, 7;
L_0x200e620 .part/pv v0x20024e0_0, 2, 1, 7;
L_0x200e750 .part/pv v0x2002580_0, 3, 1, 7;
L_0x200e8c0 .part/pv v0x2002630_0, 4, 1, 7;
L_0x200e960 .part/pv v0x20026d0_0, 5, 1, 7;
L_0x200e820 .part/pv v0x2002770_0, 6, 1, 7;
L_0x200ebc0 .part/pv v0x1f7bd80_0, 0, 1, 7;
L_0x200ea00 .part/pv v0x2001d50_0, 1, 1, 7;
L_0x200ed20 .part/pv v0x2001df0_0, 2, 1, 7;
L_0x200ec60 .part/pv v0x2001e90_0, 3, 1, 7;
L_0x200ef20 .part/pv v0x2001f40_0, 4, 1, 7;
L_0x200ee50 .part/pv v0x2001fe0_0, 5, 1, 7;
L_0x200f0d0 .part/pv v0x20020c0_0, 6, 1, 7;
S_0x200b140 .scope module, "timeset" "SetTime" 3 40, 4 4, S_0x1fd2b80;
 .timescale 0 0;
v0x200b2e0_0 .var "changeTime", 0 0;
v0x200b3a0_0 .var "currNum", 1 0;
v0x200b440_0 .var "h0", 3 0;
v0x200b4e0_0 .var "h1", 3 0;
v0x200b590_0 .var "m0", 3 0;
v0x200b630_0 .var "m1", 3 0;
v0x200b6d0_0 .alias "nextDigit", 0 0, v0x200c8b0_0;
v0x200b770_0 .alias "reset", 0 0, v0x200c820_0;
v0x200b7f0_0 .alias "start", 0 0, v0x200ca00_0;
v0x200b870_0 .alias "up", 0 0, v0x200ca80_0;
E_0x200abc0 .event posedge, v0x2006c80_0;
E_0x20062d0 .event posedge, v0x200b6d0_0;
E_0x200b290 .event posedge, v0x2003d10_0, v0x200b870_0;
S_0x200a8d0 .scope module, "alm" "AlarmModule" 3 46, 5 2, S_0x1fd2b80;
 .timescale 0 0;
v0x200a9c0_0 .var "alarm", 0 0;
v0x200aa40_0 .alias "alarmReset", 0 0, v0x200c820_0;
v0x200aac0_0 .alias "alarmSet", 0 0, v0x200ca00_0;
v0x200ab40_0 .alias "clk", 0 0, v0x200c290_0;
v0x200abf0_0 .net "curHour0", 3 0, v0x200b910_0; 1 drivers
v0x200ac70_0 .net "curHour1", 3 0, v0x200b9b0_0; 1 drivers
v0x200acf0_0 .net "curMin0", 3 0, v0x200ba30_0; 1 drivers
v0x200ad70_0 .net "curMin1", 3 0, v0x200bae0_0; 1 drivers
v0x200adf0_0 .var "savHour0", 3 0;
v0x200ae90_0 .var "savHour1", 3 0;
v0x200af90_0 .var "savMin0", 3 0;
v0x200b030_0 .var "savMin1", 3 0;
E_0x2009030 .event edge, v0x200acf0_0;
S_0x2006ff0 .scope module, "stopwatch" "StopWatch" 3 52, 6 6, S_0x1fd2b80;
 .timescale 0 0;
v0x200a000_0 .net "clk", 0 0, C4<z>; 0 drivers
v0x200a0a0_0 .net "milSec0", 3 0, v0x2009d50_0; 1 drivers
v0x200a150_0 .net "min0", 3 0, v0x20079a0_0; 1 drivers
v0x200a200_0 .net "min0clk", 0 0, v0x20083d0_0; 1 drivers
v0x200a300_0 .net "reset", 0 0, C4<z>; 0 drivers
v0x200a410_0 .net "sec0", 3 0, v0x2009190_0; 1 drivers
v0x200a490_0 .net "sec0clk", 0 0, v0x2009ba0_0; 1 drivers
v0x200a510_0 .net "sec1", 3 0, v0x20085b0_0; 1 drivers
v0x200a5e0_0 .net "sec1clk", 0 0, v0x2008fb0_0; 1 drivers
v0x200a6b0_0 .net "start_resume", 0 0, C4<z>; 0 drivers
v0x200a7c0_0 .net "stop", 0 0, C4<z>; 0 drivers
S_0x2009490 .scope module, "MIL0" "Mod10Counter" 6 16, 7 3, S_0x2006ff0;
 .timescale 0 0;
P_0x2009588 .param/l "eight" 7 21, C4<1000>;
P_0x20095b0 .param/l "five" 7 18, C4<0101>;
P_0x20095d8 .param/l "four" 7 17, C4<0100>;
P_0x2009600 .param/l "nine" 7 22, C4<1001>;
P_0x2009628 .param/l "one" 7 14, C4<0001>;
P_0x2009650 .param/l "seven" 7 20, C4<0111>;
P_0x2009678 .param/l "six" 7 19, C4<0110>;
P_0x20096a0 .param/l "three" 7 16, C4<0011>;
P_0x20096c8 .param/l "two" 7 15, C4<0010>;
P_0x20096f0 .param/l "zero" 7 13, C4<0000>;
v0x2009ae0_0 .alias "clk", 0 0, v0x200a000_0;
v0x2009ba0_0 .var "cout", 0 0;
v0x2009c20_0 .var "current", 3 0;
v0x2009ca0_0 .var "next", 3 0;
v0x2009d50_0 .var "number", 3 0;
v0x2009df0_0 .alias "reset", 0 0, v0x200a300_0;
v0x2009eb0_0 .alias "start_resume", 0 0, v0x200a6b0_0;
v0x2009f30_0 .alias "stop", 0 0, v0x200a7c0_0;
E_0x2008840 .event posedge, v0x2009ae0_0;
E_0x2008790 .event edge, v0x2007bc0_0, v0x2007a40_0, v0x2007b20_0, v0x2009c20_0;
S_0x2008870 .scope module, "SEC0" "Mod10Counter" 6 17, 7 3, S_0x2006ff0;
 .timescale 0 0;
P_0x2008968 .param/l "eight" 7 21, C4<1000>;
P_0x2008990 .param/l "five" 7 18, C4<0101>;
P_0x20089b8 .param/l "four" 7 17, C4<0100>;
P_0x20089e0 .param/l "nine" 7 22, C4<1001>;
P_0x2008a08 .param/l "one" 7 14, C4<0001>;
P_0x2008a30 .param/l "seven" 7 20, C4<0111>;
P_0x2008a58 .param/l "six" 7 19, C4<0110>;
P_0x2008a80 .param/l "three" 7 16, C4<0011>;
P_0x2008aa8 .param/l "two" 7 15, C4<0010>;
P_0x2008ad0 .param/l "zero" 7 13, C4<0000>;
v0x2008ef0_0 .alias "clk", 0 0, v0x200a490_0;
v0x2008fb0_0 .var "cout", 0 0;
v0x2009060_0 .var "current", 3 0;
v0x20090e0_0 .var "next", 3 0;
v0x2009190_0 .var "number", 3 0;
v0x2009230_0 .alias "reset", 0 0, v0x200a300_0;
v0x20092f0_0 .alias "start_resume", 0 0, v0x200a6b0_0;
v0x2009370_0 .alias "stop", 0 0, v0x200a7c0_0;
E_0x2008e40 .event posedge, v0x2008ef0_0;
E_0x2008e90 .event edge, v0x2007bc0_0, v0x2007a40_0, v0x2007b20_0, v0x2009060_0;
S_0x2007c60 .scope module, "SEC1" "Mod6Counter" 6 18, 8 3, S_0x2006ff0;
 .timescale 0 0;
P_0x2007d58 .param/l "eight" 8 21, C4<1000>;
P_0x2007d80 .param/l "five" 8 18, C4<0101>;
P_0x2007da8 .param/l "four" 8 17, C4<0100>;
P_0x2007dd0 .param/l "nine" 8 22, C4<1001>;
P_0x2007df8 .param/l "one" 8 14, C4<0001>;
P_0x2007e20 .param/l "seven" 8 20, C4<0111>;
P_0x2007e48 .param/l "six" 8 19, C4<0110>;
P_0x2007e70 .param/l "three" 8 16, C4<0011>;
P_0x2007e98 .param/l "two" 8 15, C4<0010>;
P_0x2007ec0 .param/l "zero" 8 13, C4<0000>;
v0x2008310_0 .alias "clk", 0 0, v0x200a5e0_0;
v0x20083d0_0 .var "cout", 0 0;
v0x2008480_0 .var "current", 3 0;
v0x2008500_0 .var "next", 3 0;
v0x20085b0_0 .var "number", 3 0;
v0x2008650_0 .alias "reset", 0 0, v0x200a300_0;
v0x2008710_0 .alias "start_resume", 0 0, v0x200a6b0_0;
v0x20087c0_0 .alias "stop", 0 0, v0x200a7c0_0;
E_0x2007970 .event posedge, v0x2008310_0;
E_0x20082b0 .event edge, v0x2007bc0_0, v0x2007a40_0, v0x2007b20_0, v0x2008480_0;
S_0x20070e0 .scope module, "MIN0" "Mod10Counter" 6 19, 7 3, S_0x2006ff0;
 .timescale 0 0;
P_0x20071d8 .param/l "eight" 7 21, C4<1000>;
P_0x2007200 .param/l "five" 7 18, C4<0101>;
P_0x2007228 .param/l "four" 7 17, C4<0100>;
P_0x2007250 .param/l "nine" 7 22, C4<1001>;
P_0x2007278 .param/l "one" 7 14, C4<0001>;
P_0x20072a0 .param/l "seven" 7 20, C4<0111>;
P_0x20072c8 .param/l "six" 7 19, C4<0110>;
P_0x20072f0 .param/l "three" 7 16, C4<0011>;
P_0x2007318 .param/l "two" 7 15, C4<0010>;
P_0x2007340 .param/l "zero" 7 13, C4<0000>;
v0x20076f0_0 .alias "clk", 0 0, v0x200a200_0;
v0x20077b0_0 .var "cout", 0 0;
v0x2007850_0 .var "current", 3 0;
v0x20078f0_0 .var "next", 3 0;
v0x20079a0_0 .var "number", 3 0;
v0x2007a40_0 .alias "reset", 0 0, v0x200a300_0;
v0x2007b20_0 .alias "start_resume", 0 0, v0x200a6b0_0;
v0x2007bc0_0 .alias "stop", 0 0, v0x200a7c0_0;
E_0x2005670 .event posedge, v0x20076f0_0;
E_0x2007690 .event edge, v0x2007bc0_0, v0x2007a40_0, v0x2007b20_0, v0x2007850_0;
S_0x2003660 .scope module, "watch" "Watch" 3 54, 9 7, S_0x1fd2b80;
 .timescale 0 0;
v0x20065b0_0 .alias "clk", 0 0, v0x200c290_0;
v0x2006650_0 .net "h0clk", 0 0, v0x20054c0_0; 1 drivers
v0x2006720_0 .net "h1clk", 0 0, v0x2004890_0; 1 drivers
v0x20067f0_0 .alias "hr0", 3 0, v0x200be50_0;
v0x2006870_0 .alias "hr1", 3 0, v0x200bf20_0;
v0x2006920_0 .alias "min0", 3 0, v0x200c000_0;
v0x20069a0_0 .alias "min1", 3 0, v0x200c0d0_0;
v0x2006a50_0 .net "min1clk", 0 0, v0x2006150_0; 1 drivers
v0x2006b70_0 .alias "reset", 0 0, v0x200c820_0;
v0x2006c80_0 .alias "setTime", 0 0, v0x200ca00_0;
v0x2006d60_0 .alias "start_resume", 0 0, v0x200c930_0;
v0x2006e70_0 .alias "stop", 0 0, v0x200cb60_0;
S_0x2005a40 .scope module, "Min0" "Mod10Counter" 9 15, 7 3, S_0x2003660;
 .timescale 0 0;
P_0x2005b38 .param/l "eight" 7 21, C4<1000>;
P_0x2005b60 .param/l "five" 7 18, C4<0101>;
P_0x2005b88 .param/l "four" 7 17, C4<0100>;
P_0x2005bb0 .param/l "nine" 7 22, C4<1001>;
P_0x2005bd8 .param/l "one" 7 14, C4<0001>;
P_0x2005c00 .param/l "seven" 7 20, C4<0111>;
P_0x2005c28 .param/l "six" 7 19, C4<0110>;
P_0x2005c50 .param/l "three" 7 16, C4<0011>;
P_0x2005c78 .param/l "two" 7 15, C4<0010>;
P_0x2005ca0 .param/l "zero" 7 13, C4<0000>;
v0x2006090_0 .alias "clk", 0 0, v0x200c290_0;
v0x2006150_0 .var "cout", 0 0;
v0x20061d0_0 .var "current", 3 0;
v0x2006250_0 .var "next", 3 0;
v0x2006300_0 .var "number", 3 0;
v0x20063a0_0 .alias "reset", 0 0, v0x200c820_0;
v0x2006460_0 .alias "start_resume", 0 0, v0x200c930_0;
v0x20064e0_0 .alias "stop", 0 0, v0x200cb60_0;
E_0x2004d50 .event posedge, v0x2006090_0;
E_0x2004c50 .event edge, v0x2003e90_0, v0x2003d10_0, v0x2003df0_0, v0x20061d0_0;
S_0x2004d80 .scope module, "Min1" "Mod6Counter" 9 16, 8 3, S_0x2003660;
 .timescale 0 0;
P_0x2004e78 .param/l "eight" 8 21, C4<1000>;
P_0x2004ea0 .param/l "five" 8 18, C4<0101>;
P_0x2004ec8 .param/l "four" 8 17, C4<0100>;
P_0x2004ef0 .param/l "nine" 8 22, C4<1001>;
P_0x2004f18 .param/l "one" 8 14, C4<0001>;
P_0x2004f40 .param/l "seven" 8 20, C4<0111>;
P_0x2004f68 .param/l "six" 8 19, C4<0110>;
P_0x2004f90 .param/l "three" 8 16, C4<0011>;
P_0x2004fb8 .param/l "two" 8 15, C4<0010>;
P_0x2004fe0 .param/l "zero" 8 13, C4<0000>;
v0x2005400_0 .alias "clk", 0 0, v0x2006a50_0;
v0x20054c0_0 .var "cout", 0 0;
v0x2005570_0 .var "current", 3 0;
v0x20055f0_0 .var "next", 3 0;
v0x20056a0_0 .var "number", 3 0;
v0x2005740_0 .alias "reset", 0 0, v0x200c820_0;
v0x2005850_0 .alias "start_resume", 0 0, v0x200c930_0;
v0x2005920_0 .alias "stop", 0 0, v0x200cb60_0;
E_0x2005350 .event posedge, v0x2005400_0;
E_0x20053a0 .event edge, v0x2003e90_0, v0x2003d10_0, v0x2003df0_0, v0x2005570_0;
S_0x2003f80 .scope module, "Hr0" "Mod13Counter" 9 17, 10 7, S_0x2003660;
 .timescale 0 0;
P_0x2004078 .param/l "eight" 10 25, C4<1000>;
P_0x20040a0 .param/l "eleven" 10 28, C4<1011>;
P_0x20040c8 .param/l "five" 10 22, C4<0101>;
P_0x20040f0 .param/l "four" 10 21, C4<0100>;
P_0x2004118 .param/l "nine" 10 26, C4<1001>;
P_0x2004140 .param/l "one" 10 18, C4<0001>;
P_0x2004168 .param/l "seven" 10 24, C4<0111>;
P_0x2004190 .param/l "six" 10 23, C4<0110>;
P_0x20041b8 .param/l "ten" 10 27, C4<1010>;
P_0x20041e0 .param/l "three" 10 20, C4<0011>;
P_0x2004208 .param/l "twelve" 10 29, C4<1100>;
P_0x2004230 .param/l "two" 10 19, C4<0010>;
P_0x2004258 .param/l "zero" 10 17, C4<0000>;
v0x20047d0_0 .alias "clk", 0 0, v0x2006650_0;
v0x2004890_0 .var "cout", 0 0;
v0x2004940_0 .var "current", 3 0;
v0x20049c0_0 .var "next", 3 0;
v0x2004a70_0 .var "number", 3 0;
v0x2004b10_0 .alias "reset", 0 0, v0x200c820_0;
v0x2004bd0_0 .alias "start_resume", 0 0, v0x200c930_0;
v0x2004c80_0 .alias "stop", 0 0, v0x200cb60_0;
E_0x2003c40 .event posedge, v0x20047d0_0;
E_0x2004770 .event edge, v0x2003e90_0, v0x2003d10_0, v0x2003df0_0, v0x2004940_0;
S_0x2003750 .scope module, "Hr1" "Mod2Counter" 9 18, 11 3, S_0x2003660;
 .timescale 0 0;
P_0x2003848 .param/l "one" 11 14, C4<0001>;
P_0x2003870 .param/l "zero" 11 13, C4<0000>;
v0x20039c0_0 .alias "clk", 0 0, v0x2006720_0;
v0x2003a80_0 .var "cout", 0 0;
v0x2003b20_0 .var "current", 3 0;
v0x2003bc0_0 .var "next", 3 0;
v0x2003c70_0 .var "number", 3 0;
v0x2003d10_0 .alias "reset", 0 0, v0x200c820_0;
v0x2003df0_0 .alias "start_resume", 0 0, v0x200c930_0;
v0x2003e90_0 .alias "stop", 0 0, v0x200cb60_0;
E_0x2003360 .event posedge, v0x20039c0_0;
E_0x2003960 .event edge, v0x2003e90_0, v0x2003d10_0, v0x2003df0_0, v0x2003b20_0;
S_0x2002fb0 .scope module, "first" "SevenSegDecoder" 3 61, 12 1, S_0x1fd2b80;
 .timescale 0 0;
v0x20030e0_0 .var "A", 0 0;
v0x20031a0_0 .var "B", 0 0;
v0x2003240_0 .var "C", 0 0;
v0x20032e0_0 .var "D", 0 0;
v0x2003390_0 .var "E", 0 0;
v0x2003430_0 .var "F", 0 0;
v0x20034d0_0 .var "G", 0 0;
v0x2003570_0 .net "number", 3 0, v0x200c770_0; 1 drivers
E_0x2002cb0 .event edge, v0x2003570_0;
S_0x2002900 .scope module, "second" "SevenSegDecoder" 3 64, 12 1, S_0x1fd2b80;
 .timescale 0 0;
v0x2002a30_0 .var "A", 0 0;
v0x2002af0_0 .var "B", 0 0;
v0x2002b90_0 .var "C", 0 0;
v0x2002c30_0 .var "D", 0 0;
v0x2002ce0_0 .var "E", 0 0;
v0x2002d80_0 .var "F", 0 0;
v0x2002e20_0 .var "G", 0 0;
v0x2002ec0_0 .net "number", 3 0, v0x200c5a0_0; 1 drivers
E_0x2002600 .event edge, v0x2002ec0_0;
S_0x2002250 .scope module, "third" "SevenSegDecoder" 3 67, 12 1, S_0x1fd2b80;
 .timescale 0 0;
v0x2002380_0 .var "A", 0 0;
v0x2002440_0 .var "B", 0 0;
v0x20024e0_0 .var "C", 0 0;
v0x2002580_0 .var "D", 0 0;
v0x2002630_0 .var "E", 0 0;
v0x20026d0_0 .var "F", 0 0;
v0x2002770_0 .var "G", 0 0;
v0x2002810_0 .net "number", 3 0, v0x200c640_0; 1 drivers
E_0x2001f10 .event edge, v0x2002810_0;
S_0x1fe6c80 .scope module, "fourth" "SevenSegDecoder" 3 70, 12 1, S_0x1fd2b80;
 .timescale 0 0;
v0x1f7bd80_0 .var "A", 0 0;
v0x2001d50_0 .var "B", 0 0;
v0x2001df0_0 .var "C", 0 0;
v0x2001e90_0 .var "D", 0 0;
v0x2001f40_0 .var "E", 0 0;
v0x2001fe0_0 .var "F", 0 0;
v0x20020c0_0 .var "G", 0 0;
v0x2002160_0 .net "number", 3 0, v0x200c490_0; 1 drivers
E_0x1fb7730 .event edge, v0x2002160_0;
    .scope S_0x200b140;
T_0 ;
    %wait E_0x200b290;
    %load/v 8, v0x200b770_0, 1;
    %mov 9, 0, 2;
    %cmpi/u 8, 1, 3;
    %jmp/0xz  T_0.0, 4;
    %ix/load 0, 2, 0;
    %assign/v0 v0x200b3a0_0, 0, 0;
    %ix/load 0, 1, 0;
    %assign/v0 v0x200b2e0_0, 0, 0;
    %ix/load 0, 4, 0;
    %assign/v0 v0x200b4e0_0, 0, 0;
    %ix/load 0, 4, 0;
    %assign/v0 v0x200b440_0, 0, 0;
    %ix/load 0, 4, 0;
    %assign/v0 v0x200b630_0, 0, 0;
    %ix/load 0, 4, 0;
    %assign/v0 v0x200b590_0, 0, 0;
    %jmp T_0.1;
T_0.0 ;
    %load/v 8, v0x200b3a0_0, 2;
    %mov 10, 0, 2;
    %cmpi/u 8, 3, 4;
    %mov 8, 4, 1;
    %load/v 9, v0x200b2e0_0, 1;
    %mov 10, 0, 2;
    %cmpi/u 9, 1, 3;
    %mov 9, 4, 1;
    %and 8, 9, 1;
    %jmp/0xz  T_0.2, 8;
    %load/v 8, v0x200b4e0_0, 4;
    %mov 12, 0, 28;
    %addi 8, 1, 32;
    %movi 40, 2, 32;
    %mod 8, 40, 32;
    %ix/load 0, 4, 0;
    %assign/v0 v0x200b4e0_0, 0, 8;
    %jmp T_0.3;
T_0.2 ;
    %load/v 8, v0x200b3a0_0, 2;
    %mov 10, 0, 2;
    %cmpi/u 8, 2, 4;
    %mov 8, 4, 1;
    %load/v 9, v0x200b2e0_0, 1;
    %mov 10, 0, 2;
    %cmpi/u 9, 1, 3;
    %mov 9, 4, 1;
    %and 8, 9, 1;
    %jmp/0xz  T_0.4, 8;
    %load/v 8, v0x200b440_0, 4;
    %mov 12, 0, 28;
    %addi 8, 1, 32;
    %movi 40, 10, 32;
    %mod 8, 40, 32;
    %ix/load 0, 4, 0;
    %assign/v0 v0x200b440_0, 0, 8;
    %jmp T_0.5;
T_0.4 ;
    %load/v 8, v0x200b3a0_0, 2;
    %mov 10, 0, 1;
    %cmpi/u 8, 1, 3;
    %mov 8, 4, 1;
    %load/v 9, v0x200b2e0_0, 1;
    %mov 10, 0, 2;
    %cmpi/u 9, 1, 3;
    %mov 9, 4, 1;
    %and 8, 9, 1;
    %jmp/0xz  T_0.6, 8;
    %load/v 8, v0x200b630_0, 4;
    %mov 12, 0, 28;
    %addi 8, 1, 32;
    %movi 40, 6, 32;
    %mod 8, 40, 32;
    %ix/load 0, 4, 0;
    %assign/v0 v0x200b630_0, 0, 8;
    %jmp T_0.7;
T_0.6 ;
    %load/v 8, v0x200b3a0_0, 2;
    %mov 10, 0, 1;
    %cmpi/u 8, 0, 3;
    %mov 8, 4, 1;
    %load/v 9, v0x200b2e0_0, 1;
    %mov 10, 0, 2;
    %cmpi/u 9, 1, 3;
    %mov 9, 4, 1;
    %and 8, 9, 1;
    %jmp/0xz  T_0.8, 8;
    %load/v 8, v0x200b590_0, 4;
    %mov 12, 0, 28;
    %addi 8, 1, 32;
    %movi 40, 10, 32;
    %mod 8, 40, 32;
    %ix/load 0, 4, 0;
    %assign/v0 v0x200b590_0, 0, 8;
T_0.8 ;
T_0.7 ;
T_0.5 ;
T_0.3 ;
T_0.1 ;
    %jmp T_0;
    .thread T_0;
    .scope S_0x200b140;
T_1 ;
    %wait E_0x20062d0;
    %load/v 8, v0x200b3a0_0, 2;
    %mov 10, 0, 2;
    %cmpi/u 8, 3, 4;
    %jmp/0xz  T_1.0, 4;
    %ix/load 0, 2, 0;
    %assign/v0 v0x200b3a0_0, 0, 0;
    %jmp T_1.1;
T_1.0 ;
    %load/v 8, v0x200b3a0_0, 2;
    %mov 10, 0, 30;
    %addi 8, 1, 32;
    %ix/load 0, 2, 0;
    %assign/v0 v0x200b3a0_0, 0, 8;
T_1.1 ;
    %jmp T_1;
    .thread T_1;
    .scope S_0x200b140;
T_2 ;
    %wait E_0x200abc0;
    %load/v 8, v0x200b2e0_0, 1;
    %inv 8, 1;
    %ix/load 0, 1, 0;
    %assign/v0 v0x200b2e0_0, 0, 8;
    %jmp T_2;
    .thread T_2;
    .scope S_0x200a8d0;
T_3 ;
    %wait E_0x2009030;
    %load/v 8, v0x200af90_0, 4;
    %load/v 12, v0x200acf0_0, 4;
    %cmp/u 8, 12, 4;
    %mov 8, 4, 1;
    %load/v 9, v0x200b030_0, 4;
    %load/v 13, v0x200ad70_0, 4;
    %cmp/u 9, 13, 4;
    %mov 9, 4, 1;
    %and 8, 9, 1;
    %load/v 9, v0x200adf0_0, 4;
    %load/v 13, v0x200abf0_0, 4;
    %cmp/u 9, 13, 4;
    %mov 9, 4, 1;
    %and 8, 9, 1;
    %load/v 9, v0x200ae90_0, 4;
    %load/v 13, v0x200ac70_0, 4;
    %cmp/u 9, 13, 4;
    %mov 9, 4, 1;
    %and 8, 9, 1;
    %jmp/0xz  T_3.0, 8;
    %set/v v0x200a9c0_0, 1, 1;
    %jmp T_3.1;
T_3.0 ;
    %set/v v0x200a9c0_0, 0, 1;
T_3.1 ;
    %jmp T_3;
    .thread T_3, $push;
    .scope S_0x200a8d0;
T_4 ;
    %wait E_0x2004d50;
    %load/v 8, v0x200aa40_0, 1;
    %mov 9, 0, 2;
    %cmpi/u 8, 1, 3;
    %jmp/0xz  T_4.0, 4;
    %ix/load 0, 4, 0;
    %assign/v0 v0x200af90_0, 0, 0;
    %ix/load 0, 4, 0;
    %assign/v0 v0x200b030_0, 0, 0;
    %ix/load 0, 4, 0;
    %assign/v0 v0x200adf0_0, 0, 0;
    %ix/load 0, 4, 0;
    %assign/v0 v0x200ae90_0, 0, 0;
    %jmp T_4.1;
T_4.0 ;
    %load/v 8, v0x200aac0_0, 1;
    %mov 9, 0, 2;
    %cmpi/u 8, 1, 3;
    %jmp/0xz  T_4.2, 4;
    %load/v 8, v0x200acf0_0, 4;
    %ix/load 0, 4, 0;
    %assign/v0 v0x200af90_0, 0, 8;
    %load/v 8, v0x200ad70_0, 4;
    %ix/load 0, 4, 0;
    %assign/v0 v0x200b030_0, 0, 8;
    %load/v 8, v0x200abf0_0, 4;
    %ix/load 0, 4, 0;
    %assign/v0 v0x200adf0_0, 0, 8;
    %load/v 8, v0x200ac70_0, 4;
    %ix/load 0, 4, 0;
    %assign/v0 v0x200ae90_0, 0, 8;
T_4.2 ;
T_4.1 ;
    %jmp T_4;
    .thread T_4;
    .scope S_0x2009490;
T_5 ;
    %wait E_0x2008790;
    %load/v 8, v0x2009eb0_0, 1;
    %mov 9, 0, 2;
    %cmpi/u 8, 1, 3;
    %mov 8, 4, 1;
    %load/v 9, v0x2009c20_0, 4;
    %mov 13, 0, 1;
    %cmpi/u 9, 9, 5;
    %inv 4, 1;
    %mov 9, 4, 1;
    %and 8, 9, 1;
    %jmp/0xz  T_5.0, 8;
    %load/v 8, v0x2009c20_0, 4;
    %mov 12, 0, 1;
    %cmpi/u 8, 0, 5;
    %jmp/0xz  T_5.2, 4;
    %set/v v0x2009ba0_0, 1, 1;
    %jmp T_5.3;
T_5.2 ;
    %set/v v0x2009ba0_0, 0, 1;
T_5.3 ;
    %load/v 8, v0x2009c20_0, 4;
    %mov 12, 0, 28;
    %addi 8, 1, 32;
    %set/v v0x2009ca0_0, 8, 4;
    %load/v 8, v0x2009c20_0, 4;
    %set/v v0x2009d50_0, 8, 4;
    %jmp T_5.1;
T_5.0 ;
    %load/v 8, v0x2009eb0_0, 1;
    %mov 9, 0, 1;
    %cmpi/u 8, 0, 2;
    %jmp/0xz  T_5.4, 4;
    %set/v v0x2009ba0_0, 0, 1;
    %load/v 8, v0x2009c20_0, 4;
    %set/v v0x2009ca0_0, 8, 4;
    %load/v 8, v0x2009c20_0, 4;
    %set/v v0x2009d50_0, 8, 4;
    %jmp T_5.5;
T_5.4 ;
    %load/v 8, v0x2009f30_0, 1;
    %mov 9, 0, 2;
    %cmpi/u 8, 1, 3;
    %jmp/0xz  T_5.6, 4;
    %set/v v0x2009ba0_0, 0, 1;
    %load/v 8, v0x2009c20_0, 4;
    %set/v v0x2009ca0_0, 8, 4;
    %load/v 8, v0x2009c20_0, 4;
    %set/v v0x2009d50_0, 8, 4;
    %jmp T_5.7;
T_5.6 ;
    %load/v 8, v0x2009df0_0, 1;
    %mov 9, 0, 2;
    %cmpi/u 8, 1, 3;
    %jmp/0xz  T_5.8, 4;
    %set/v v0x2009ba0_0, 0, 1;
    %set/v v0x2009ca0_0, 0, 4;
    %load/v 8, v0x2009c20_0, 4;
    %set/v v0x2009d50_0, 8, 4;
T_5.8 ;
T_5.7 ;
T_5.5 ;
T_5.1 ;
    %load/v 8, v0x2009c20_0, 4;
    %mov 12, 0, 1;
    %cmpi/u 8, 9, 5;
    %jmp/0xz  T_5.10, 4;
    %set/v v0x2009ca0_0, 0, 4;
    %set/v v0x2009ba0_0, 0, 1;
    %load/v 8, v0x2009c20_0, 4;
    %set/v v0x2009d50_0, 8, 4;
T_5.10 ;
    %jmp T_5;
    .thread T_5, $push;
    .scope S_0x2009490;
T_6 ;
    %wait E_0x2008840;
    %load/v 8, v0x2009df0_0, 1;
    %mov 9, 0, 2;
    %cmpi/u 8, 1, 3;
    %jmp/0xz  T_6.0, 4;
    %ix/load 0, 4, 0;
    %assign/v0 v0x2009c20_0, 0, 0;
    %jmp T_6.1;
T_6.0 ;
    %load/v 8, v0x2009ca0_0, 4;
    %ix/load 0, 4, 0;
    %assign/v0 v0x2009c20_0, 0, 8;
T_6.1 ;
    %jmp T_6;
    .thread T_6;
    .scope S_0x2008870;
T_7 ;
    %wait E_0x2008e90;
    %load/v 8, v0x20092f0_0, 1;
    %mov 9, 0, 2;
    %cmpi/u 8, 1, 3;
    %mov 8, 4, 1;
    %load/v 9, v0x2009060_0, 4;
    %mov 13, 0, 1;
    %cmpi/u 9, 9, 5;
    %inv 4, 1;
    %mov 9, 4, 1;
    %and 8, 9, 1;
    %jmp/0xz  T_7.0, 8;
    %load/v 8, v0x2009060_0, 4;
    %mov 12, 0, 1;
    %cmpi/u 8, 0, 5;
    %jmp/0xz  T_7.2, 4;
    %set/v v0x2008fb0_0, 1, 1;
    %jmp T_7.3;
T_7.2 ;
    %set/v v0x2008fb0_0, 0, 1;
T_7.3 ;
    %load/v 8, v0x2009060_0, 4;
    %mov 12, 0, 28;
    %addi 8, 1, 32;
    %set/v v0x20090e0_0, 8, 4;
    %load/v 8, v0x2009060_0, 4;
    %set/v v0x2009190_0, 8, 4;
    %jmp T_7.1;
T_7.0 ;
    %load/v 8, v0x20092f0_0, 1;
    %mov 9, 0, 1;
    %cmpi/u 8, 0, 2;
    %jmp/0xz  T_7.4, 4;
    %set/v v0x2008fb0_0, 0, 1;
    %load/v 8, v0x2009060_0, 4;
    %set/v v0x20090e0_0, 8, 4;
    %load/v 8, v0x2009060_0, 4;
    %set/v v0x2009190_0, 8, 4;
    %jmp T_7.5;
T_7.4 ;
    %load/v 8, v0x2009370_0, 1;
    %mov 9, 0, 2;
    %cmpi/u 8, 1, 3;
    %jmp/0xz  T_7.6, 4;
    %set/v v0x2008fb0_0, 0, 1;
    %load/v 8, v0x2009060_0, 4;
    %set/v v0x20090e0_0, 8, 4;
    %load/v 8, v0x2009060_0, 4;
    %set/v v0x2009190_0, 8, 4;
    %jmp T_7.7;
T_7.6 ;
    %load/v 8, v0x2009230_0, 1;
    %mov 9, 0, 2;
    %cmpi/u 8, 1, 3;
    %jmp/0xz  T_7.8, 4;
    %set/v v0x2008fb0_0, 0, 1;
    %set/v v0x20090e0_0, 0, 4;
    %load/v 8, v0x2009060_0, 4;
    %set/v v0x2009190_0, 8, 4;
T_7.8 ;
T_7.7 ;
T_7.5 ;
T_7.1 ;
    %load/v 8, v0x2009060_0, 4;
    %mov 12, 0, 1;
    %cmpi/u 8, 9, 5;
    %jmp/0xz  T_7.10, 4;
    %set/v v0x20090e0_0, 0, 4;
    %set/v v0x2008fb0_0, 0, 1;
    %load/v 8, v0x2009060_0, 4;
    %set/v v0x2009190_0, 8, 4;
T_7.10 ;
    %jmp T_7;
    .thread T_7, $push;
    .scope S_0x2008870;
T_8 ;
    %wait E_0x2008e40;
    %load/v 8, v0x2009230_0, 1;
    %mov 9, 0, 2;
    %cmpi/u 8, 1, 3;
    %jmp/0xz  T_8.0, 4;
    %ix/load 0, 4, 0;
    %assign/v0 v0x2009060_0, 0, 0;
    %jmp T_8.1;
T_8.0 ;
    %load/v 8, v0x20090e0_0, 4;
    %ix/load 0, 4, 0;
    %assign/v0 v0x2009060_0, 0, 8;
T_8.1 ;
    %jmp T_8;
    .thread T_8;
    .scope S_0x2007c60;
T_9 ;
    %wait E_0x20082b0;
    %load/v 8, v0x2008710_0, 1;
    %mov 9, 0, 2;
    %cmpi/u 8, 1, 3;
    %mov 8, 4, 1;
    %load/v 9, v0x2008480_0, 4;
    %mov 13, 0, 1;
    %cmpi/u 9, 9, 5;
    %inv 4, 1;
    %mov 9, 4, 1;
    %and 8, 9, 1;
    %jmp/0xz  T_9.0, 8;
    %load/v 8, v0x2008480_0, 4;
    %mov 12, 0, 1;
    %cmpi/u 8, 0, 5;
    %jmp/0xz  T_9.2, 4;
    %set/v v0x20083d0_0, 1, 1;
    %jmp T_9.3;
T_9.2 ;
    %set/v v0x20083d0_0, 0, 1;
T_9.3 ;
    %load/v 8, v0x2008480_0, 4;
    %mov 12, 0, 28;
    %addi 8, 1, 32;
    %set/v v0x2008500_0, 8, 4;
    %load/v 8, v0x2008480_0, 4;
    %set/v v0x20085b0_0, 8, 4;
    %jmp T_9.1;
T_9.0 ;
    %load/v 8, v0x2008710_0, 1;
    %mov 9, 0, 1;
    %cmpi/u 8, 0, 2;
    %jmp/0xz  T_9.4, 4;
    %set/v v0x20083d0_0, 0, 1;
    %load/v 8, v0x2008480_0, 4;
    %set/v v0x2008500_0, 8, 4;
    %load/v 8, v0x2008480_0, 4;
    %set/v v0x20085b0_0, 8, 4;
    %jmp T_9.5;
T_9.4 ;
    %load/v 8, v0x20087c0_0, 1;
    %mov 9, 0, 2;
    %cmpi/u 8, 1, 3;
    %jmp/0xz  T_9.6, 4;
    %set/v v0x20083d0_0, 0, 1;
    %load/v 8, v0x2008480_0, 4;
    %set/v v0x2008500_0, 8, 4;
    %load/v 8, v0x2008480_0, 4;
    %set/v v0x20085b0_0, 8, 4;
    %jmp T_9.7;
T_9.6 ;
    %load/v 8, v0x2008650_0, 1;
    %mov 9, 0, 2;
    %cmpi/u 8, 1, 3;
    %jmp/0xz  T_9.8, 4;
    %set/v v0x20083d0_0, 0, 1;
    %set/v v0x2008500_0, 0, 4;
    %load/v 8, v0x2008480_0, 4;
    %set/v v0x20085b0_0, 8, 4;
T_9.8 ;
T_9.7 ;
T_9.5 ;
T_9.1 ;
    %load/v 8, v0x2008480_0, 4;
    %mov 12, 0, 1;
    %cmpi/u 8, 5, 5;
    %jmp/0xz  T_9.10, 4;
    %set/v v0x2008500_0, 0, 4;
    %set/v v0x20083d0_0, 0, 1;
    %load/v 8, v0x2008480_0, 4;
    %set/v v0x20085b0_0, 8, 4;
T_9.10 ;
    %jmp T_9;
    .thread T_9, $push;
    .scope S_0x2007c60;
T_10 ;
    %wait E_0x2007970;
    %load/v 8, v0x2008650_0, 1;
    %mov 9, 0, 2;
    %cmpi/u 8, 1, 3;
    %jmp/0xz  T_10.0, 4;
    %ix/load 0, 4, 0;
    %assign/v0 v0x2008480_0, 0, 0;
    %jmp T_10.1;
T_10.0 ;
    %load/v 8, v0x2008500_0, 4;
    %ix/load 0, 4, 0;
    %assign/v0 v0x2008480_0, 0, 8;
T_10.1 ;
    %jmp T_10;
    .thread T_10;
    .scope S_0x20070e0;
T_11 ;
    %wait E_0x2007690;
    %load/v 8, v0x2007b20_0, 1;
    %mov 9, 0, 2;
    %cmpi/u 8, 1, 3;
    %mov 8, 4, 1;
    %load/v 9, v0x2007850_0, 4;
    %mov 13, 0, 1;
    %cmpi/u 9, 9, 5;
    %inv 4, 1;
    %mov 9, 4, 1;
    %and 8, 9, 1;
    %jmp/0xz  T_11.0, 8;
    %load/v 8, v0x2007850_0, 4;
    %mov 12, 0, 1;
    %cmpi/u 8, 0, 5;
    %jmp/0xz  T_11.2, 4;
    %set/v v0x20077b0_0, 1, 1;
    %jmp T_11.3;
T_11.2 ;
    %set/v v0x20077b0_0, 0, 1;
T_11.3 ;
    %load/v 8, v0x2007850_0, 4;
    %mov 12, 0, 28;
    %addi 8, 1, 32;
    %set/v v0x20078f0_0, 8, 4;
    %load/v 8, v0x2007850_0, 4;
    %set/v v0x20079a0_0, 8, 4;
    %jmp T_11.1;
T_11.0 ;
    %load/v 8, v0x2007b20_0, 1;
    %mov 9, 0, 1;
    %cmpi/u 8, 0, 2;
    %jmp/0xz  T_11.4, 4;
    %set/v v0x20077b0_0, 0, 1;
    %load/v 8, v0x2007850_0, 4;
    %set/v v0x20078f0_0, 8, 4;
    %load/v 8, v0x2007850_0, 4;
    %set/v v0x20079a0_0, 8, 4;
    %jmp T_11.5;
T_11.4 ;
    %load/v 8, v0x2007bc0_0, 1;
    %mov 9, 0, 2;
    %cmpi/u 8, 1, 3;
    %jmp/0xz  T_11.6, 4;
    %set/v v0x20077b0_0, 0, 1;
    %load/v 8, v0x2007850_0, 4;
    %set/v v0x20078f0_0, 8, 4;
    %load/v 8, v0x2007850_0, 4;
    %set/v v0x20079a0_0, 8, 4;
    %jmp T_11.7;
T_11.6 ;
    %load/v 8, v0x2007a40_0, 1;
    %mov 9, 0, 2;
    %cmpi/u 8, 1, 3;
    %jmp/0xz  T_11.8, 4;
    %set/v v0x20077b0_0, 0, 1;
    %set/v v0x20078f0_0, 0, 4;
    %load/v 8, v0x2007850_0, 4;
    %set/v v0x20079a0_0, 8, 4;
T_11.8 ;
T_11.7 ;
T_11.5 ;
T_11.1 ;
    %load/v 8, v0x2007850_0, 4;
    %mov 12, 0, 1;
    %cmpi/u 8, 9, 5;
    %jmp/0xz  T_11.10, 4;
    %set/v v0x20078f0_0, 0, 4;
    %set/v v0x20077b0_0, 0, 1;
    %load/v 8, v0x2007850_0, 4;
    %set/v v0x20079a0_0, 8, 4;
T_11.10 ;
    %jmp T_11;
    .thread T_11, $push;
    .scope S_0x20070e0;
T_12 ;
    %wait E_0x2005670;
    %load/v 8, v0x2007a40_0, 1;
    %mov 9, 0, 2;
    %cmpi/u 8, 1, 3;
    %jmp/0xz  T_12.0, 4;
    %ix/load 0, 4, 0;
    %assign/v0 v0x2007850_0, 0, 0;
    %jmp T_12.1;
T_12.0 ;
    %load/v 8, v0x20078f0_0, 4;
    %ix/load 0, 4, 0;
    %assign/v0 v0x2007850_0, 0, 8;
T_12.1 ;
    %jmp T_12;
    .thread T_12;
    .scope S_0x2005a40;
T_13 ;
    %wait E_0x2004c50;
    %load/v 8, v0x2006460_0, 1;
    %mov 9, 0, 2;
    %cmpi/u 8, 1, 3;
    %mov 8, 4, 1;
    %load/v 9, v0x20061d0_0, 4;
    %mov 13, 0, 1;
    %cmpi/u 9, 9, 5;
    %inv 4, 1;
    %mov 9, 4, 1;
    %and 8, 9, 1;
    %jmp/0xz  T_13.0, 8;
    %load/v 8, v0x20061d0_0, 4;
    %mov 12, 0, 1;
    %cmpi/u 8, 0, 5;
    %jmp/0xz  T_13.2, 4;
    %set/v v0x2006150_0, 1, 1;
    %jmp T_13.3;
T_13.2 ;
    %set/v v0x2006150_0, 0, 1;
T_13.3 ;
    %load/v 8, v0x20061d0_0, 4;
    %mov 12, 0, 28;
    %addi 8, 1, 32;
    %set/v v0x2006250_0, 8, 4;
    %load/v 8, v0x20061d0_0, 4;
    %set/v v0x2006300_0, 8, 4;
    %jmp T_13.1;
T_13.0 ;
    %load/v 8, v0x2006460_0, 1;
    %mov 9, 0, 1;
    %cmpi/u 8, 0, 2;
    %jmp/0xz  T_13.4, 4;
    %set/v v0x2006150_0, 0, 1;
    %load/v 8, v0x20061d0_0, 4;
    %set/v v0x2006250_0, 8, 4;
    %load/v 8, v0x20061d0_0, 4;
    %set/v v0x2006300_0, 8, 4;
    %jmp T_13.5;
T_13.4 ;
    %load/v 8, v0x20064e0_0, 1;
    %mov 9, 0, 2;
    %cmpi/u 8, 1, 3;
    %jmp/0xz  T_13.6, 4;
    %set/v v0x2006150_0, 0, 1;
    %load/v 8, v0x20061d0_0, 4;
    %set/v v0x2006250_0, 8, 4;
    %load/v 8, v0x20061d0_0, 4;
    %set/v v0x2006300_0, 8, 4;
    %jmp T_13.7;
T_13.6 ;
    %load/v 8, v0x20063a0_0, 1;
    %mov 9, 0, 2;
    %cmpi/u 8, 1, 3;
    %jmp/0xz  T_13.8, 4;
    %set/v v0x2006150_0, 0, 1;
    %set/v v0x2006250_0, 0, 4;
    %load/v 8, v0x20061d0_0, 4;
    %set/v v0x2006300_0, 8, 4;
T_13.8 ;
T_13.7 ;
T_13.5 ;
T_13.1 ;
    %load/v 8, v0x20061d0_0, 4;
    %mov 12, 0, 1;
    %cmpi/u 8, 9, 5;
    %jmp/0xz  T_13.10, 4;
    %set/v v0x2006250_0, 0, 4;
    %set/v v0x2006150_0, 0, 1;
    %load/v 8, v0x20061d0_0, 4;
    %set/v v0x2006300_0, 8, 4;
T_13.10 ;
    %jmp T_13;
    .thread T_13, $push;
    .scope S_0x2005a40;
T_14 ;
    %wait E_0x2004d50;
    %load/v 8, v0x20063a0_0, 1;
    %mov 9, 0, 2;
    %cmpi/u 8, 1, 3;
    %jmp/0xz  T_14.0, 4;
    %ix/load 0, 4, 0;
    %assign/v0 v0x20061d0_0, 0, 0;
    %jmp T_14.1;
T_14.0 ;
    %load/v 8, v0x2006250_0, 4;
    %ix/load 0, 4, 0;
    %assign/v0 v0x20061d0_0, 0, 8;
T_14.1 ;
    %jmp T_14;
    .thread T_14;
    .scope S_0x2004d80;
T_15 ;
    %wait E_0x20053a0;
    %load/v 8, v0x2005850_0, 1;
    %mov 9, 0, 2;
    %cmpi/u 8, 1, 3;
    %mov 8, 4, 1;
    %load/v 9, v0x2005570_0, 4;
    %mov 13, 0, 1;
    %cmpi/u 9, 9, 5;
    %inv 4, 1;
    %mov 9, 4, 1;
    %and 8, 9, 1;
    %jmp/0xz  T_15.0, 8;
    %load/v 8, v0x2005570_0, 4;
    %mov 12, 0, 1;
    %cmpi/u 8, 0, 5;
    %jmp/0xz  T_15.2, 4;
    %set/v v0x20054c0_0, 1, 1;
    %jmp T_15.3;
T_15.2 ;
    %set/v v0x20054c0_0, 0, 1;
T_15.3 ;
    %load/v 8, v0x2005570_0, 4;
    %mov 12, 0, 28;
    %addi 8, 1, 32;
    %set/v v0x20055f0_0, 8, 4;
    %load/v 8, v0x2005570_0, 4;
    %set/v v0x20056a0_0, 8, 4;
    %jmp T_15.1;
T_15.0 ;
    %load/v 8, v0x2005850_0, 1;
    %mov 9, 0, 1;
    %cmpi/u 8, 0, 2;
    %jmp/0xz  T_15.4, 4;
    %set/v v0x20054c0_0, 0, 1;
    %load/v 8, v0x2005570_0, 4;
    %set/v v0x20055f0_0, 8, 4;
    %load/v 8, v0x2005570_0, 4;
    %set/v v0x20056a0_0, 8, 4;
    %jmp T_15.5;
T_15.4 ;
    %load/v 8, v0x2005920_0, 1;
    %mov 9, 0, 2;
    %cmpi/u 8, 1, 3;
    %jmp/0xz  T_15.6, 4;
    %set/v v0x20054c0_0, 0, 1;
    %load/v 8, v0x2005570_0, 4;
    %set/v v0x20055f0_0, 8, 4;
    %load/v 8, v0x2005570_0, 4;
    %set/v v0x20056a0_0, 8, 4;
    %jmp T_15.7;
T_15.6 ;
    %load/v 8, v0x2005740_0, 1;
    %mov 9, 0, 2;
    %cmpi/u 8, 1, 3;
    %jmp/0xz  T_15.8, 4;
    %set/v v0x20054c0_0, 0, 1;
    %set/v v0x20055f0_0, 0, 4;
    %load/v 8, v0x2005570_0, 4;
    %set/v v0x20056a0_0, 8, 4;
T_15.8 ;
T_15.7 ;
T_15.5 ;
T_15.1 ;
    %load/v 8, v0x2005570_0, 4;
    %mov 12, 0, 1;
    %cmpi/u 8, 5, 5;
    %jmp/0xz  T_15.10, 4;
    %set/v v0x20055f0_0, 0, 4;
    %set/v v0x20054c0_0, 0, 1;
    %load/v 8, v0x2005570_0, 4;
    %set/v v0x20056a0_0, 8, 4;
T_15.10 ;
    %jmp T_15;
    .thread T_15, $push;
    .scope S_0x2004d80;
T_16 ;
    %wait E_0x2005350;
    %load/v 8, v0x2005740_0, 1;
    %mov 9, 0, 2;
    %cmpi/u 8, 1, 3;
    %jmp/0xz  T_16.0, 4;
    %ix/load 0, 4, 0;
    %assign/v0 v0x2005570_0, 0, 0;
    %jmp T_16.1;
T_16.0 ;
    %load/v 8, v0x20055f0_0, 4;
    %ix/load 0, 4, 0;
    %assign/v0 v0x2005570_0, 0, 8;
T_16.1 ;
    %jmp T_16;
    .thread T_16;
    .scope S_0x2003f80;
T_17 ;
    %wait E_0x2004770;
    %load/v 8, v0x2004bd0_0, 1;
    %mov 9, 0, 2;
    %cmpi/u 8, 1, 3;
    %mov 8, 4, 1;
    %load/v 9, v0x2004940_0, 4;
    %mov 13, 0, 1;
    %cmpi/u 9, 12, 5;
    %inv 4, 1;
    %mov 9, 4, 1;
    %and 8, 9, 1;
    %jmp/0xz  T_17.0, 8;
    %load/v 8, v0x2004940_0, 4;
    %mov 12, 0, 1;
    %cmpi/u 8, 0, 5;
    %jmp/0xz  T_17.2, 4;
    %set/v v0x2004890_0, 1, 1;
    %jmp T_17.3;
T_17.2 ;
    %set/v v0x2004890_0, 0, 1;
T_17.3 ;
    %load/v 8, v0x2004940_0, 4;
    %mov 12, 0, 28;
    %addi 8, 1, 32;
    %set/v v0x20049c0_0, 8, 4;
    %load/v 8, v0x2004940_0, 4;
    %mov 12, 0, 1;
    %movi 13, 10, 5;
    %mod 8, 13, 5;
    %set/v v0x2004a70_0, 8, 4;
    %jmp T_17.1;
T_17.0 ;
    %load/v 8, v0x2004bd0_0, 1;
    %mov 9, 0, 1;
    %cmpi/u 8, 0, 2;
    %jmp/0xz  T_17.4, 4;
    %set/v v0x2004890_0, 0, 1;
    %load/v 8, v0x2004940_0, 4;
    %set/v v0x20049c0_0, 8, 4;
    %load/v 8, v0x2004940_0, 4;
    %mov 12, 0, 1;
    %movi 13, 10, 5;
    %mod 8, 13, 5;
    %set/v v0x2004a70_0, 8, 4;
    %jmp T_17.5;
T_17.4 ;
    %load/v 8, v0x2004c80_0, 1;
    %mov 9, 0, 2;
    %cmpi/u 8, 1, 3;
    %jmp/0xz  T_17.6, 4;
    %set/v v0x2004890_0, 0, 1;
    %load/v 8, v0x2004940_0, 4;
    %set/v v0x20049c0_0, 8, 4;
    %load/v 8, v0x2004940_0, 4;
    %mov 12, 0, 1;
    %movi 13, 10, 5;
    %mod 8, 13, 5;
    %set/v v0x2004a70_0, 8, 4;
    %jmp T_17.7;
T_17.6 ;
    %load/v 8, v0x2004b10_0, 1;
    %mov 9, 0, 2;
    %cmpi/u 8, 1, 3;
    %jmp/0xz  T_17.8, 4;
    %set/v v0x2004890_0, 0, 1;
    %set/v v0x20049c0_0, 0, 4;
    %load/v 8, v0x2004940_0, 4;
    %mov 12, 0, 1;
    %movi 13, 10, 5;
    %mod 8, 13, 5;
    %set/v v0x2004a70_0, 8, 4;
T_17.8 ;
T_17.7 ;
T_17.5 ;
T_17.1 ;
    %load/v 8, v0x2004940_0, 4;
    %mov 12, 0, 1;
    %cmpi/u 8, 12, 5;
    %jmp/0xz  T_17.10, 4;
    %set/v v0x20049c0_0, 0, 4;
    %set/v v0x2004890_0, 0, 1;
    %load/v 8, v0x2004940_0, 4;
    %mov 12, 0, 1;
    %movi 13, 10, 5;
    %mod 8, 13, 5;
    %set/v v0x2004a70_0, 8, 4;
T_17.10 ;
    %jmp T_17;
    .thread T_17, $push;
    .scope S_0x2003f80;
T_18 ;
    %wait E_0x2003c40;
    %load/v 8, v0x2004b10_0, 1;
    %mov 9, 0, 2;
    %cmpi/u 8, 1, 3;
    %jmp/0xz  T_18.0, 4;
    %ix/load 0, 4, 0;
    %assign/v0 v0x2004940_0, 0, 0;
    %jmp T_18.1;
T_18.0 ;
    %load/v 8, v0x20049c0_0, 4;
    %ix/load 0, 4, 0;
    %assign/v0 v0x2004940_0, 0, 8;
T_18.1 ;
    %jmp T_18;
    .thread T_18;
    .scope S_0x2003750;
T_19 ;
    %wait E_0x2003960;
    %load/v 8, v0x2003df0_0, 1;
    %mov 9, 0, 2;
    %cmpi/u 8, 1, 3;
    %mov 8, 4, 1;
    %load/v 9, v0x2003b20_0, 4;
    %mov 13, 0, 1;
    %cmpi/u 9, 1, 5;
    %inv 4, 1;
    %mov 9, 4, 1;
    %and 8, 9, 1;
    %jmp/0xz  T_19.0, 8;
    %load/v 8, v0x2003b20_0, 4;
    %mov 12, 0, 1;
    %cmpi/u 8, 0, 5;
    %jmp/0xz  T_19.2, 4;
    %set/v v0x2003a80_0, 1, 1;
    %jmp T_19.3;
T_19.2 ;
    %set/v v0x2003a80_0, 0, 1;
T_19.3 ;
    %load/v 8, v0x2003b20_0, 4;
    %mov 12, 0, 28;
    %addi 8, 1, 32;
    %set/v v0x2003bc0_0, 8, 4;
    %load/v 8, v0x2003b20_0, 4;
    %set/v v0x2003c70_0, 8, 4;
    %jmp T_19.1;
T_19.0 ;
    %load/v 8, v0x2003df0_0, 1;
    %mov 9, 0, 1;
    %cmpi/u 8, 0, 2;
    %jmp/0xz  T_19.4, 4;
    %set/v v0x2003a80_0, 0, 1;
    %load/v 8, v0x2003b20_0, 4;
    %set/v v0x2003bc0_0, 8, 4;
    %load/v 8, v0x2003b20_0, 4;
    %set/v v0x2003c70_0, 8, 4;
    %jmp T_19.5;
T_19.4 ;
    %load/v 8, v0x2003e90_0, 1;
    %mov 9, 0, 2;
    %cmpi/u 8, 1, 3;
    %jmp/0xz  T_19.6, 4;
    %set/v v0x2003a80_0, 0, 1;
    %load/v 8, v0x2003b20_0, 4;
    %set/v v0x2003bc0_0, 8, 4;
    %load/v 8, v0x2003b20_0, 4;
    %set/v v0x2003c70_0, 8, 4;
    %jmp T_19.7;
T_19.6 ;
    %load/v 8, v0x2003d10_0, 1;
    %mov 9, 0, 2;
    %cmpi/u 8, 1, 3;
    %jmp/0xz  T_19.8, 4;
    %set/v v0x2003a80_0, 0, 1;
    %set/v v0x2003bc0_0, 0, 4;
    %load/v 8, v0x2003b20_0, 4;
    %set/v v0x2003c70_0, 8, 4;
T_19.8 ;
T_19.7 ;
T_19.5 ;
T_19.1 ;
    %load/v 8, v0x2003b20_0, 4;
    %mov 12, 0, 1;
    %cmpi/u 8, 1, 5;
    %jmp/0xz  T_19.10, 4;
    %set/v v0x2003bc0_0, 0, 4;
    %set/v v0x2003a80_0, 0, 1;
    %load/v 8, v0x2003b20_0, 4;
    %set/v v0x2003c70_0, 8, 4;
T_19.10 ;
    %jmp T_19;
    .thread T_19, $push;
    .scope S_0x2003750;
T_20 ;
    %wait E_0x2003360;
    %load/v 8, v0x2003d10_0, 1;
    %mov 9, 0, 2;
    %cmpi/u 8, 1, 3;
    %jmp/0xz  T_20.0, 4;
    %ix/load 0, 4, 0;
    %assign/v0 v0x2003b20_0, 0, 0;
    %jmp T_20.1;
T_20.0 ;
    %load/v 8, v0x2003bc0_0, 4;
    %ix/load 0, 4, 0;
    %assign/v0 v0x2003b20_0, 0, 8;
T_20.1 ;
    %jmp T_20;
    .thread T_20;
    .scope S_0x2002fb0;
T_21 ;
    %wait E_0x2002cb0;
    %load/v 8, v0x2003570_0, 4;
    %cmpi/u 8, 0, 4;
    %jmp/0xz  T_21.0, 4;
    %set/v v0x20030e0_0, 1, 1;
    %set/v v0x20031a0_0, 1, 1;
    %set/v v0x2003240_0, 1, 1;
    %set/v v0x20032e0_0, 1, 1;
    %set/v v0x2003390_0, 1, 1;
    %set/v v0x2003430_0, 1, 1;
    %set/v v0x20034d0_0, 0, 1;
    %jmp T_21.1;
T_21.0 ;
    %load/v 8, v0x2003570_0, 4;
    %cmpi/u 8, 1, 4;
    %jmp/0xz  T_21.2, 4;
    %set/v v0x20030e0_0, 0, 1;
    %set/v v0x20031a0_0, 1, 1;
    %set/v v0x2003240_0, 1, 1;
    %set/v v0x20032e0_0, 0, 1;
    %set/v v0x2003390_0, 0, 1;
    %set/v v0x2003430_0, 0, 1;
    %set/v v0x20034d0_0, 0, 1;
    %jmp T_21.3;
T_21.2 ;
    %load/v 8, v0x2003570_0, 4;
    %cmpi/u 8, 2, 4;
    %jmp/0xz  T_21.4, 4;
    %set/v v0x20030e0_0, 1, 1;
    %set/v v0x20031a0_0, 1, 1;
    %set/v v0x2003240_0, 0, 1;
    %set/v v0x20032e0_0, 1, 1;
    %set/v v0x2003390_0, 1, 1;
    %set/v v0x2003430_0, 0, 1;
    %set/v v0x20034d0_0, 0, 1;
    %jmp T_21.5;
T_21.4 ;
    %load/v 8, v0x2003570_0, 4;
    %cmpi/u 8, 3, 4;
    %jmp/0xz  T_21.6, 4;
    %set/v v0x20030e0_0, 1, 1;
    %set/v v0x20031a0_0, 1, 1;
    %set/v v0x2003240_0, 1, 1;
    %set/v v0x20032e0_0, 1, 1;
    %set/v v0x2003390_0, 0, 1;
    %set/v v0x2003430_0, 0, 1;
    %set/v v0x20034d0_0, 0, 1;
    %jmp T_21.7;
T_21.6 ;
    %load/v 8, v0x2003570_0, 4;
    %cmpi/u 8, 4, 4;
    %jmp/0xz  T_21.8, 4;
    %set/v v0x20030e0_0, 0, 1;
    %set/v v0x20031a0_0, 1, 1;
    %set/v v0x2003240_0, 1, 1;
    %set/v v0x20032e0_0, 0, 1;
    %set/v v0x2003390_0, 0, 1;
    %set/v v0x2003430_0, 1, 1;
    %set/v v0x20034d0_0, 1, 1;
    %jmp T_21.9;
T_21.8 ;
    %load/v 8, v0x2003570_0, 4;
    %cmpi/u 8, 5, 4;
    %jmp/0xz  T_21.10, 4;
    %set/v v0x20030e0_0, 1, 1;
    %set/v v0x20031a0_0, 0, 1;
    %set/v v0x2003240_0, 1, 1;
    %set/v v0x20032e0_0, 1, 1;
    %set/v v0x2003390_0, 0, 1;
    %set/v v0x2003430_0, 1, 1;
    %set/v v0x20034d0_0, 1, 1;
    %jmp T_21.11;
T_21.10 ;
    %load/v 8, v0x2003570_0, 4;
    %cmpi/u 8, 6, 4;
    %jmp/0xz  T_21.12, 4;
    %set/v v0x20030e0_0, 1, 1;
    %set/v v0x20031a0_0, 0, 1;
    %set/v v0x2003240_0, 1, 1;
    %set/v v0x20032e0_0, 1, 1;
    %set/v v0x2003390_0, 1, 1;
    %set/v v0x2003430_0, 1, 1;
    %set/v v0x20034d0_0, 1, 1;
    %jmp T_21.13;
T_21.12 ;
    %load/v 8, v0x2003570_0, 4;
    %cmpi/u 8, 7, 4;
    %jmp/0xz  T_21.14, 4;
    %set/v v0x20030e0_0, 1, 1;
    %set/v v0x20031a0_0, 0, 1;
    %set/v v0x2003240_0, 1, 1;
    %set/v v0x20032e0_0, 0, 1;
    %set/v v0x2003390_0, 0, 1;
    %set/v v0x2003430_0, 1, 1;
    %set/v v0x20034d0_0, 0, 1;
    %jmp T_21.15;
T_21.14 ;
    %load/v 8, v0x2003570_0, 4;
    %cmpi/u 8, 8, 4;
    %jmp/0xz  T_21.16, 4;
    %set/v v0x20030e0_0, 1, 1;
    %set/v v0x20031a0_0, 1, 1;
    %set/v v0x2003240_0, 1, 1;
    %set/v v0x20032e0_0, 1, 1;
    %set/v v0x2003390_0, 1, 1;
    %set/v v0x2003430_0, 1, 1;
    %set/v v0x20034d0_0, 1, 1;
    %jmp T_21.17;
T_21.16 ;
    %load/v 8, v0x2003570_0, 4;
    %cmpi/u 8, 9, 4;
    %jmp/0xz  T_21.18, 4;
    %set/v v0x20030e0_0, 1, 1;
    %set/v v0x20031a0_0, 1, 1;
    %set/v v0x2003240_0, 1, 1;
    %set/v v0x20032e0_0, 1, 1;
    %set/v v0x2003390_0, 0, 1;
    %set/v v0x2003430_0, 1, 1;
    %set/v v0x20034d0_0, 1, 1;
T_21.18 ;
T_21.17 ;
T_21.15 ;
T_21.13 ;
T_21.11 ;
T_21.9 ;
T_21.7 ;
T_21.5 ;
T_21.3 ;
T_21.1 ;
    %jmp T_21;
    .thread T_21, $push;
    .scope S_0x2002900;
T_22 ;
    %wait E_0x2002600;
    %load/v 8, v0x2002ec0_0, 4;
    %cmpi/u 8, 0, 4;
    %jmp/0xz  T_22.0, 4;
    %set/v v0x2002a30_0, 1, 1;
    %set/v v0x2002af0_0, 1, 1;
    %set/v v0x2002b90_0, 1, 1;
    %set/v v0x2002c30_0, 1, 1;
    %set/v v0x2002ce0_0, 1, 1;
    %set/v v0x2002d80_0, 1, 1;
    %set/v v0x2002e20_0, 0, 1;
    %jmp T_22.1;
T_22.0 ;
    %load/v 8, v0x2002ec0_0, 4;
    %cmpi/u 8, 1, 4;
    %jmp/0xz  T_22.2, 4;
    %set/v v0x2002a30_0, 0, 1;
    %set/v v0x2002af0_0, 1, 1;
    %set/v v0x2002b90_0, 1, 1;
    %set/v v0x2002c30_0, 0, 1;
    %set/v v0x2002ce0_0, 0, 1;
    %set/v v0x2002d80_0, 0, 1;
    %set/v v0x2002e20_0, 0, 1;
    %jmp T_22.3;
T_22.2 ;
    %load/v 8, v0x2002ec0_0, 4;
    %cmpi/u 8, 2, 4;
    %jmp/0xz  T_22.4, 4;
    %set/v v0x2002a30_0, 1, 1;
    %set/v v0x2002af0_0, 1, 1;
    %set/v v0x2002b90_0, 0, 1;
    %set/v v0x2002c30_0, 1, 1;
    %set/v v0x2002ce0_0, 1, 1;
    %set/v v0x2002d80_0, 0, 1;
    %set/v v0x2002e20_0, 0, 1;
    %jmp T_22.5;
T_22.4 ;
    %load/v 8, v0x2002ec0_0, 4;
    %cmpi/u 8, 3, 4;
    %jmp/0xz  T_22.6, 4;
    %set/v v0x2002a30_0, 1, 1;
    %set/v v0x2002af0_0, 1, 1;
    %set/v v0x2002b90_0, 1, 1;
    %set/v v0x2002c30_0, 1, 1;
    %set/v v0x2002ce0_0, 0, 1;
    %set/v v0x2002d80_0, 0, 1;
    %set/v v0x2002e20_0, 0, 1;
    %jmp T_22.7;
T_22.6 ;
    %load/v 8, v0x2002ec0_0, 4;
    %cmpi/u 8, 4, 4;
    %jmp/0xz  T_22.8, 4;
    %set/v v0x2002a30_0, 0, 1;
    %set/v v0x2002af0_0, 1, 1;
    %set/v v0x2002b90_0, 1, 1;
    %set/v v0x2002c30_0, 0, 1;
    %set/v v0x2002ce0_0, 0, 1;
    %set/v v0x2002d80_0, 1, 1;
    %set/v v0x2002e20_0, 1, 1;
    %jmp T_22.9;
T_22.8 ;
    %load/v 8, v0x2002ec0_0, 4;
    %cmpi/u 8, 5, 4;
    %jmp/0xz  T_22.10, 4;
    %set/v v0x2002a30_0, 1, 1;
    %set/v v0x2002af0_0, 0, 1;
    %set/v v0x2002b90_0, 1, 1;
    %set/v v0x2002c30_0, 1, 1;
    %set/v v0x2002ce0_0, 0, 1;
    %set/v v0x2002d80_0, 1, 1;
    %set/v v0x2002e20_0, 1, 1;
    %jmp T_22.11;
T_22.10 ;
    %load/v 8, v0x2002ec0_0, 4;
    %cmpi/u 8, 6, 4;
    %jmp/0xz  T_22.12, 4;
    %set/v v0x2002a30_0, 1, 1;
    %set/v v0x2002af0_0, 0, 1;
    %set/v v0x2002b90_0, 1, 1;
    %set/v v0x2002c30_0, 1, 1;
    %set/v v0x2002ce0_0, 1, 1;
    %set/v v0x2002d80_0, 1, 1;
    %set/v v0x2002e20_0, 1, 1;
    %jmp T_22.13;
T_22.12 ;
    %load/v 8, v0x2002ec0_0, 4;
    %cmpi/u 8, 7, 4;
    %jmp/0xz  T_22.14, 4;
    %set/v v0x2002a30_0, 1, 1;
    %set/v v0x2002af0_0, 0, 1;
    %set/v v0x2002b90_0, 1, 1;
    %set/v v0x2002c30_0, 0, 1;
    %set/v v0x2002ce0_0, 0, 1;
    %set/v v0x2002d80_0, 1, 1;
    %set/v v0x2002e20_0, 0, 1;
    %jmp T_22.15;
T_22.14 ;
    %load/v 8, v0x2002ec0_0, 4;
    %cmpi/u 8, 8, 4;
    %jmp/0xz  T_22.16, 4;
    %set/v v0x2002a30_0, 1, 1;
    %set/v v0x2002af0_0, 1, 1;
    %set/v v0x2002b90_0, 1, 1;
    %set/v v0x2002c30_0, 1, 1;
    %set/v v0x2002ce0_0, 1, 1;
    %set/v v0x2002d80_0, 1, 1;
    %set/v v0x2002e20_0, 1, 1;
    %jmp T_22.17;
T_22.16 ;
    %load/v 8, v0x2002ec0_0, 4;
    %cmpi/u 8, 9, 4;
    %jmp/0xz  T_22.18, 4;
    %set/v v0x2002a30_0, 1, 1;
    %set/v v0x2002af0_0, 1, 1;
    %set/v v0x2002b90_0, 1, 1;
    %set/v v0x2002c30_0, 1, 1;
    %set/v v0x2002ce0_0, 0, 1;
    %set/v v0x2002d80_0, 1, 1;
    %set/v v0x2002e20_0, 1, 1;
T_22.18 ;
T_22.17 ;
T_22.15 ;
T_22.13 ;
T_22.11 ;
T_22.9 ;
T_22.7 ;
T_22.5 ;
T_22.3 ;
T_22.1 ;
    %jmp T_22;
    .thread T_22, $push;
    .scope S_0x2002250;
T_23 ;
    %wait E_0x2001f10;
    %load/v 8, v0x2002810_0, 4;
    %cmpi/u 8, 0, 4;
    %jmp/0xz  T_23.0, 4;
    %set/v v0x2002380_0, 1, 1;
    %set/v v0x2002440_0, 1, 1;
    %set/v v0x20024e0_0, 1, 1;
    %set/v v0x2002580_0, 1, 1;
    %set/v v0x2002630_0, 1, 1;
    %set/v v0x20026d0_0, 1, 1;
    %set/v v0x2002770_0, 0, 1;
    %jmp T_23.1;
T_23.0 ;
    %load/v 8, v0x2002810_0, 4;
    %cmpi/u 8, 1, 4;
    %jmp/0xz  T_23.2, 4;
    %set/v v0x2002380_0, 0, 1;
    %set/v v0x2002440_0, 1, 1;
    %set/v v0x20024e0_0, 1, 1;
    %set/v v0x2002580_0, 0, 1;
    %set/v v0x2002630_0, 0, 1;
    %set/v v0x20026d0_0, 0, 1;
    %set/v v0x2002770_0, 0, 1;
    %jmp T_23.3;
T_23.2 ;
    %load/v 8, v0x2002810_0, 4;
    %cmpi/u 8, 2, 4;
    %jmp/0xz  T_23.4, 4;
    %set/v v0x2002380_0, 1, 1;
    %set/v v0x2002440_0, 1, 1;
    %set/v v0x20024e0_0, 0, 1;
    %set/v v0x2002580_0, 1, 1;
    %set/v v0x2002630_0, 1, 1;
    %set/v v0x20026d0_0, 0, 1;
    %set/v v0x2002770_0, 0, 1;
    %jmp T_23.5;
T_23.4 ;
    %load/v 8, v0x2002810_0, 4;
    %cmpi/u 8, 3, 4;
    %jmp/0xz  T_23.6, 4;
    %set/v v0x2002380_0, 1, 1;
    %set/v v0x2002440_0, 1, 1;
    %set/v v0x20024e0_0, 1, 1;
    %set/v v0x2002580_0, 1, 1;
    %set/v v0x2002630_0, 0, 1;
    %set/v v0x20026d0_0, 0, 1;
    %set/v v0x2002770_0, 0, 1;
    %jmp T_23.7;
T_23.6 ;
    %load/v 8, v0x2002810_0, 4;
    %cmpi/u 8, 4, 4;
    %jmp/0xz  T_23.8, 4;
    %set/v v0x2002380_0, 0, 1;
    %set/v v0x2002440_0, 1, 1;
    %set/v v0x20024e0_0, 1, 1;
    %set/v v0x2002580_0, 0, 1;
    %set/v v0x2002630_0, 0, 1;
    %set/v v0x20026d0_0, 1, 1;
    %set/v v0x2002770_0, 1, 1;
    %jmp T_23.9;
T_23.8 ;
    %load/v 8, v0x2002810_0, 4;
    %cmpi/u 8, 5, 4;
    %jmp/0xz  T_23.10, 4;
    %set/v v0x2002380_0, 1, 1;
    %set/v v0x2002440_0, 0, 1;
    %set/v v0x20024e0_0, 1, 1;
    %set/v v0x2002580_0, 1, 1;
    %set/v v0x2002630_0, 0, 1;
    %set/v v0x20026d0_0, 1, 1;
    %set/v v0x2002770_0, 1, 1;
    %jmp T_23.11;
T_23.10 ;
    %load/v 8, v0x2002810_0, 4;
    %cmpi/u 8, 6, 4;
    %jmp/0xz  T_23.12, 4;
    %set/v v0x2002380_0, 1, 1;
    %set/v v0x2002440_0, 0, 1;
    %set/v v0x20024e0_0, 1, 1;
    %set/v v0x2002580_0, 1, 1;
    %set/v v0x2002630_0, 1, 1;
    %set/v v0x20026d0_0, 1, 1;
    %set/v v0x2002770_0, 1, 1;
    %jmp T_23.13;
T_23.12 ;
    %load/v 8, v0x2002810_0, 4;
    %cmpi/u 8, 7, 4;
    %jmp/0xz  T_23.14, 4;
    %set/v v0x2002380_0, 1, 1;
    %set/v v0x2002440_0, 0, 1;
    %set/v v0x20024e0_0, 1, 1;
    %set/v v0x2002580_0, 0, 1;
    %set/v v0x2002630_0, 0, 1;
    %set/v v0x20026d0_0, 1, 1;
    %set/v v0x2002770_0, 0, 1;
    %jmp T_23.15;
T_23.14 ;
    %load/v 8, v0x2002810_0, 4;
    %cmpi/u 8, 8, 4;
    %jmp/0xz  T_23.16, 4;
    %set/v v0x2002380_0, 1, 1;
    %set/v v0x2002440_0, 1, 1;
    %set/v v0x20024e0_0, 1, 1;
    %set/v v0x2002580_0, 1, 1;
    %set/v v0x2002630_0, 1, 1;
    %set/v v0x20026d0_0, 1, 1;
    %set/v v0x2002770_0, 1, 1;
    %jmp T_23.17;
T_23.16 ;
    %load/v 8, v0x2002810_0, 4;
    %cmpi/u 8, 9, 4;
    %jmp/0xz  T_23.18, 4;
    %set/v v0x2002380_0, 1, 1;
    %set/v v0x2002440_0, 1, 1;
    %set/v v0x20024e0_0, 1, 1;
    %set/v v0x2002580_0, 1, 1;
    %set/v v0x2002630_0, 0, 1;
    %set/v v0x20026d0_0, 1, 1;
    %set/v v0x2002770_0, 1, 1;
T_23.18 ;
T_23.17 ;
T_23.15 ;
T_23.13 ;
T_23.11 ;
T_23.9 ;
T_23.7 ;
T_23.5 ;
T_23.3 ;
T_23.1 ;
    %jmp T_23;
    .thread T_23, $push;
    .scope S_0x1fe6c80;
T_24 ;
    %wait E_0x1fb7730;
    %load/v 8, v0x2002160_0, 4;
    %cmpi/u 8, 0, 4;
    %jmp/0xz  T_24.0, 4;
    %set/v v0x1f7bd80_0, 1, 1;
    %set/v v0x2001d50_0, 1, 1;
    %set/v v0x2001df0_0, 1, 1;
    %set/v v0x2001e90_0, 1, 1;
    %set/v v0x2001f40_0, 1, 1;
    %set/v v0x2001fe0_0, 1, 1;
    %set/v v0x20020c0_0, 0, 1;
    %jmp T_24.1;
T_24.0 ;
    %load/v 8, v0x2002160_0, 4;
    %cmpi/u 8, 1, 4;
    %jmp/0xz  T_24.2, 4;
    %set/v v0x1f7bd80_0, 0, 1;
    %set/v v0x2001d50_0, 1, 1;
    %set/v v0x2001df0_0, 1, 1;
    %set/v v0x2001e90_0, 0, 1;
    %set/v v0x2001f40_0, 0, 1;
    %set/v v0x2001fe0_0, 0, 1;
    %set/v v0x20020c0_0, 0, 1;
    %jmp T_24.3;
T_24.2 ;
    %load/v 8, v0x2002160_0, 4;
    %cmpi/u 8, 2, 4;
    %jmp/0xz  T_24.4, 4;
    %set/v v0x1f7bd80_0, 1, 1;
    %set/v v0x2001d50_0, 1, 1;
    %set/v v0x2001df0_0, 0, 1;
    %set/v v0x2001e90_0, 1, 1;
    %set/v v0x2001f40_0, 1, 1;
    %set/v v0x2001fe0_0, 0, 1;
    %set/v v0x20020c0_0, 0, 1;
    %jmp T_24.5;
T_24.4 ;
    %load/v 8, v0x2002160_0, 4;
    %cmpi/u 8, 3, 4;
    %jmp/0xz  T_24.6, 4;
    %set/v v0x1f7bd80_0, 1, 1;
    %set/v v0x2001d50_0, 1, 1;
    %set/v v0x2001df0_0, 1, 1;
    %set/v v0x2001e90_0, 1, 1;
    %set/v v0x2001f40_0, 0, 1;
    %set/v v0x2001fe0_0, 0, 1;
    %set/v v0x20020c0_0, 0, 1;
    %jmp T_24.7;
T_24.6 ;
    %load/v 8, v0x2002160_0, 4;
    %cmpi/u 8, 4, 4;
    %jmp/0xz  T_24.8, 4;
    %set/v v0x1f7bd80_0, 0, 1;
    %set/v v0x2001d50_0, 1, 1;
    %set/v v0x2001df0_0, 1, 1;
    %set/v v0x2001e90_0, 0, 1;
    %set/v v0x2001f40_0, 0, 1;
    %set/v v0x2001fe0_0, 1, 1;
    %set/v v0x20020c0_0, 1, 1;
    %jmp T_24.9;
T_24.8 ;
    %load/v 8, v0x2002160_0, 4;
    %cmpi/u 8, 5, 4;
    %jmp/0xz  T_24.10, 4;
    %set/v v0x1f7bd80_0, 1, 1;
    %set/v v0x2001d50_0, 0, 1;
    %set/v v0x2001df0_0, 1, 1;
    %set/v v0x2001e90_0, 1, 1;
    %set/v v0x2001f40_0, 0, 1;
    %set/v v0x2001fe0_0, 1, 1;
    %set/v v0x20020c0_0, 1, 1;
    %jmp T_24.11;
T_24.10 ;
    %load/v 8, v0x2002160_0, 4;
    %cmpi/u 8, 6, 4;
    %jmp/0xz  T_24.12, 4;
    %set/v v0x1f7bd80_0, 1, 1;
    %set/v v0x2001d50_0, 0, 1;
    %set/v v0x2001df0_0, 1, 1;
    %set/v v0x2001e90_0, 1, 1;
    %set/v v0x2001f40_0, 1, 1;
    %set/v v0x2001fe0_0, 1, 1;
    %set/v v0x20020c0_0, 1, 1;
    %jmp T_24.13;
T_24.12 ;
    %load/v 8, v0x2002160_0, 4;
    %cmpi/u 8, 7, 4;
    %jmp/0xz  T_24.14, 4;
    %set/v v0x1f7bd80_0, 1, 1;
    %set/v v0x2001d50_0, 0, 1;
    %set/v v0x2001df0_0, 1, 1;
    %set/v v0x2001e90_0, 0, 1;
    %set/v v0x2001f40_0, 0, 1;
    %set/v v0x2001fe0_0, 1, 1;
    %set/v v0x20020c0_0, 0, 1;
    %jmp T_24.15;
T_24.14 ;
    %load/v 8, v0x2002160_0, 4;
    %cmpi/u 8, 8, 4;
    %jmp/0xz  T_24.16, 4;
    %set/v v0x1f7bd80_0, 1, 1;
    %set/v v0x2001d50_0, 1, 1;
    %set/v v0x2001df0_0, 1, 1;
    %set/v v0x2001e90_0, 1, 1;
    %set/v v0x2001f40_0, 1, 1;
    %set/v v0x2001fe0_0, 1, 1;
    %set/v v0x20020c0_0, 1, 1;
    %jmp T_24.17;
T_24.16 ;
    %load/v 8, v0x2002160_0, 4;
    %cmpi/u 8, 9, 4;
    %jmp/0xz  T_24.18, 4;
    %set/v v0x1f7bd80_0, 1, 1;
    %set/v v0x2001d50_0, 1, 1;
    %set/v v0x2001df0_0, 1, 1;
    %set/v v0x2001e90_0, 1, 1;
    %set/v v0x2001f40_0, 0, 1;
    %set/v v0x2001fe0_0, 1, 1;
    %set/v v0x20020c0_0, 1, 1;
T_24.18 ;
T_24.17 ;
T_24.15 ;
T_24.13 ;
T_24.11 ;
T_24.9 ;
T_24.7 ;
T_24.5 ;
T_24.3 ;
T_24.1 ;
    %jmp T_24;
    .thread T_24, $push;
    .scope S_0x1fd2b80;
T_25 ;
    %wait E_0x2004d50;
    %load/v 8, v0x200ca00_0, 1;
    %mov 9, 0, 2;
    %cmpi/u 8, 1, 3;
    %jmp/0xz  T_25.0, 4;
    %load/v 8, v0x200c6f0_0, 3;
    %cmpi/u 8, 0, 3;
    %jmp/0xz  T_25.2, 4;
    %load/v 8, v0x200bc70_0, 4;
    %ix/load 0, 4, 0;
    %assign/v0 v0x200c770_0, 0, 8;
    %load/v 8, v0x200bbc0_0, 4;
    %ix/load 0, 4, 0;
    %assign/v0 v0x200c5a0_0, 0, 8;
    %load/v 8, v0x200bda0_0, 4;
    %ix/load 0, 4, 0;
    %assign/v0 v0x200c640_0, 0, 8;
    %load/v 8, v0x200bcf0_0, 4;
    %ix/load 0, 4, 0;
    %assign/v0 v0x200c490_0, 0, 8;
T_25.2 ;
    %load/v 8, v0x200c6f0_0, 3;
    %cmpi/u 8, 1, 3;
    %jmp/0xz  T_25.4, 4;
    %ix/load 0, 4, 0;
    %assign/v0 v0x200c770_0, 0, 0;
    %ix/load 0, 4, 0;
    %assign/v0 v0x200c5a0_0, 0, 0;
    %ix/load 0, 4, 0;
    %assign/v0 v0x200c640_0, 0, 0;
    %ix/load 0, 4, 0;
    %assign/v0 v0x200c490_0, 0, 0;
T_25.4 ;
    %jmp T_25.1;
T_25.0 ;
    %load/v 8, v0x200c6f0_0, 3;
    %cmpi/u 8, 0, 3;
    %jmp/0xz  T_25.6, 4;
    %load/v 8, v0x200bf20_0, 4;
    %ix/load 0, 4, 0;
    %assign/v0 v0x200c770_0, 0, 8;
    %load/v 8, v0x200be50_0, 4;
    %ix/load 0, 4, 0;
    %assign/v0 v0x200c5a0_0, 0, 8;
    %load/v 8, v0x200c0d0_0, 4;
    %ix/load 0, 4, 0;
    %assign/v0 v0x200c640_0, 0, 8;
    %load/v 8, v0x200c000_0, 4;
    %ix/load 0, 4, 0;
    %assign/v0 v0x200c490_0, 0, 8;
    %jmp T_25.7;
T_25.6 ;
    %load/v 8, v0x200c6f0_0, 3;
    %cmpi/u 8, 1, 3;
    %jmp/0xz  T_25.8, 4;
T_25.8 ;
T_25.7 ;
T_25.1 ;
    %jmp T_25;
    .thread T_25;
    .scope S_0x1fd2e60;
T_26 ;
    %set/v v0x200d240_0, 1, 1;
    %set/v v0x200cd50_0, 0, 1;
    %set/v v0x200d560_0, 0, 1;
    %set/v v0x2006bf0_0, 0, 1;
    %set/v v0x200d0c0_0, 0, 3;
    %vpi_call 2 28 "$dumpfile", "wave.vcd";
    %vpi_call 2 29 "$dumpvars", 1'sb0, S_0x1fd2e60;
T_26.0 ;
    %delay 1, 0;
    %load/v 8, v0x200cd50_0, 1;
    %inv 8, 1;
    %set/v v0x200cd50_0, 8, 1;
    %jmp T_26.0;
    %end;
    .thread T_26;
    .scope S_0x1fd2e60;
T_27 ;
    %delay 100, 0;
    %ix/load 0, 1, 0;
    %assign/v0 v0x200d240_0, 0, 0;
    %ix/load 0, 1, 0;
    %assign/v0 v0x200d460_0, 0, 1;
    %delay 1000, 0;
    %movi 8, 1, 3;
    %set/v v0x200d0c0_0, 8, 3;
    %delay 3000, 0;
    %vpi_call 2 44 "$finish";
    %end;
    .thread T_27;
# The file index is used to find the file name in the following table.
:file_names 13;
    "N/A";
    "<interactive>";
    "WatchCtrl_test.v";
    "././WatchCtrl.v";
    "././SetTime.v";
    "././AlarmModule.v";
    "././StopWatch.v";
    "././Counter/Mod10Counter.v";
    "././Counter/Mod6Counter.v";
    "././Watch.v";
    "././Counter/Mod13Counter.v";
    "././Counter/Mod2Counter.v";
    "././SevenSegDecoder.v";
