#! /usr/bin/vvp
:ivl_version "0.9.7 " "(v0_9_7)";
:vpi_time_precision + 0;
:vpi_module "system";
:vpi_module "v2005_math";
:vpi_module "va_math";
S_0x19f0fc0 .scope module, "vending_test" "vending_test" 2 3;
 .timescale 0 0;
v0x1a107d0_0 .var "clk", 0 0;
v0x1a10870_0 .var "coin10", 0 0;
v0x1a10920_0 .var "coin5", 0 0;
v0x1a109d0_0 .net "drink", 0 0, v0x1a105b0_0; 1 drivers
v0x1a10ab0_0 .var "reset", 0 0;
S_0x19f10b0 .scope module, "m" "vending" 2 7, 3 1, S_0x19f0fc0;
 .timescale 0 0;
P_0x19f8018 .param/l "hasCoin0" 3 9, C4<00>;
P_0x19f8040 .param/l "hasCoin10" 3 11, C4<10>;
P_0x19f8068 .param/l "hasCoin15" 3 12, C4<11>;
P_0x19f8090 .param/l "hasCoin5" 3 10, C4<01>;
v0x19f80c0_0 .net "clk", 0 0, v0x1a107d0_0; 1 drivers
v0x1a103c0_0 .net "coin10", 0 0, v0x1a10870_0; 1 drivers
v0x1a10460_0 .net "coin5", 0 0, v0x1a10920_0; 1 drivers
v0x1a10500_0 .var "cst", 1 0;
v0x1a105b0_0 .var "drink", 0 0;
v0x1a10650_0 .var "nst", 1 0;
v0x1a10730_0 .net "reset", 0 0, v0x1a10ab0_0; 1 drivers
E_0x19e26e0 .event posedge, v0x19f80c0_0;
E_0x19e45b0 .event edge, v0x1a103c0_0, v0x1a10460_0, v0x1a10500_0;
    .scope S_0x19f10b0;
T_0 ;
    %wait E_0x19e45b0;
    %load/v 8, v0x1a10500_0, 2;
    %cmpi/u 8, 0, 2;
    %jmp/1 T_0.0, 6;
    %cmpi/u 8, 1, 2;
    %jmp/1 T_0.1, 6;
    %cmpi/u 8, 2, 2;
    %jmp/1 T_0.2, 6;
    %cmpi/u 8, 3, 2;
    %jmp/1 T_0.3, 6;
    %set/v v0x1a10650_0, 0, 2;
    %jmp T_0.5;
T_0.0 ;
    %load/v 8, v0x1a10460_0, 1;
    %load/v 9, v0x1a103c0_0, 1;
    %cmpi/u 9, 0, 1;
    %mov 9, 4, 1;
    %and 8, 9, 1;
    %jmp/0xz  T_0.6, 8;
    %movi 8, 1, 2;
    %set/v v0x1a10650_0, 8, 2;
    %set/v v0x1a105b0_0, 0, 1;
    %jmp T_0.7;
T_0.6 ;
    %load/v 8, v0x1a10460_0, 1;
    %cmpi/u 8, 0, 1;
    %mov 8, 4, 1;
    %load/v 9, v0x1a103c0_0, 1;
    %and 8, 9, 1;
    %jmp/0xz  T_0.8, 8;
    %movi 8, 2, 2;
    %set/v v0x1a10650_0, 8, 2;
    %set/v v0x1a105b0_0, 0, 1;
    %jmp T_0.9;
T_0.8 ;
    %load/v 8, v0x1a10460_0, 1;
    %load/v 9, v0x1a103c0_0, 1;
    %and 8, 9, 1;
    %jmp/0xz  T_0.10, 8;
    %set/v v0x1a10650_0, 1, 2;
    %set/v v0x1a105b0_0, 0, 1;
    %jmp T_0.11;
T_0.10 ;
    %set/v v0x1a10650_0, 0, 2;
    %set/v v0x1a105b0_0, 0, 1;
T_0.11 ;
T_0.9 ;
T_0.7 ;
    %jmp T_0.5;
T_0.1 ;
    %load/v 8, v0x1a10460_0, 1;
    %load/v 9, v0x1a103c0_0, 1;
    %cmpi/u 9, 0, 1;
    %mov 9, 4, 1;
    %and 8, 9, 1;
    %jmp/0xz  T_0.12, 8;
    %movi 8, 2, 2;
    %set/v v0x1a10650_0, 8, 2;
    %set/v v0x1a105b0_0, 0, 1;
    %jmp T_0.13;
T_0.12 ;
    %load/v 8, v0x1a10460_0, 1;
    %cmpi/u 8, 0, 1;
    %mov 8, 4, 1;
    %load/v 9, v0x1a103c0_0, 1;
    %and 8, 9, 1;
    %jmp/0xz  T_0.14, 8;
    %set/v v0x1a10650_0, 1, 2;
    %set/v v0x1a105b0_0, 0, 1;
    %jmp T_0.15;
T_0.14 ;
    %load/v 8, v0x1a10460_0, 1;
    %load/v 9, v0x1a103c0_0, 1;
    %and 8, 9, 1;
    %jmp/0xz  T_0.16, 8;
    %jmp T_0.17;
T_0.16 ;
    %set/v v0x1a10650_0, 0, 2;
    %set/v v0x1a105b0_0, 0, 1;
T_0.17 ;
T_0.15 ;
T_0.13 ;
    %jmp T_0.5;
T_0.2 ;
    %load/v 8, v0x1a10460_0, 1;
    %load/v 9, v0x1a103c0_0, 1;
    %cmpi/u 9, 0, 1;
    %mov 9, 4, 1;
    %and 8, 9, 1;
    %jmp/0xz  T_0.18, 8;
    %set/v v0x1a10650_0, 1, 2;
    %set/v v0x1a105b0_0, 0, 1;
    %jmp T_0.19;
T_0.18 ;
    %load/v 8, v0x1a10460_0, 1;
    %cmpi/u 8, 0, 1;
    %mov 8, 4, 1;
    %load/v 9, v0x1a103c0_0, 1;
    %and 8, 9, 1;
    %jmp/0xz  T_0.20, 8;
    %set/v v0x1a10650_0, 1, 2;
    %set/v v0x1a105b0_0, 0, 1;
    %jmp T_0.21;
T_0.20 ;
    %load/v 8, v0x1a10460_0, 1;
    %load/v 9, v0x1a103c0_0, 1;
    %and 8, 9, 1;
    %jmp/0xz  T_0.22, 8;
    %jmp T_0.23;
T_0.22 ;
    %movi 8, 2, 2;
    %set/v v0x1a10650_0, 8, 2;
    %set/v v0x1a105b0_0, 0, 1;
T_0.23 ;
T_0.21 ;
T_0.19 ;
    %jmp T_0.5;
T_0.3 ;
    %set/v v0x1a10650_0, 0, 2;
    %set/v v0x1a105b0_0, 1, 1;
    %jmp T_0.5;
T_0.5 ;
    %jmp T_0;
    .thread T_0, $push;
    .scope S_0x19f10b0;
T_1 ;
    %wait E_0x19e26e0;
    %load/v 8, v0x1a10730_0, 1;
    %jmp/0xz  T_1.0, 8;
    %ix/load 0, 2, 0;
    %assign/v0 v0x1a10500_0, 0, 0;
    %jmp T_1.1;
T_1.0 ;
    %load/v 8, v0x1a10650_0, 2;
    %ix/load 0, 2, 0;
    %assign/v0 v0x1a10500_0, 0, 8;
T_1.1 ;
    %jmp T_1;
    .thread T_1;
    .scope S_0x19f0fc0;
T_2 ;
    %set/v v0x1a10920_0, 0, 1;
    %set/v v0x1a10870_0, 0, 1;
    %set/v v0x1a10ab0_0, 1, 1;
    %set/v v0x1a107d0_0, 0, 1;
    %vpi_call 2 14 "$dumpfile", "vending.vcd";
    %vpi_call 2 15 "$dumpvars", 1'sb0, S_0x19f0fc0;
T_2.0 ;
    %delay 10, 0;
    %load/v 8, v0x1a107d0_0, 1;
    %inv 8, 1;
    %set/v v0x1a107d0_0, 8, 1;
    %jmp T_2.0;
    %end;
    .thread T_2;
    .scope S_0x19f0fc0;
T_3 ;
    %delay 20, 0;
    %set/v v0x1a10ab0_0, 0, 1;
    %delay 20, 0;
    %set/v v0x1a10920_0, 0, 1;
    %set/v v0x1a10870_0, 1, 1;
    %delay 20, 0;
    %set/v v0x1a10920_0, 1, 1;
    %set/v v0x1a10870_0, 0, 1;
    %delay 20, 0;
    %set/v v0x1a10920_0, 0, 1;
    %set/v v0x1a10870_0, 0, 1;
    %delay 20, 0;
    %set/v v0x1a10920_0, 1, 1;
    %set/v v0x1a10870_0, 1, 1;
    %delay 20, 0;
    %set/v v0x1a10920_0, 0, 1;
    %set/v v0x1a10870_0, 0, 1;
    %delay 5, 0;
    %set/v v0x1a10920_0, 0, 1;
    %set/v v0x1a10870_0, 0, 1;
    %delay 10, 0;
    %set/v v0x1a10920_0, 1, 1;
    %set/v v0x1a10870_0, 0, 1;
    %delay 70, 0;
    %set/v v0x1a10920_0, 0, 1;
    %set/v v0x1a10870_0, 0, 1;
    %delay 100, 0;
    %vpi_call 2 32 "$finish";
    %end;
    .thread T_3;
    .scope S_0x19f0fc0;
T_4 ;
    %vpi_call 2 36 "$monitor", $time, " coin5: %b ", v0x1a10920_0, "coin10: %b ", v0x1a10870_0, " drink: %b", v0x1a109d0_0;
    %end;
    .thread T_4;
# The file index is used to find the file name in the following table.
:file_names 4;
    "N/A";
    "<interactive>";
    "vending_test.v";
    "./vending.v";
