#! /usr/bin/vvp
:ivl_version "0.9.7 " "(v0_9_7)";
:vpi_time_precision + 0;
:vpi_module "system";
:vpi_module "v2005_math";
:vpi_module "va_math";
S_0x1d29020 .scope module, "Mod10Counter" "Mod10Counter" 2 1;
 .timescale 0 0;
P_0x1d1ddc8 .param/l "eight" 2 19, C4<1000>;
P_0x1d1ddf0 .param/l "five" 2 16, C4<0101>;
P_0x1d1de18 .param/l "four" 2 15, C4<0100>;
P_0x1d1de40 .param/l "nine" 2 20, C4<1001>;
P_0x1d1de68 .param/l "one" 2 12, C4<0001>;
P_0x1d1de90 .param/l "seven" 2 18, C4<0111>;
P_0x1d1deb8 .param/l "six" 2 17, C4<0110>;
P_0x1d1dee0 .param/l "three" 2 14, C4<0011>;
P_0x1d1df08 .param/l "two" 2 13, C4<0010>;
P_0x1d1df30 .param/l "zero" 2 11, C4<0000>;
v0x1d24770_0 .net "clk", 0 0, C4<z>; 0 drivers
v0x1d4af50_0 .var "cout", 0 0;
v0x1d4aff0_0 .var "current", 3 0;
v0x1d4b090_0 .var "next", 3 0;
v0x1d4b140_0 .var "number", 3 0;
v0x1d4b1e0_0 .net "reset", 0 0, C4<z>; 0 drivers
v0x1d4b2c0_0 .net "start_resume", 0 0, C4<z>; 0 drivers
v0x1d4b360_0 .net "stop", 0 0, C4<z>; 0 drivers
E_0x1d156f0 .event posedge, v0x1d24770_0;
E_0x1d15720 .event edge, v0x1d4b360_0, v0x1d4b1e0_0, v0x1d4b2c0_0, v0x1d4aff0_0;
S_0x1d29110 .scope module, "Mod13Counter" "Mod13Counter" 3 5;
 .timescale 0 0;
P_0x1d18f28 .param/l "eight" 3 23, C4<1000>;
P_0x1d18f50 .param/l "eleven" 3 26, C4<1011>;
P_0x1d18f78 .param/l "five" 3 20, C4<0101>;
P_0x1d18fa0 .param/l "four" 3 19, C4<0100>;
P_0x1d18fc8 .param/l "nine" 3 24, C4<1001>;
P_0x1d18ff0 .param/l "one" 3 16, C4<0001>;
P_0x1d19018 .param/l "seven" 3 22, C4<0111>;
P_0x1d19040 .param/l "six" 3 21, C4<0110>;
P_0x1d19068 .param/l "ten" 3 25, C4<1010>;
P_0x1d19090 .param/l "three" 3 18, C4<0011>;
P_0x1d190b8 .param/l "twelve" 3 27, C4<1100>;
P_0x1d190e0 .param/l "two" 3 17, C4<0010>;
P_0x1d19108 .param/l "zero" 3 15, C4<0000>;
v0x1d4b4f0_0 .net "clk", 0 0, C4<z>; 0 drivers
v0x1d4b5b0_0 .var "cout", 0 0;
v0x1d4b650_0 .var "current", 3 0;
v0x1d4b6f0_0 .var "next", 3 0;
v0x1d4b7a0_0 .var "number", 3 0;
v0x1d4b840_0 .net "reset", 0 0, C4<z>; 0 drivers
v0x1d4b8e0_0 .net "start_resume", 0 0, C4<z>; 0 drivers
v0x1d4b980_0 .net "stop", 0 0, C4<z>; 0 drivers
E_0x1d4b110 .event posedge, v0x1d4b4f0_0;
E_0x1d4b490 .event edge, v0x1d4b980_0, v0x1d4b840_0, v0x1d4b8e0_0, v0x1d4b650_0;
S_0x1d23a30 .scope module, "Mod2Counter" "Mod2Counter" 4 1;
 .timescale 0 0;
P_0x1d23b28 .param/l "one" 4 12, C4<0001>;
P_0x1d23b50 .param/l "zero" 4 11, C4<0000>;
v0x1d4bb10_0 .net "clk", 0 0, C4<z>; 0 drivers
v0x1d4bbd0_0 .var "cout", 0 0;
v0x1d4bc70_0 .var "current", 3 0;
v0x1d4bd10_0 .var "next", 3 0;
v0x1d4bdc0_0 .var "number", 3 0;
v0x1d4be60_0 .net "reset", 0 0, C4<z>; 0 drivers
v0x1d4bf00_0 .net "start_resume", 0 0, C4<z>; 0 drivers
v0x1d4bfa0_0 .net "stop", 0 0, C4<z>; 0 drivers
E_0x1d4b770 .event posedge, v0x1d4bb10_0;
E_0x1d4bab0 .event edge, v0x1d4bfa0_0, v0x1d4be60_0, v0x1d4bf00_0, v0x1d4bc70_0;
S_0x1d23ba0 .scope module, "Mod6Counter" "Mod6Counter" 5 1;
 .timescale 0 0;
P_0x1d2e618 .param/l "eight" 5 19, C4<1000>;
P_0x1d2e640 .param/l "five" 5 16, C4<0101>;
P_0x1d2e668 .param/l "four" 5 15, C4<0100>;
P_0x1d2e690 .param/l "nine" 5 20, C4<1001>;
P_0x1d2e6b8 .param/l "one" 5 12, C4<0001>;
P_0x1d2e6e0 .param/l "seven" 5 18, C4<0111>;
P_0x1d2e708 .param/l "six" 5 17, C4<0110>;
P_0x1d2e730 .param/l "three" 5 14, C4<0011>;
P_0x1d2e758 .param/l "two" 5 13, C4<0010>;
P_0x1d2e780 .param/l "zero" 5 11, C4<0000>;
v0x1d4c130_0 .net "clk", 0 0, C4<z>; 0 drivers
v0x1d4c1f0_0 .var "cout", 0 0;
v0x1d4c290_0 .var "current", 3 0;
v0x1d4c330_0 .var "next", 3 0;
v0x1d4c3e0_0 .var "number", 3 0;
v0x1d4c480_0 .net "reset", 0 0, C4<z>; 0 drivers
v0x1d4c520_0 .net "start_resume", 0 0, C4<z>; 0 drivers
v0x1d4c5c0_0 .net "stop", 0 0, C4<z>; 0 drivers
E_0x1d4bd90 .event posedge, v0x1d4c130_0;
E_0x1d4c0d0 .event edge, v0x1d4c5c0_0, v0x1d4c480_0, v0x1d4c520_0, v0x1d4c290_0;
S_0x1d15600 .scope module, "Watch" "Watch" 6 5;
 .timescale 0 0;
v0x1d4c6b0_0 .net "clk", 0 0, C4<z>; 0 drivers
v0x1d4c770_0 .net "hr0", 3 0, C4<zzzz>; 0 drivers
v0x1d4c810_0 .net "hr1", 3 0, C4<zzzz>; 0 drivers
v0x1d4c8b0_0 .net "min0", 3 0, C4<zzzz>; 0 drivers
v0x1d4c930_0 .net "min1", 3 0, C4<zzzz>; 0 drivers
v0x1d4c9d0_0 .net "reset", 0 0, C4<z>; 0 drivers
v0x1d4ca70_0 .net "setTime", 0 0, C4<z>; 0 drivers
v0x1d4cb10_0 .net "start_resume", 0 0, C4<z>; 0 drivers
v0x1d4cc00_0 .net "stop", 0 0, C4<z>; 0 drivers
    .scope S_0x1d29020;
T_0 ;
    %wait E_0x1d15720;
    %load/v 8, v0x1d4b2c0_0, 1;
    %mov 9, 0, 2;
    %cmpi/u 8, 1, 3;
    %mov 8, 4, 1;
    %load/v 9, v0x1d4aff0_0, 4;
    %mov 13, 0, 1;
    %cmpi/u 9, 9, 5;
    %inv 4, 1;
    %mov 9, 4, 1;
    %and 8, 9, 1;
    %jmp/0xz  T_0.0, 8;
    %load/v 8, v0x1d4aff0_0, 4;
    %mov 12, 0, 1;
    %cmpi/u 8, 0, 5;
    %jmp/0xz  T_0.2, 4;
    %set/v v0x1d4af50_0, 1, 1;
    %jmp T_0.3;
T_0.2 ;
    %set/v v0x1d4af50_0, 0, 1;
T_0.3 ;
    %load/v 8, v0x1d4aff0_0, 4;
    %mov 12, 0, 28;
    %addi 8, 1, 32;
    %set/v v0x1d4b090_0, 8, 4;
    %load/v 8, v0x1d4aff0_0, 4;
    %set/v v0x1d4b140_0, 8, 4;
    %jmp T_0.1;
T_0.0 ;
    %load/v 8, v0x1d4b2c0_0, 1;
    %mov 9, 0, 1;
    %cmpi/u 8, 0, 2;
    %jmp/0xz  T_0.4, 4;
    %set/v v0x1d4af50_0, 0, 1;
    %load/v 8, v0x1d4aff0_0, 4;
    %set/v v0x1d4b090_0, 8, 4;
    %load/v 8, v0x1d4aff0_0, 4;
    %set/v v0x1d4b140_0, 8, 4;
    %jmp T_0.5;
T_0.4 ;
    %load/v 8, v0x1d4b360_0, 1;
    %mov 9, 0, 2;
    %cmpi/u 8, 1, 3;
    %jmp/0xz  T_0.6, 4;
    %set/v v0x1d4af50_0, 0, 1;
    %load/v 8, v0x1d4aff0_0, 4;
    %set/v v0x1d4b090_0, 8, 4;
    %load/v 8, v0x1d4aff0_0, 4;
    %set/v v0x1d4b140_0, 8, 4;
    %jmp T_0.7;
T_0.6 ;
    %load/v 8, v0x1d4b1e0_0, 1;
    %mov 9, 0, 2;
    %cmpi/u 8, 1, 3;
    %jmp/0xz  T_0.8, 4;
    %set/v v0x1d4af50_0, 0, 1;
    %set/v v0x1d4b090_0, 0, 4;
    %load/v 8, v0x1d4aff0_0, 4;
    %set/v v0x1d4b140_0, 8, 4;
T_0.8 ;
T_0.7 ;
T_0.5 ;
T_0.1 ;
    %load/v 8, v0x1d4aff0_0, 4;
    %mov 12, 0, 1;
    %cmpi/u 8, 9, 5;
    %jmp/0xz  T_0.10, 4;
    %set/v v0x1d4b090_0, 0, 4;
    %set/v v0x1d4af50_0, 0, 1;
    %load/v 8, v0x1d4aff0_0, 4;
    %set/v v0x1d4b140_0, 8, 4;
T_0.10 ;
    %jmp T_0;
    .thread T_0, $push;
    .scope S_0x1d29020;
T_1 ;
    %wait E_0x1d156f0;
    %load/v 8, v0x1d4b1e0_0, 1;
    %mov 9, 0, 2;
    %cmpi/u 8, 1, 3;
    %jmp/0xz  T_1.0, 4;
    %ix/load 0, 4, 0;
    %assign/v0 v0x1d4aff0_0, 0, 0;
    %jmp T_1.1;
T_1.0 ;
    %load/v 8, v0x1d4b090_0, 4;
    %ix/load 0, 4, 0;
    %assign/v0 v0x1d4aff0_0, 0, 8;
T_1.1 ;
    %jmp T_1;
    .thread T_1;
    .scope S_0x1d29110;
T_2 ;
    %wait E_0x1d4b490;
    %load/v 8, v0x1d4b8e0_0, 1;
    %mov 9, 0, 2;
    %cmpi/u 8, 1, 3;
    %mov 8, 4, 1;
    %load/v 9, v0x1d4b650_0, 4;
    %mov 13, 0, 1;
    %cmpi/u 9, 12, 5;
    %inv 4, 1;
    %mov 9, 4, 1;
    %and 8, 9, 1;
    %jmp/0xz  T_2.0, 8;
    %load/v 8, v0x1d4b650_0, 4;
    %mov 12, 0, 1;
    %cmpi/u 8, 0, 5;
    %jmp/0xz  T_2.2, 4;
    %set/v v0x1d4b5b0_0, 1, 1;
    %jmp T_2.3;
T_2.2 ;
    %set/v v0x1d4b5b0_0, 0, 1;
T_2.3 ;
    %load/v 8, v0x1d4b650_0, 4;
    %mov 12, 0, 28;
    %addi 8, 1, 32;
    %set/v v0x1d4b6f0_0, 8, 4;
    %load/v 8, v0x1d4b650_0, 4;
    %mov 12, 0, 1;
    %movi 13, 10, 5;
    %mod 8, 13, 5;
    %set/v v0x1d4b7a0_0, 8, 4;
    %jmp T_2.1;
T_2.0 ;
    %load/v 8, v0x1d4b8e0_0, 1;
    %mov 9, 0, 1;
    %cmpi/u 8, 0, 2;
    %jmp/0xz  T_2.4, 4;
    %set/v v0x1d4b5b0_0, 0, 1;
    %load/v 8, v0x1d4b650_0, 4;
    %set/v v0x1d4b6f0_0, 8, 4;
    %load/v 8, v0x1d4b650_0, 4;
    %mov 12, 0, 1;
    %movi 13, 10, 5;
    %mod 8, 13, 5;
    %set/v v0x1d4b7a0_0, 8, 4;
    %jmp T_2.5;
T_2.4 ;
    %load/v 8, v0x1d4b980_0, 1;
    %mov 9, 0, 2;
    %cmpi/u 8, 1, 3;
    %jmp/0xz  T_2.6, 4;
    %set/v v0x1d4b5b0_0, 0, 1;
    %load/v 8, v0x1d4b650_0, 4;
    %set/v v0x1d4b6f0_0, 8, 4;
    %load/v 8, v0x1d4b650_0, 4;
    %mov 12, 0, 1;
    %movi 13, 10, 5;
    %mod 8, 13, 5;
    %set/v v0x1d4b7a0_0, 8, 4;
    %jmp T_2.7;
T_2.6 ;
    %load/v 8, v0x1d4b840_0, 1;
    %mov 9, 0, 2;
    %cmpi/u 8, 1, 3;
    %jmp/0xz  T_2.8, 4;
    %set/v v0x1d4b5b0_0, 0, 1;
    %set/v v0x1d4b6f0_0, 0, 4;
    %load/v 8, v0x1d4b650_0, 4;
    %mov 12, 0, 1;
    %movi 13, 10, 5;
    %mod 8, 13, 5;
    %set/v v0x1d4b7a0_0, 8, 4;
T_2.8 ;
T_2.7 ;
T_2.5 ;
T_2.1 ;
    %load/v 8, v0x1d4b650_0, 4;
    %mov 12, 0, 1;
    %cmpi/u 8, 12, 5;
    %jmp/0xz  T_2.10, 4;
    %set/v v0x1d4b6f0_0, 0, 4;
    %set/v v0x1d4b5b0_0, 0, 1;
    %load/v 8, v0x1d4b650_0, 4;
    %mov 12, 0, 1;
    %movi 13, 10, 5;
    %mod 8, 13, 5;
    %set/v v0x1d4b7a0_0, 8, 4;
T_2.10 ;
    %jmp T_2;
    .thread T_2, $push;
    .scope S_0x1d29110;
T_3 ;
    %wait E_0x1d4b110;
    %load/v 8, v0x1d4b840_0, 1;
    %mov 9, 0, 2;
    %cmpi/u 8, 1, 3;
    %jmp/0xz  T_3.0, 4;
    %ix/load 0, 4, 0;
    %assign/v0 v0x1d4b650_0, 0, 0;
    %jmp T_3.1;
T_3.0 ;
    %load/v 8, v0x1d4b6f0_0, 4;
    %ix/load 0, 4, 0;
    %assign/v0 v0x1d4b650_0, 0, 8;
T_3.1 ;
    %jmp T_3;
    .thread T_3;
    .scope S_0x1d23a30;
T_4 ;
    %wait E_0x1d4bab0;
    %load/v 8, v0x1d4bf00_0, 1;
    %mov 9, 0, 2;
    %cmpi/u 8, 1, 3;
    %mov 8, 4, 1;
    %load/v 9, v0x1d4bc70_0, 4;
    %mov 13, 0, 1;
    %cmpi/u 9, 1, 5;
    %inv 4, 1;
    %mov 9, 4, 1;
    %and 8, 9, 1;
    %jmp/0xz  T_4.0, 8;
    %load/v 8, v0x1d4bc70_0, 4;
    %mov 12, 0, 1;
    %cmpi/u 8, 0, 5;
    %jmp/0xz  T_4.2, 4;
    %set/v v0x1d4bbd0_0, 1, 1;
    %jmp T_4.3;
T_4.2 ;
    %set/v v0x1d4bbd0_0, 0, 1;
T_4.3 ;
    %load/v 8, v0x1d4bc70_0, 4;
    %mov 12, 0, 28;
    %addi 8, 1, 32;
    %set/v v0x1d4bd10_0, 8, 4;
    %load/v 8, v0x1d4bc70_0, 4;
    %set/v v0x1d4bdc0_0, 8, 4;
    %jmp T_4.1;
T_4.0 ;
    %load/v 8, v0x1d4bf00_0, 1;
    %mov 9, 0, 1;
    %cmpi/u 8, 0, 2;
    %jmp/0xz  T_4.4, 4;
    %set/v v0x1d4bbd0_0, 0, 1;
    %load/v 8, v0x1d4bc70_0, 4;
    %set/v v0x1d4bd10_0, 8, 4;
    %load/v 8, v0x1d4bc70_0, 4;
    %set/v v0x1d4bdc0_0, 8, 4;
    %jmp T_4.5;
T_4.4 ;
    %load/v 8, v0x1d4bfa0_0, 1;
    %mov 9, 0, 2;
    %cmpi/u 8, 1, 3;
    %jmp/0xz  T_4.6, 4;
    %set/v v0x1d4bbd0_0, 0, 1;
    %load/v 8, v0x1d4bc70_0, 4;
    %set/v v0x1d4bd10_0, 8, 4;
    %load/v 8, v0x1d4bc70_0, 4;
    %set/v v0x1d4bdc0_0, 8, 4;
    %jmp T_4.7;
T_4.6 ;
    %load/v 8, v0x1d4be60_0, 1;
    %mov 9, 0, 2;
    %cmpi/u 8, 1, 3;
    %jmp/0xz  T_4.8, 4;
    %set/v v0x1d4bbd0_0, 0, 1;
    %set/v v0x1d4bd10_0, 0, 4;
    %load/v 8, v0x1d4bc70_0, 4;
    %set/v v0x1d4bdc0_0, 8, 4;
T_4.8 ;
T_4.7 ;
T_4.5 ;
T_4.1 ;
    %load/v 8, v0x1d4bc70_0, 4;
    %mov 12, 0, 1;
    %cmpi/u 8, 1, 5;
    %jmp/0xz  T_4.10, 4;
    %set/v v0x1d4bd10_0, 0, 4;
    %set/v v0x1d4bbd0_0, 0, 1;
    %load/v 8, v0x1d4bc70_0, 4;
    %set/v v0x1d4bdc0_0, 8, 4;
T_4.10 ;
    %jmp T_4;
    .thread T_4, $push;
    .scope S_0x1d23a30;
T_5 ;
    %wait E_0x1d4b770;
    %load/v 8, v0x1d4be60_0, 1;
    %mov 9, 0, 2;
    %cmpi/u 8, 1, 3;
    %jmp/0xz  T_5.0, 4;
    %ix/load 0, 4, 0;
    %assign/v0 v0x1d4bc70_0, 0, 0;
    %jmp T_5.1;
T_5.0 ;
    %load/v 8, v0x1d4bd10_0, 4;
    %ix/load 0, 4, 0;
    %assign/v0 v0x1d4bc70_0, 0, 8;
T_5.1 ;
    %jmp T_5;
    .thread T_5;
    .scope S_0x1d23ba0;
T_6 ;
    %wait E_0x1d4c0d0;
    %load/v 8, v0x1d4c520_0, 1;
    %mov 9, 0, 2;
    %cmpi/u 8, 1, 3;
    %mov 8, 4, 1;
    %load/v 9, v0x1d4c290_0, 4;
    %mov 13, 0, 1;
    %cmpi/u 9, 5, 5;
    %inv 4, 1;
    %mov 9, 4, 1;
    %and 8, 9, 1;
    %jmp/0xz  T_6.0, 8;
    %load/v 8, v0x1d4c290_0, 4;
    %mov 12, 0, 1;
    %cmpi/u 8, 0, 5;
    %jmp/0xz  T_6.2, 4;
    %set/v v0x1d4c1f0_0, 1, 1;
    %jmp T_6.3;
T_6.2 ;
    %set/v v0x1d4c1f0_0, 0, 1;
T_6.3 ;
    %load/v 8, v0x1d4c290_0, 4;
    %mov 12, 0, 28;
    %addi 8, 1, 32;
    %set/v v0x1d4c330_0, 8, 4;
    %load/v 8, v0x1d4c290_0, 4;
    %set/v v0x1d4c3e0_0, 8, 4;
    %jmp T_6.1;
T_6.0 ;
    %load/v 8, v0x1d4c520_0, 1;
    %mov 9, 0, 1;
    %cmpi/u 8, 0, 2;
    %jmp/0xz  T_6.4, 4;
    %set/v v0x1d4c1f0_0, 0, 1;
    %load/v 8, v0x1d4c290_0, 4;
    %set/v v0x1d4c330_0, 8, 4;
    %load/v 8, v0x1d4c290_0, 4;
    %set/v v0x1d4c3e0_0, 8, 4;
    %jmp T_6.5;
T_6.4 ;
    %load/v 8, v0x1d4c5c0_0, 1;
    %mov 9, 0, 2;
    %cmpi/u 8, 1, 3;
    %jmp/0xz  T_6.6, 4;
    %set/v v0x1d4c1f0_0, 0, 1;
    %load/v 8, v0x1d4c290_0, 4;
    %set/v v0x1d4c330_0, 8, 4;
    %load/v 8, v0x1d4c290_0, 4;
    %set/v v0x1d4c3e0_0, 8, 4;
    %jmp T_6.7;
T_6.6 ;
    %load/v 8, v0x1d4c480_0, 1;
    %mov 9, 0, 2;
    %cmpi/u 8, 1, 3;
    %jmp/0xz  T_6.8, 4;
    %set/v v0x1d4c1f0_0, 0, 1;
    %set/v v0x1d4c330_0, 0, 4;
    %load/v 8, v0x1d4c290_0, 4;
    %set/v v0x1d4c3e0_0, 8, 4;
T_6.8 ;
T_6.7 ;
T_6.5 ;
T_6.1 ;
    %load/v 8, v0x1d4c290_0, 4;
    %mov 12, 0, 1;
    %cmpi/u 8, 5, 5;
    %jmp/0xz  T_6.10, 4;
    %set/v v0x1d4c330_0, 0, 4;
    %set/v v0x1d4c1f0_0, 0, 1;
    %load/v 8, v0x1d4c290_0, 4;
    %set/v v0x1d4c3e0_0, 8, 4;
T_6.10 ;
    %jmp T_6;
    .thread T_6, $push;
    .scope S_0x1d23ba0;
T_7 ;
    %wait E_0x1d4bd90;
    %load/v 8, v0x1d4c480_0, 1;
    %mov 9, 0, 2;
    %cmpi/u 8, 1, 3;
    %jmp/0xz  T_7.0, 4;
    %ix/load 0, 4, 0;
    %assign/v0 v0x1d4c290_0, 0, 0;
    %jmp T_7.1;
T_7.0 ;
    %load/v 8, v0x1d4c330_0, 4;
    %ix/load 0, 4, 0;
    %assign/v0 v0x1d4c290_0, 0, 8;
T_7.1 ;
    %jmp T_7;
    .thread T_7;
# The file index is used to find the file name in the following table.
:file_names 7;
    "N/A";
    "<interactive>";
    "././Mod10Counter.v";
    "././Mod13Counter.v";
    "././Mod2Counter.v";
    "././Mod6Counter.v";
    "Watch.v";
