#! /usr/bin/vvp
:ivl_version "0.9.7 " "(v0_9_7)";
:vpi_time_precision + 0;
:vpi_module "system";
:vpi_module "v2005_math";
:vpi_module "va_math";
S_0x1e29e60 .scope module, "full_adder" "full_adder" 2 2;
 .timescale 0 0;
L_0x1e3a820 .functor OR 1, L_0x1e3a580, L_0x1e3a770, C4<0>, C4<0>;
v0x1e39eb0_0 .net "A", 0 0, C4<z>; 0 drivers
v0x1e39f60_0 .net "B", 0 0, C4<z>; 0 drivers
v0x1e3a010_0 .net "Cin", 0 0, C4<z>; 0 drivers
v0x1e3a0c0_0 .net "Cout", 0 0, L_0x1e3a820; 1 drivers
v0x1e3a170_0 .net "c1", 0 0, L_0x1e3a580; 1 drivers
v0x1e3a220_0 .net "c2", 0 0, L_0x1e3a770; 1 drivers
v0x1e3a2e0_0 .net "s1", 0 0, L_0x1e3a480; 1 drivers
v0x1e3a3b0_0 .net "sum", 0 0, L_0x1e3a630; 1 drivers
S_0x1e39ae0 .scope module, "HA1" "half_adder" 2 7, 3 2, S_0x1e29e60;
 .timescale 0 0;
L_0x1e3a480 .functor XOR 1, C4<z>, C4<z>, C4<0>, C4<0>;
L_0x1e3a580 .functor AND 1, C4<z>, C4<z>, C4<1>, C4<1>;
v0x1e39bd0_0 .alias "A", 0 0, v0x1e39eb0_0;
v0x1e39c90_0 .alias "B", 0 0, v0x1e39f60_0;
v0x1e39d30_0 .alias "carry", 0 0, v0x1e3a170_0;
v0x1e39dd0_0 .alias "sum", 0 0, v0x1e3a2e0_0;
S_0x1e29f50 .scope module, "HA2" "half_adder" 2 8, 3 2, S_0x1e29e60;
 .timescale 0 0;
L_0x1e3a630 .functor XOR 1, L_0x1e3a480, C4<z>, C4<0>, C4<0>;
L_0x1e3a770 .functor AND 1, L_0x1e3a480, C4<z>, C4<1>, C4<1>;
v0x1e2a040_0 .alias "A", 0 0, v0x1e3a2e0_0;
v0x1e398f0_0 .alias "B", 0 0, v0x1e3a010_0;
v0x1e39990_0 .alias "carry", 0 0, v0x1e3a220_0;
v0x1e39a30_0 .alias "sum", 0 0, v0x1e3a3b0_0;
# The file index is used to find the file name in the following table.
:file_names 4;
    "N/A";
    "<interactive>";
    "full_adder.v";
    "./half_adder.v";
