#! /usr/bin/vvp
:ivl_version "0.9.7 " "(v0_9_7)";
:vpi_time_precision + 0;
:vpi_module "system";
:vpi_module "v2005_math";
:vpi_module "va_math";
S_0x22154e0 .scope module, "test" "test" 2 2;
 .timescale 0 0;
v0x2242a20_0 .var "A", 3 0;
v0x2242aa0_0 .var "B", 3 0;
v0x2242b50_0 .var "Cin", 0 0;
v0x2242bd0_0 .net "Cout", 0 0, L_0x22448c0; 1 drivers
RS_0x7f7729f5a5e8 .resolv tri, L_0x2243220, L_0x2243a10, L_0x2244140, L_0x2244960;
v0x2242cd0_0 .net8 "Sum", 3 0, RS_0x7f7729f5a5e8; 4 drivers
S_0x2214700 .scope module, "uut" "ripple_adder" 2 11, 3 2, S_0x22154e0;
 .timescale 0 0;
v0x2242550_0 .net "A", 3 0, v0x2242a20_0; 1 drivers
v0x22425d0_0 .net "B", 3 0, v0x2242aa0_0; 1 drivers
v0x2242650_0 .net "Cin", 0 0, v0x2242b50_0; 1 drivers
v0x2242720_0 .alias "Cout", 0 0, v0x2242bd0_0;
v0x22427d0_0 .alias "Sum", 3 0, v0x2242cd0_0;
v0x2242850_0 .net "c1", 0 0, L_0x2243130; 1 drivers
v0x22428d0_0 .net "c2", 0 0, L_0x22438e0; 1 drivers
v0x2242950_0 .net "c3", 0 0, L_0x2244010; 1 drivers
L_0x2243220 .part/pv L_0x2242f00, 0, 1, 4;
L_0x22432c0 .part v0x2242a20_0, 0, 1;
L_0x22433f0 .part v0x2242aa0_0, 0, 1;
L_0x2243a10 .part/pv L_0x22436e0, 1, 1, 4;
L_0x2243ab0 .part v0x2242a20_0, 1, 1;
L_0x2243be0 .part v0x2242aa0_0, 1, 1;
L_0x2244140 .part/pv L_0x2243e10, 2, 1, 4;
L_0x2244270 .part v0x2242a20_0, 2, 1;
L_0x2244430 .part v0x2242aa0_0, 2, 1;
L_0x2244960 .part/pv L_0x2244710, 3, 1, 4;
L_0x2244a60 .part v0x2242a20_0, 3, 1;
L_0x2244b90 .part v0x2242aa0_0, 3, 1;
S_0x2241840 .scope module, "FA1" "full_adder" 3 9, 4 2, S_0x2214700;
 .timescale 0 0;
L_0x2243130 .functor OR 1, L_0x2242e50, L_0x22430d0, C4<0>, C4<0>;
v0x2241fa0_0 .net "A", 0 0, L_0x22432c0; 1 drivers
v0x2242050_0 .net "B", 0 0, L_0x22433f0; 1 drivers
v0x2242100_0 .alias "Cin", 0 0, v0x2242650_0;
v0x22421b0_0 .alias "Cout", 0 0, v0x2242850_0;
v0x22422b0_0 .net "c1", 0 0, L_0x2242e50; 1 drivers
v0x2242330_0 .net "c2", 0 0, L_0x22430d0; 1 drivers
v0x22423b0_0 .net "s1", 0 0, L_0x2242d50; 1 drivers
v0x2242480_0 .net "sum", 0 0, L_0x2242f00; 1 drivers
S_0x2241c50 .scope module, "HA1" "half_adder" 4 7, 5 1, S_0x2241840;
 .timescale 0 0;
L_0x2242d50 .functor XOR 1, L_0x22432c0, L_0x22433f0, C4<0>, C4<0>;
L_0x2242e50 .functor AND 1, L_0x22432c0, L_0x22433f0, C4<1>, C4<1>;
v0x2241d40_0 .alias "A", 0 0, v0x2241fa0_0;
v0x2241dc0_0 .alias "B", 0 0, v0x2242050_0;
v0x2241e40_0 .alias "carry", 0 0, v0x22422b0_0;
v0x2241ec0_0 .alias "sum", 0 0, v0x22423b0_0;
S_0x2241930 .scope module, "HA2" "half_adder" 4 8, 5 1, S_0x2241840;
 .timescale 0 0;
L_0x2242f00 .functor XOR 1, L_0x2242d50, v0x2242b50_0, C4<0>, C4<0>;
L_0x22430d0 .functor AND 1, L_0x2242d50, v0x2242b50_0, C4<1>, C4<1>;
v0x2241a20_0 .alias "A", 0 0, v0x22423b0_0;
v0x2241aa0_0 .alias "B", 0 0, v0x2242650_0;
v0x2241b20_0 .alias "carry", 0 0, v0x2242330_0;
v0x2241ba0_0 .alias "sum", 0 0, v0x2242480_0;
S_0x2240b30 .scope module, "FA2" "full_adder" 3 10, 4 2, S_0x2214700;
 .timescale 0 0;
L_0x22438e0 .functor OR 1, L_0x2243610, L_0x2243860, C4<0>, C4<0>;
v0x2241290_0 .net "A", 0 0, L_0x2243ab0; 1 drivers
v0x2241340_0 .net "B", 0 0, L_0x2243be0; 1 drivers
v0x22413f0_0 .alias "Cin", 0 0, v0x2242850_0;
v0x22414a0_0 .alias "Cout", 0 0, v0x22428d0_0;
v0x22415a0_0 .net "c1", 0 0, L_0x2243610; 1 drivers
v0x2241620_0 .net "c2", 0 0, L_0x2243860; 1 drivers
v0x22416a0_0 .net "s1", 0 0, L_0x2243520; 1 drivers
v0x2241770_0 .net "sum", 0 0, L_0x22436e0; 1 drivers
S_0x2240f40 .scope module, "HA1" "half_adder" 4 7, 5 1, S_0x2240b30;
 .timescale 0 0;
L_0x2243520 .functor XOR 1, L_0x2243ab0, L_0x2243be0, C4<0>, C4<0>;
L_0x2243610 .functor AND 1, L_0x2243ab0, L_0x2243be0, C4<1>, C4<1>;
v0x2241030_0 .alias "A", 0 0, v0x2241290_0;
v0x22410b0_0 .alias "B", 0 0, v0x2241340_0;
v0x2241130_0 .alias "carry", 0 0, v0x22415a0_0;
v0x22411b0_0 .alias "sum", 0 0, v0x22416a0_0;
S_0x2240c20 .scope module, "HA2" "half_adder" 4 8, 5 1, S_0x2240b30;
 .timescale 0 0;
L_0x22436e0 .functor XOR 1, L_0x2243520, L_0x2243130, C4<0>, C4<0>;
L_0x2243860 .functor AND 1, L_0x2243520, L_0x2243130, C4<1>, C4<1>;
v0x2240d10_0 .alias "A", 0 0, v0x22416a0_0;
v0x2240d90_0 .alias "B", 0 0, v0x2242850_0;
v0x2240e10_0 .alias "carry", 0 0, v0x2241620_0;
v0x2240e90_0 .alias "sum", 0 0, v0x2241770_0;
S_0x223fe00 .scope module, "FA3" "full_adder" 3 11, 4 2, S_0x2214700;
 .timescale 0 0;
L_0x2244010 .functor OR 1, L_0x2243d90, L_0x2243f90, C4<0>, C4<0>;
v0x2240580_0 .net "A", 0 0, L_0x2244270; 1 drivers
v0x2240630_0 .net "B", 0 0, L_0x2244430; 1 drivers
v0x22406e0_0 .alias "Cin", 0 0, v0x22428d0_0;
v0x2240790_0 .alias "Cout", 0 0, v0x2242950_0;
v0x2240890_0 .net "c1", 0 0, L_0x2243d90; 1 drivers
v0x2240910_0 .net "c2", 0 0, L_0x2243f90; 1 drivers
v0x2240990_0 .net "s1", 0 0, L_0x2243d10; 1 drivers
v0x2240a60_0 .net "sum", 0 0, L_0x2243e10; 1 drivers
S_0x2240210 .scope module, "HA1" "half_adder" 4 7, 5 1, S_0x223fe00;
 .timescale 0 0;
L_0x2243d10 .functor XOR 1, L_0x2244270, L_0x2244430, C4<0>, C4<0>;
L_0x2243d90 .functor AND 1, L_0x2244270, L_0x2244430, C4<1>, C4<1>;
v0x2240300_0 .alias "A", 0 0, v0x2240580_0;
v0x2240380_0 .alias "B", 0 0, v0x2240630_0;
v0x2240400_0 .alias "carry", 0 0, v0x2240890_0;
v0x22404a0_0 .alias "sum", 0 0, v0x2240990_0;
S_0x223fef0 .scope module, "HA2" "half_adder" 4 8, 5 1, S_0x223fe00;
 .timescale 0 0;
L_0x2243e10 .functor XOR 1, L_0x2243d10, L_0x22438e0, C4<0>, C4<0>;
L_0x2243f90 .functor AND 1, L_0x2243d10, L_0x22438e0, C4<1>, C4<1>;
v0x223ffe0_0 .alias "A", 0 0, v0x2240990_0;
v0x2240060_0 .alias "B", 0 0, v0x22428d0_0;
v0x22400e0_0 .alias "carry", 0 0, v0x2240910_0;
v0x2240160_0 .alias "sum", 0 0, v0x2240a60_0;
S_0x2213460 .scope module, "FA4" "full_adder" 3 12, 4 2, S_0x2214700;
 .timescale 0 0;
L_0x22448c0 .functor OR 1, L_0x2244690, L_0x2244840, C4<0>, C4<0>;
v0x223f830_0 .net "A", 0 0, L_0x2244a60; 1 drivers
v0x223f8e0_0 .net "B", 0 0, L_0x2244b90; 1 drivers
v0x223f990_0 .alias "Cin", 0 0, v0x2242950_0;
v0x223fa40_0 .alias "Cout", 0 0, v0x2242bd0_0;
v0x223faf0_0 .net "c1", 0 0, L_0x2244690; 1 drivers
v0x223fba0_0 .net "c2", 0 0, L_0x2244840; 1 drivers
v0x223fc60_0 .net "s1", 0 0, L_0x22445f0; 1 drivers
v0x223fd30_0 .net "sum", 0 0, L_0x2244710; 1 drivers
S_0x223f460 .scope module, "HA1" "half_adder" 4 7, 5 1, S_0x2213460;
 .timescale 0 0;
L_0x22445f0 .functor XOR 1, L_0x2244a60, L_0x2244b90, C4<0>, C4<0>;
L_0x2244690 .functor AND 1, L_0x2244a60, L_0x2244b90, C4<1>, C4<1>;
v0x223f550_0 .alias "A", 0 0, v0x223f830_0;
v0x223f610_0 .alias "B", 0 0, v0x223f8e0_0;
v0x223f6b0_0 .alias "carry", 0 0, v0x223faf0_0;
v0x223f750_0 .alias "sum", 0 0, v0x223fc60_0;
S_0x22131b0 .scope module, "HA2" "half_adder" 4 8, 5 1, S_0x2213460;
 .timescale 0 0;
L_0x2244710 .functor XOR 1, L_0x22445f0, L_0x2244010, C4<0>, C4<0>;
L_0x2244840 .functor AND 1, L_0x22445f0, L_0x2244010, C4<1>, C4<1>;
v0x2217810_0 .alias "A", 0 0, v0x223fc60_0;
v0x223f270_0 .alias "B", 0 0, v0x2242950_0;
v0x223f310_0 .alias "carry", 0 0, v0x223fba0_0;
v0x223f3b0_0 .alias "sum", 0 0, v0x223fd30_0;
    .scope S_0x22154e0;
T_0 ;
    %set/v v0x2242a20_0, 0, 4;
    %set/v v0x2242aa0_0, 0, 4;
    %set/v v0x2242b50_0, 0, 1;
    %delay 100, 0;
    %movi 8, 1, 4;
    %set/v v0x2242a20_0, 8, 4;
    %set/v v0x2242aa0_0, 0, 4;
    %set/v v0x2242b50_0, 0, 1;
    %delay 100, 0;
    %movi 8, 10, 4;
    %set/v v0x2242a20_0, 8, 4;
    %movi 8, 3, 4;
    %set/v v0x2242aa0_0, 8, 4;
    %set/v v0x2242b50_0, 0, 1;
    %delay 100, 0;
    %movi 8, 13, 4;
    %set/v v0x2242a20_0, 8, 4;
    %movi 8, 10, 4;
    %set/v v0x2242aa0_0, 8, 4;
    %set/v v0x2242b50_0, 1, 1;
    %delay 100, 0;
    %set/v v0x2242a20_0, 1, 4;
    %set/v v0x2242aa0_0, 1, 4;
    %set/v v0x2242b50_0, 1, 1;
    %delay 100, 0;
    %set/v v0x2242a20_0, 1, 4;
    %set/v v0x2242aa0_0, 1, 4;
    %set/v v0x2242b50_0, 0, 1;
    %delay 100, 0;
    %movi 8, 1, 4;
    %set/v v0x2242a20_0, 8, 4;
    %movi 8, 11, 4;
    %set/v v0x2242aa0_0, 8, 4;
    %set/v v0x2242b50_0, 0, 1;
    %end;
    .thread T_0;
    .scope S_0x22154e0;
T_1 ;
    %vpi_call 2 33 "$monitor", "time = ", $time, " A=%b B=%b Cin= %b : Sum = %b Cout = %b", v0x2242a20_0, v0x2242aa0_0, v0x2242b50_0, v0x2242cd0_0, v0x2242bd0_0;
    %end;
    .thread T_1;
# The file index is used to find the file name in the following table.
:file_names 6;
    "N/A";
    "<interactive>";
    "testbench.v";
    "./ripple_adder.v";
    "./full_adder.v";
    "./half_adder.v";
