#! /usr/bin/vvp
:ivl_version "0.9.7 " "(v0_9_7)";
:vpi_time_precision - 12;
:vpi_module "system";
:vpi_module "v2005_math";
:vpi_module "va_math";
S_0x2211fe0 .scope module, "v74x139h_test" "v74x139h_test" 2 2;
 .timescale -9 -12;
v0x2227cf0_0 .var "A", 0 0;
v0x2227d90_0 .var "B", 0 0;
v0x2227e40_0 .var "G_L", 0 0;
v0x2227ef0_0 .net "Y0_L", 0 0, L_0x22284d0; 1 drivers
v0x2227fd0_0 .net "Y1_L", 0 0, L_0x2228610; 1 drivers
v0x2228080_0 .net "Y2_L", 0 0, L_0x2228750; 1 drivers
v0x2228100_0 .net "Y3_L", 0 0, L_0x2228920; 1 drivers
S_0x22120d0 .scope module, "uut" "v74x139h_a" 2 13, 3 3, S_0x2211fe0;
 .timescale -9 -12;
L_0x2227ac0 .functor NOT 1, v0x2227e40_0, C4<0>, C4<0>, C4<0>;
L_0x22281e0 .functor NOT 1, v0x2227d90_0, C4<0>, C4<0>, C4<0>;
L_0x2228290 .functor NOT 1, v0x2227cf0_0, C4<0>, C4<0>, C4<0>;
L_0x2228340 .functor NOT 1, L_0x22281e0, C4<0>, C4<0>, C4<0>;
L_0x22283f0 .functor NOT 1, L_0x2228290, C4<0>, C4<0>, C4<0>;
L_0x22284d0 .functor NAND 1, L_0x2228290, L_0x22281e0, L_0x2227ac0, C4<1>;
L_0x2228610 .functor NAND 1, L_0x2227ac0, L_0x22281e0, L_0x22283f0, C4<1>;
L_0x2228750 .functor NAND 1, L_0x2227ac0, L_0x2228290, L_0x2228340, C4<1>;
L_0x2228920 .functor NAND 1, L_0x2227ac0, L_0x22283f0, L_0x2228340, C4<1>;
v0x2212df0_0 .net "A", 0 0, v0x2227cf0_0; 1 drivers
v0x22274a0_0 .net "A_L", 0 0, L_0x2228290; 1 drivers
v0x2227540_0 .net "A_i", 0 0, L_0x22283f0; 1 drivers
v0x22275e0_0 .net "B", 0 0, v0x2227d90_0; 1 drivers
v0x2227690_0 .net "B_L", 0 0, L_0x22281e0; 1 drivers
v0x2227730_0 .net "B_i", 0 0, L_0x2228340; 1 drivers
v0x2227810_0 .net "G", 0 0, L_0x2227ac0; 1 drivers
v0x22278b0_0 .net "G_L", 0 0, v0x2227e40_0; 1 drivers
v0x22279a0_0 .alias "Y0_L", 0 0, v0x2227ef0_0;
v0x2227a40_0 .alias "Y1_L", 0 0, v0x2227fd0_0;
v0x2227b40_0 .alias "Y2_L", 0 0, v0x2228080_0;
v0x2227be0_0 .alias "Y3_L", 0 0, v0x2228100_0;
    .scope S_0x2211fe0;
T_0 ;
    %vpi_call 2 24 "$dumpfile", "wave.vcd";
    %vpi_call 2 25 "$dumpvars", 1'sb0, S_0x2211fe0;
    %set/v v0x2227e40_0, 0, 1;
    %set/v v0x2227cf0_0, 0, 1;
    %set/v v0x2227d90_0, 0, 1;
    %delay 100000, 0;
    %set/v v0x2227e40_0, 0, 1;
    %set/v v0x2227cf0_0, 1, 1;
    %set/v v0x2227d90_0, 0, 1;
    %delay 100000, 0;
    %set/v v0x2227e40_0, 0, 1;
    %set/v v0x2227cf0_0, 0, 1;
    %set/v v0x2227d90_0, 1, 1;
    %delay 100000, 0;
    %set/v v0x2227e40_0, 0, 1;
    %set/v v0x2227cf0_0, 1, 1;
    %set/v v0x2227d90_0, 1, 1;
    %delay 100000, 0;
    %set/v v0x2227e40_0, 0, 1;
    %set/v v0x2227cf0_0, 1, 1;
    %set/v v0x2227d90_0, 0, 1;
    %delay 100000, 0;
    %end;
    .thread T_0;
# The file index is used to find the file name in the following table.
:file_names 4;
    "N/A";
    "<interactive>";
    "v74x139h_test.v";
    "./v74x139h_a.v";
