#! /usr/bin/vvp
:ivl_version "0.9.7 " "(v0_9_7)";
:vpi_time_precision + 0;
:vpi_module "system";
:vpi_module "v2005_math";
:vpi_module "va_math";
S_0x1287fc0 .scope module, "AlarmModule_test" "AlarmModule_test" 2 2;
 .timescale 0 0;
v0x12a35c0_0 .net "alarm", 0 0, v0x127a0a0_0; 1 drivers
v0x12a3660_0 .var "clk", 0 0;
v0x12a3710_0 .var "curHour0", 3 0;
v0x12a37c0_0 .var "curHour1", 3 0;
v0x12a38a0_0 .var "curMin0", 3 0;
v0x12a3950_0 .var "curMin1", 3 0;
v0x12a39d0_0 .var "reset", 0 0;
v0x12a3a80_0 .var "set", 0 0;
S_0x12880b0 .scope module, "uut" "AlarmModule" 2 7, 3 1, S_0x1287fc0;
 .timescale 0 0;
v0x127a0a0_0 .var "alarm", 0 0;
v0x12a2d70_0 .net "alarmReset", 0 0, v0x12a39d0_0; 1 drivers
v0x12a2e10_0 .net "alarmSet", 0 0, v0x12a3a80_0; 1 drivers
v0x12a2eb0_0 .net "clk", 0 0, v0x12a3660_0; 1 drivers
v0x12a2f60_0 .net "curHour0", 3 0, v0x12a3710_0; 1 drivers
v0x12a3000_0 .net "curHour1", 3 0, v0x12a37c0_0; 1 drivers
v0x12a30e0_0 .net "curMin0", 3 0, v0x12a38a0_0; 1 drivers
v0x12a3180_0 .net "curMin1", 3 0, v0x12a3950_0; 1 drivers
v0x12a3270_0 .var "savHour0", 3 0;
v0x12a3310_0 .var "savHour1", 3 0;
v0x12a3410_0 .var "savMin0", 3 0;
v0x12a34b0_0 .var "savMin1", 3 0;
E_0x1267e40 .event posedge, v0x12a2eb0_0;
E_0x128c5d0 .event edge, v0x12a30e0_0;
    .scope S_0x12880b0;
T_0 ;
    %wait E_0x128c5d0;
    %load/v 8, v0x12a3410_0, 4;
    %load/v 12, v0x12a30e0_0, 4;
    %cmp/u 8, 12, 4;
    %mov 8, 4, 1;
    %load/v 9, v0x12a34b0_0, 4;
    %load/v 13, v0x12a3180_0, 4;
    %cmp/u 9, 13, 4;
    %mov 9, 4, 1;
    %and 8, 9, 1;
    %load/v 9, v0x12a3270_0, 4;
    %load/v 13, v0x12a2f60_0, 4;
    %cmp/u 9, 13, 4;
    %mov 9, 4, 1;
    %and 8, 9, 1;
    %load/v 9, v0x12a3310_0, 4;
    %load/v 13, v0x12a3000_0, 4;
    %cmp/u 9, 13, 4;
    %mov 9, 4, 1;
    %and 8, 9, 1;
    %jmp/0xz  T_0.0, 8;
    %set/v v0x127a0a0_0, 1, 1;
    %jmp T_0.1;
T_0.0 ;
    %set/v v0x127a0a0_0, 0, 1;
T_0.1 ;
    %jmp T_0;
    .thread T_0, $push;
    .scope S_0x12880b0;
T_1 ;
    %wait E_0x1267e40;
    %load/v 8, v0x12a2d70_0, 1;
    %mov 9, 0, 2;
    %cmpi/u 8, 1, 3;
    %jmp/0xz  T_1.0, 4;
    %ix/load 0, 4, 0;
    %assign/v0 v0x12a3410_0, 0, 0;
    %ix/load 0, 4, 0;
    %assign/v0 v0x12a34b0_0, 0, 0;
    %ix/load 0, 4, 0;
    %assign/v0 v0x12a3270_0, 0, 0;
    %ix/load 0, 4, 0;
    %assign/v0 v0x12a3310_0, 0, 0;
    %jmp T_1.1;
T_1.0 ;
    %load/v 8, v0x12a2e10_0, 1;
    %mov 9, 0, 2;
    %cmpi/u 8, 1, 3;
    %jmp/0xz  T_1.2, 4;
    %load/v 8, v0x12a30e0_0, 4;
    %ix/load 0, 4, 0;
    %assign/v0 v0x12a3410_0, 0, 8;
    %load/v 8, v0x12a3180_0, 4;
    %ix/load 0, 4, 0;
    %assign/v0 v0x12a34b0_0, 0, 8;
    %load/v 8, v0x12a2f60_0, 4;
    %ix/load 0, 4, 0;
    %assign/v0 v0x12a3270_0, 0, 8;
    %load/v 8, v0x12a3000_0, 4;
    %ix/load 0, 4, 0;
    %assign/v0 v0x12a3310_0, 0, 8;
T_1.2 ;
T_1.1 ;
    %jmp T_1;
    .thread T_1;
    .scope S_0x1287fc0;
T_2 ;
    %set/v v0x12a39d0_0, 1, 1;
    %set/v v0x12a3660_0, 0, 1;
    %vpi_call 2 14 "$dumpfile", "alarm.vcd";
    %vpi_call 2 15 "$dumpvars", 1'sb0, S_0x1287fc0;
T_2.0 ;
    %delay 10, 0;
    %load/v 8, v0x12a3660_0, 1;
    %inv 8, 1;
    %set/v v0x12a3660_0, 8, 1;
    %jmp T_2.0;
    %end;
    .thread T_2;
    .scope S_0x1287fc0;
T_3 ;
    %delay 100, 0;
    %ix/load 0, 1, 0;
    %assign/v0 v0x12a39d0_0, 0, 0;
    %ix/load 0, 1, 0;
    %assign/v0 v0x12a3a80_0, 0, 1;
    %ix/load 0, 4, 0;
    %assign/v0 v0x12a37c0_0, 0, 0;
    %movi 8, 9, 4;
    %ix/load 0, 4, 0;
    %assign/v0 v0x12a3710_0, 0, 8;
    %movi 12, 2, 4;
    %ix/load 0, 4, 0;
    %assign/v0 v0x12a3950_0, 0, 12;
    %movi 12, 5, 4;
    %ix/load 0, 4, 0;
    %assign/v0 v0x12a38a0_0, 0, 12;
    %delay 50, 0;
    %set/v v0x12a3a80_0, 0, 1;
    %ix/load 0, 4, 0;
    %assign/v0 v0x12a38a0_0, 0, 0;
    %delay 20, 0;
    %load/v 8, v0x12a38a0_0, 4;
    %mov 12, 0, 28;
    %addi 8, 1, 32;
    %set/v v0x12a38a0_0, 8, 4;
    %delay 20, 0;
    %load/v 8, v0x12a38a0_0, 4;
    %mov 12, 0, 28;
    %addi 8, 1, 32;
    %set/v v0x12a38a0_0, 8, 4;
    %delay 20, 0;
    %load/v 8, v0x12a38a0_0, 4;
    %mov 12, 0, 28;
    %addi 8, 1, 32;
    %set/v v0x12a38a0_0, 8, 4;
    %delay 20, 0;
    %load/v 8, v0x12a38a0_0, 4;
    %mov 12, 0, 28;
    %addi 8, 1, 32;
    %set/v v0x12a38a0_0, 8, 4;
    %delay 20, 0;
    %load/v 8, v0x12a38a0_0, 4;
    %mov 12, 0, 28;
    %addi 8, 1, 32;
    %set/v v0x12a38a0_0, 8, 4;
    %delay 50, 0;
    %load/v 8, v0x12a38a0_0, 4;
    %mov 12, 0, 28;
    %addi 8, 1, 32;
    %set/v v0x12a38a0_0, 8, 4;
    %delay 200, 0;
    %vpi_call 2 60 "$finish";
    %end;
    .thread T_3;
    .scope S_0x1287fc0;
T_4 ;
    %vpi_call 2 64 "$monitor", $time, "  min0 : %b alarm: %b", v0x12a38a0_0, v0x12a35c0_0;
    %end;
    .thread T_4;
# The file index is used to find the file name in the following table.
:file_names 4;
    "N/A";
    "<interactive>";
    "AlarmModule_test.v";
    "././AlarmModule.v";
