#! /usr/bin/vvp
:ivl_version "0.9.7 " "(v0_9_7)";
:vpi_time_precision + 0;
:vpi_module "system";
:vpi_module "v2005_math";
:vpi_module "va_math";
S_0x1f633f0 .scope module, "StopWatch_test" "StopWatch_test" 2 3;
 .timescale 0 0;
v0x1fabb20_0 .var "clk", 0 0;
v0x1fabba0_0 .net "milSec0", 3 0, v0x1faaf60_0; 1 drivers
v0x1fabc20_0 .net "min0", 3 0, v0x1fa8340_0; 1 drivers
v0x1fabca0_0 .var "reset", 0 0;
v0x1fabd20_0 .net "sec0", 3 0, v0x1faa0b0_0; 1 drivers
v0x1fabda0_0 .net "sec1", 3 0, v0x1fa9250_0; 1 drivers
v0x1fabe70_0 .var "start_resume", 0 0;
v0x1fabef0_0 .var "stop", 0 0;
S_0x1f634e0 .scope module, "uut" "StopWatch" 2 7, 3 6, S_0x1f633f0;
 .timescale 0 0;
v0x1fab1a0_0 .net "clk", 0 0, v0x1fabb20_0; 1 drivers
v0x1fab2d0_0 .alias "milSec0", 3 0, v0x1fabba0_0;
v0x1fab350_0 .alias "min0", 3 0, v0x1fabc20_0;
v0x1fab400_0 .net "min0clk", 0 0, v0x1fa88a0_0; 1 drivers
v0x1fab4b0_0 .net "reset", 0 0, v0x1fabca0_0; 1 drivers
v0x1fab5c0_0 .alias "sec0", 3 0, v0x1fabd20_0;
v0x1fab680_0 .net "sec0clk", 0 0, v0x1faa690_0; 1 drivers
v0x1fab700_0 .alias "sec1", 3 0, v0x1fabda0_0;
v0x1fab7d0_0 .net "sec1clk", 0 0, v0x1fa9740_0; 1 drivers
v0x1fab8a0_0 .net "start_resume", 0 0, v0x1fabe70_0; 1 drivers
v0x1faba10_0 .net "stop", 0 0, v0x1fabef0_0; 1 drivers
S_0x1faa710 .scope module, "MIL0" "SingleDigitWatch" 3 18, 4 1, S_0x1f634e0;
 .timescale 0 0;
P_0x1faa808 .param/l "eight" 4 17, C4<1000>;
P_0x1faa830 .param/l "five" 4 14, C4<0101>;
P_0x1faa858 .param/l "four" 4 13, C4<0100>;
P_0x1faa880 .param/l "nine" 4 18, C4<1001>;
P_0x1faa8a8 .param/l "one" 4 10, C4<0001>;
P_0x1faa8d0 .param/l "seven" 4 16, C4<0111>;
P_0x1faa8f8 .param/l "six" 4 15, C4<0110>;
P_0x1faa920 .param/l "three" 4 12, C4<0011>;
P_0x1faa948 .param/l "two" 4 11, C4<0010>;
P_0x1faa970 .param/l "zero" 4 9, C4<0000>;
v0x1faad80_0 .alias "clk", 0 0, v0x1fab1a0_0;
v0x1faae20_0 .var "current", 3 0;
v0x1faaec0_0 .var "next", 3 0;
v0x1faaf60_0 .var "number", 3 0;
v0x1faafe0_0 .alias "reset", 0 0, v0x1fab4b0_0;
v0x1fab060_0 .alias "start_resume", 0 0, v0x1fab8a0_0;
v0x1fab120_0 .alias "stop", 0 0, v0x1faba10_0;
E_0x1fa94f0 .event posedge, v0x1fa8740_0;
E_0x1fa92d0 .event edge, v0x1fa8570_0, v0x1fa83f0_0, v0x1fa8490_0, v0x1faae20_0;
S_0x1faa410 .scope module, "secone" "ClkDiv10" 3 19, 5 1, S_0x1f634e0;
 .timescale 0 0;
v0x1faa500_0 .alias "clk", 0 0, v0x1fab1a0_0;
v0x1faa5f0_0 .var/i "div", 31 0;
v0x1faa690_0 .var "newclk", 0 0;
S_0x1fa97f0 .scope module, "SEC0" "SingleDigitWatch" 3 20, 4 1, S_0x1f634e0;
 .timescale 0 0;
P_0x1fa98e8 .param/l "eight" 4 17, C4<1000>;
P_0x1fa9910 .param/l "five" 4 14, C4<0101>;
P_0x1fa9938 .param/l "four" 4 13, C4<0100>;
P_0x1fa9960 .param/l "nine" 4 18, C4<1001>;
P_0x1fa9988 .param/l "one" 4 10, C4<0001>;
P_0x1fa99b0 .param/l "seven" 4 16, C4<0111>;
P_0x1fa99d8 .param/l "six" 4 15, C4<0110>;
P_0x1fa9a00 .param/l "three" 4 12, C4<0011>;
P_0x1fa9a28 .param/l "two" 4 11, C4<0010>;
P_0x1fa9a50 .param/l "zero" 4 9, C4<0000>;
v0x1fa9eb0_0 .alias "clk", 0 0, v0x1fab680_0;
v0x1fa9f70_0 .var "current", 3 0;
v0x1faa010_0 .var "next", 3 0;
v0x1faa0b0_0 .var "number", 3 0;
v0x1faa160_0 .alias "reset", 0 0, v0x1fab4b0_0;
v0x1faa230_0 .alias "start_resume", 0 0, v0x1fab8a0_0;
v0x1faa340_0 .alias "stop", 0 0, v0x1faba10_0;
E_0x1fa9e00 .event posedge, v0x1fa9eb0_0;
E_0x1fa9e50 .event edge, v0x1fa8570_0, v0x1fa83f0_0, v0x1fa8490_0, v0x1fa9f70_0;
S_0x1fa9520 .scope module, "sectwo" "ClkDiv100" 3 21, 6 1, S_0x1f634e0;
 .timescale 0 0;
v0x1fa9610_0 .alias "clk", 0 0, v0x1fab1a0_0;
v0x1fa96c0_0 .var/i "div", 31 0;
v0x1fa9740_0 .var "newclk", 0 0;
S_0x1fa8950 .scope module, "SEC1" "SingleDigitWatch" 3 22, 4 1, S_0x1f634e0;
 .timescale 0 0;
P_0x1fa8a48 .param/l "eight" 4 17, C4<1000>;
P_0x1fa8a70 .param/l "five" 4 14, C4<0101>;
P_0x1fa8a98 .param/l "four" 4 13, C4<0100>;
P_0x1fa8ac0 .param/l "nine" 4 18, C4<1001>;
P_0x1fa8ae8 .param/l "one" 4 10, C4<0001>;
P_0x1fa8b10 .param/l "seven" 4 16, C4<0111>;
P_0x1fa8b38 .param/l "six" 4 15, C4<0110>;
P_0x1fa8b60 .param/l "three" 4 12, C4<0011>;
P_0x1fa8b88 .param/l "two" 4 11, C4<0010>;
P_0x1fa8bb0 .param/l "zero" 4 9, C4<0000>;
v0x1fa9050_0 .alias "clk", 0 0, v0x1fab7d0_0;
v0x1fa9110_0 .var "current", 3 0;
v0x1fa91b0_0 .var "next", 3 0;
v0x1fa9250_0 .var "number", 3 0;
v0x1fa9300_0 .alias "reset", 0 0, v0x1fab4b0_0;
v0x1fa93b0_0 .alias "start_resume", 0 0, v0x1fab8a0_0;
v0x1fa9470_0 .alias "stop", 0 0, v0x1faba10_0;
E_0x1fa8fa0 .event posedge, v0x1fa9050_0;
E_0x1fa8ff0 .event edge, v0x1fa8570_0, v0x1fa83f0_0, v0x1fa8490_0, v0x1fa9110_0;
S_0x1fa8610 .scope module, "minzero" "ClkDiv60" 3 23, 7 1, S_0x1f634e0;
 .timescale 0 0;
v0x1fa8740_0 .alias "clk", 0 0, v0x1fab1a0_0;
v0x1fa8800_0 .var/i "div", 31 0;
v0x1fa88a0_0 .var "newclk", 0 0;
E_0x1fa83c0 .event edge, v0x1fa8740_0;
S_0x1f61730 .scope module, "MIN0" "SingleDigitWatch" 3 24, 4 1, S_0x1f634e0;
 .timescale 0 0;
P_0x1f61828 .param/l "eight" 4 17, C4<1000>;
P_0x1f61850 .param/l "five" 4 14, C4<0101>;
P_0x1f61878 .param/l "four" 4 13, C4<0100>;
P_0x1f618a0 .param/l "nine" 4 18, C4<1001>;
P_0x1f618c8 .param/l "one" 4 10, C4<0001>;
P_0x1f618f0 .param/l "seven" 4 16, C4<0111>;
P_0x1f61918 .param/l "six" 4 15, C4<0110>;
P_0x1f61940 .param/l "three" 4 12, C4<0011>;
P_0x1f61968 .param/l "two" 4 11, C4<0010>;
P_0x1f61990 .param/l "zero" 4 9, C4<0000>;
v0x1f639a0_0 .alias "clk", 0 0, v0x1fab400_0;
v0x1fa8200_0 .var "current", 3 0;
v0x1fa82a0_0 .var "next", 3 0;
v0x1fa8340_0 .var "number", 3 0;
v0x1fa83f0_0 .alias "reset", 0 0, v0x1fab4b0_0;
v0x1fa8490_0 .alias "start_resume", 0 0, v0x1fab8a0_0;
v0x1fa8570_0 .alias "stop", 0 0, v0x1faba10_0;
E_0x1f41e60 .event posedge, v0x1f639a0_0;
E_0x1f88670 .event edge, v0x1fa8570_0, v0x1fa83f0_0, v0x1fa8490_0, v0x1fa8200_0;
    .scope S_0x1faa710;
T_0 ;
    %wait E_0x1fa92d0;
    %load/v 8, v0x1faae20_0, 4;
    %cmpi/u 8, 0, 4;
    %jmp/1 T_0.0, 6;
    %cmpi/u 8, 1, 4;
    %jmp/1 T_0.1, 6;
    %cmpi/u 8, 2, 4;
    %jmp/1 T_0.2, 6;
    %cmpi/u 8, 3, 4;
    %jmp/1 T_0.3, 6;
    %cmpi/u 8, 4, 4;
    %jmp/1 T_0.4, 6;
    %cmpi/u 8, 5, 4;
    %jmp/1 T_0.5, 6;
    %cmpi/u 8, 6, 4;
    %jmp/1 T_0.6, 6;
    %cmpi/u 8, 7, 4;
    %jmp/1 T_0.7, 6;
    %cmpi/u 8, 8, 4;
    %jmp/1 T_0.8, 6;
    %cmpi/u 8, 9, 4;
    %jmp/1 T_0.9, 6;
    %set/v v0x1faaf60_0, 0, 4;
    %jmp T_0.11;
T_0.0 ;
    %load/v 8, v0x1fab060_0, 1;
    %mov 9, 0, 2;
    %cmpi/u 8, 1, 3;
    %jmp/0xz  T_0.12, 4;
    %movi 8, 1, 4;
    %set/v v0x1faaec0_0, 8, 4;
    %load/v 8, v0x1faae20_0, 4;
    %set/v v0x1faaf60_0, 8, 4;
    %jmp T_0.13;
T_0.12 ;
    %load/v 8, v0x1fab060_0, 1;
    %mov 9, 0, 1;
    %cmpi/u 8, 0, 2;
    %jmp/0xz  T_0.14, 4;
    %set/v v0x1faaec0_0, 0, 4;
    %load/v 8, v0x1faae20_0, 4;
    %set/v v0x1faaf60_0, 8, 4;
    %jmp T_0.15;
T_0.14 ;
    %load/v 8, v0x1fab120_0, 1;
    %mov 9, 0, 2;
    %cmpi/u 8, 1, 3;
    %jmp/0xz  T_0.16, 4;
    %set/v v0x1faaec0_0, 0, 4;
    %load/v 8, v0x1faae20_0, 4;
    %set/v v0x1faaf60_0, 8, 4;
    %jmp T_0.17;
T_0.16 ;
    %load/v 8, v0x1faafe0_0, 1;
    %mov 9, 0, 2;
    %cmpi/u 8, 1, 3;
    %jmp/0xz  T_0.18, 4;
    %set/v v0x1faaec0_0, 0, 4;
    %set/v v0x1faaf60_0, 0, 4;
T_0.18 ;
T_0.17 ;
T_0.15 ;
T_0.13 ;
    %jmp T_0.11;
T_0.1 ;
    %load/v 8, v0x1fab060_0, 1;
    %mov 9, 0, 2;
    %cmpi/u 8, 1, 3;
    %jmp/0xz  T_0.20, 4;
    %movi 8, 2, 4;
    %set/v v0x1faaec0_0, 8, 4;
    %load/v 8, v0x1faae20_0, 4;
    %set/v v0x1faaf60_0, 8, 4;
    %jmp T_0.21;
T_0.20 ;
    %load/v 8, v0x1fab060_0, 1;
    %mov 9, 0, 1;
    %cmpi/u 8, 0, 2;
    %jmp/0xz  T_0.22, 4;
    %load/v 8, v0x1faae20_0, 4;
    %set/v v0x1faaec0_0, 8, 4;
    %load/v 8, v0x1faae20_0, 4;
    %set/v v0x1faaf60_0, 8, 4;
    %jmp T_0.23;
T_0.22 ;
    %load/v 8, v0x1fab120_0, 1;
    %mov 9, 0, 2;
    %cmpi/u 8, 1, 3;
    %jmp/0xz  T_0.24, 4;
    %set/v v0x1faaec0_0, 0, 4;
    %load/v 8, v0x1faae20_0, 4;
    %set/v v0x1faaf60_0, 8, 4;
    %jmp T_0.25;
T_0.24 ;
    %load/v 8, v0x1faafe0_0, 1;
    %mov 9, 0, 2;
    %cmpi/u 8, 1, 3;
    %jmp/0xz  T_0.26, 4;
    %set/v v0x1faaec0_0, 0, 4;
    %set/v v0x1faaf60_0, 0, 4;
T_0.26 ;
T_0.25 ;
T_0.23 ;
T_0.21 ;
    %jmp T_0.11;
T_0.2 ;
    %load/v 8, v0x1fab060_0, 1;
    %mov 9, 0, 2;
    %cmpi/u 8, 1, 3;
    %jmp/0xz  T_0.28, 4;
    %movi 8, 3, 4;
    %set/v v0x1faaec0_0, 8, 4;
    %load/v 8, v0x1faae20_0, 4;
    %set/v v0x1faaf60_0, 8, 4;
    %jmp T_0.29;
T_0.28 ;
    %load/v 8, v0x1fab060_0, 1;
    %mov 9, 0, 1;
    %cmpi/u 8, 0, 2;
    %jmp/0xz  T_0.30, 4;
    %load/v 8, v0x1faae20_0, 4;
    %set/v v0x1faaec0_0, 8, 4;
    %load/v 8, v0x1faae20_0, 4;
    %set/v v0x1faaf60_0, 8, 4;
    %jmp T_0.31;
T_0.30 ;
    %load/v 8, v0x1fab120_0, 1;
    %mov 9, 0, 2;
    %cmpi/u 8, 1, 3;
    %jmp/0xz  T_0.32, 4;
    %load/v 8, v0x1faae20_0, 4;
    %set/v v0x1faaec0_0, 8, 4;
    %load/v 8, v0x1faae20_0, 4;
    %set/v v0x1faaf60_0, 8, 4;
    %jmp T_0.33;
T_0.32 ;
    %load/v 8, v0x1faafe0_0, 1;
    %mov 9, 0, 2;
    %cmpi/u 8, 1, 3;
    %jmp/0xz  T_0.34, 4;
    %set/v v0x1faaec0_0, 0, 4;
    %set/v v0x1faaf60_0, 0, 4;
T_0.34 ;
T_0.33 ;
T_0.31 ;
T_0.29 ;
    %jmp T_0.11;
T_0.3 ;
    %load/v 8, v0x1fab060_0, 1;
    %mov 9, 0, 2;
    %cmpi/u 8, 1, 3;
    %jmp/0xz  T_0.36, 4;
    %movi 8, 4, 4;
    %set/v v0x1faaec0_0, 8, 4;
    %load/v 8, v0x1faae20_0, 4;
    %set/v v0x1faaf60_0, 8, 4;
    %jmp T_0.37;
T_0.36 ;
    %load/v 8, v0x1fab060_0, 1;
    %mov 9, 0, 1;
    %cmpi/u 8, 0, 2;
    %jmp/0xz  T_0.38, 4;
    %load/v 8, v0x1faae20_0, 4;
    %set/v v0x1faaec0_0, 8, 4;
    %movi 8, 3, 4;
    %set/v v0x1faaf60_0, 8, 4;
    %jmp T_0.39;
T_0.38 ;
    %load/v 8, v0x1fab120_0, 1;
    %mov 9, 0, 2;
    %cmpi/u 8, 1, 3;
    %jmp/0xz  T_0.40, 4;
    %load/v 8, v0x1faae20_0, 4;
    %set/v v0x1faaec0_0, 8, 4;
    %load/v 8, v0x1faae20_0, 4;
    %set/v v0x1faaf60_0, 8, 4;
    %jmp T_0.41;
T_0.40 ;
    %load/v 8, v0x1faafe0_0, 1;
    %mov 9, 0, 2;
    %cmpi/u 8, 1, 3;
    %jmp/0xz  T_0.42, 4;
    %set/v v0x1faaec0_0, 0, 4;
    %load/v 8, v0x1faae20_0, 4;
    %set/v v0x1faaf60_0, 8, 4;
T_0.42 ;
T_0.41 ;
T_0.39 ;
T_0.37 ;
    %jmp T_0.11;
T_0.4 ;
    %load/v 8, v0x1fab060_0, 1;
    %mov 9, 0, 2;
    %cmpi/u 8, 1, 3;
    %jmp/0xz  T_0.44, 4;
    %movi 8, 5, 4;
    %set/v v0x1faaec0_0, 8, 4;
    %load/v 8, v0x1faae20_0, 4;
    %set/v v0x1faaf60_0, 8, 4;
    %jmp T_0.45;
T_0.44 ;
    %load/v 8, v0x1fab060_0, 1;
    %mov 9, 0, 1;
    %cmpi/u 8, 0, 2;
    %jmp/0xz  T_0.46, 4;
    %load/v 8, v0x1faae20_0, 4;
    %set/v v0x1faaec0_0, 8, 4;
    %load/v 8, v0x1faae20_0, 4;
    %set/v v0x1faaf60_0, 8, 4;
    %jmp T_0.47;
T_0.46 ;
    %load/v 8, v0x1fab120_0, 1;
    %mov 9, 0, 2;
    %cmpi/u 8, 1, 3;
    %jmp/0xz  T_0.48, 4;
    %load/v 8, v0x1faae20_0, 4;
    %set/v v0x1faaec0_0, 8, 4;
    %load/v 8, v0x1faae20_0, 4;
    %set/v v0x1faaf60_0, 8, 4;
    %jmp T_0.49;
T_0.48 ;
    %load/v 8, v0x1faafe0_0, 1;
    %mov 9, 0, 2;
    %cmpi/u 8, 1, 3;
    %jmp/0xz  T_0.50, 4;
    %set/v v0x1faaec0_0, 0, 4;
    %load/v 8, v0x1faae20_0, 4;
    %set/v v0x1faaf60_0, 8, 4;
T_0.50 ;
T_0.49 ;
T_0.47 ;
T_0.45 ;
    %jmp T_0.11;
T_0.5 ;
    %load/v 8, v0x1fab060_0, 1;
    %mov 9, 0, 2;
    %cmpi/u 8, 1, 3;
    %jmp/0xz  T_0.52, 4;
    %movi 8, 6, 4;
    %set/v v0x1faaec0_0, 8, 4;
    %load/v 8, v0x1faae20_0, 4;
    %set/v v0x1faaf60_0, 8, 4;
    %jmp T_0.53;
T_0.52 ;
    %load/v 8, v0x1fab060_0, 1;
    %mov 9, 0, 1;
    %cmpi/u 8, 0, 2;
    %jmp/0xz  T_0.54, 4;
    %load/v 8, v0x1faae20_0, 4;
    %set/v v0x1faaec0_0, 8, 4;
    %load/v 8, v0x1faae20_0, 4;
    %set/v v0x1faaf60_0, 8, 4;
    %jmp T_0.55;
T_0.54 ;
    %load/v 8, v0x1fab120_0, 1;
    %mov 9, 0, 2;
    %cmpi/u 8, 1, 3;
    %jmp/0xz  T_0.56, 4;
    %load/v 8, v0x1faae20_0, 4;
    %set/v v0x1faaec0_0, 8, 4;
    %load/v 8, v0x1faae20_0, 4;
    %set/v v0x1faaf60_0, 8, 4;
    %jmp T_0.57;
T_0.56 ;
    %load/v 8, v0x1faafe0_0, 1;
    %mov 9, 0, 2;
    %cmpi/u 8, 1, 3;
    %jmp/0xz  T_0.58, 4;
    %set/v v0x1faaec0_0, 0, 4;
    %load/v 8, v0x1faae20_0, 4;
    %set/v v0x1faaf60_0, 8, 4;
T_0.58 ;
T_0.57 ;
T_0.55 ;
T_0.53 ;
    %jmp T_0.11;
T_0.6 ;
    %load/v 8, v0x1fab060_0, 1;
    %mov 9, 0, 2;
    %cmpi/u 8, 1, 3;
    %jmp/0xz  T_0.60, 4;
    %movi 8, 7, 4;
    %set/v v0x1faaec0_0, 8, 4;
    %load/v 8, v0x1faae20_0, 4;
    %set/v v0x1faaf60_0, 8, 4;
    %jmp T_0.61;
T_0.60 ;
    %load/v 8, v0x1fab060_0, 1;
    %mov 9, 0, 1;
    %cmpi/u 8, 0, 2;
    %jmp/0xz  T_0.62, 4;
    %load/v 8, v0x1faae20_0, 4;
    %set/v v0x1faaec0_0, 8, 4;
    %load/v 8, v0x1faae20_0, 4;
    %set/v v0x1faaf60_0, 8, 4;
    %jmp T_0.63;
T_0.62 ;
    %load/v 8, v0x1fab120_0, 1;
    %mov 9, 0, 2;
    %cmpi/u 8, 1, 3;
    %jmp/0xz  T_0.64, 4;
    %load/v 8, v0x1faae20_0, 4;
    %set/v v0x1faaec0_0, 8, 4;
    %load/v 8, v0x1faae20_0, 4;
    %set/v v0x1faaf60_0, 8, 4;
    %jmp T_0.65;
T_0.64 ;
    %load/v 8, v0x1faafe0_0, 1;
    %mov 9, 0, 2;
    %cmpi/u 8, 1, 3;
    %jmp/0xz  T_0.66, 4;
    %set/v v0x1faaec0_0, 0, 4;
    %load/v 8, v0x1faae20_0, 4;
    %set/v v0x1faaf60_0, 8, 4;
T_0.66 ;
T_0.65 ;
T_0.63 ;
T_0.61 ;
    %jmp T_0.11;
T_0.7 ;
    %load/v 8, v0x1fab060_0, 1;
    %mov 9, 0, 2;
    %cmpi/u 8, 1, 3;
    %jmp/0xz  T_0.68, 4;
    %movi 8, 8, 4;
    %set/v v0x1faaec0_0, 8, 4;
    %load/v 8, v0x1faae20_0, 4;
    %set/v v0x1faaf60_0, 8, 4;
    %jmp T_0.69;
T_0.68 ;
    %load/v 8, v0x1fab060_0, 1;
    %mov 9, 0, 1;
    %cmpi/u 8, 0, 2;
    %jmp/0xz  T_0.70, 4;
    %load/v 8, v0x1faae20_0, 4;
    %set/v v0x1faaec0_0, 8, 4;
    %load/v 8, v0x1faae20_0, 4;
    %set/v v0x1faaf60_0, 8, 4;
    %jmp T_0.71;
T_0.70 ;
    %load/v 8, v0x1fab120_0, 1;
    %mov 9, 0, 2;
    %cmpi/u 8, 1, 3;
    %jmp/0xz  T_0.72, 4;
    %load/v 8, v0x1faae20_0, 4;
    %set/v v0x1faaec0_0, 8, 4;
    %load/v 8, v0x1faae20_0, 4;
    %set/v v0x1faaf60_0, 8, 4;
    %jmp T_0.73;
T_0.72 ;
    %load/v 8, v0x1faafe0_0, 1;
    %mov 9, 0, 2;
    %cmpi/u 8, 1, 3;
    %jmp/0xz  T_0.74, 4;
    %set/v v0x1faaec0_0, 0, 4;
    %load/v 8, v0x1faae20_0, 4;
    %set/v v0x1faaf60_0, 8, 4;
T_0.74 ;
T_0.73 ;
T_0.71 ;
T_0.69 ;
    %jmp T_0.11;
T_0.8 ;
    %load/v 8, v0x1fab060_0, 1;
    %mov 9, 0, 2;
    %cmpi/u 8, 1, 3;
    %jmp/0xz  T_0.76, 4;
    %movi 8, 9, 4;
    %set/v v0x1faaec0_0, 8, 4;
    %load/v 8, v0x1faae20_0, 4;
    %set/v v0x1faaf60_0, 8, 4;
    %jmp T_0.77;
T_0.76 ;
    %load/v 8, v0x1fab060_0, 1;
    %mov 9, 0, 1;
    %cmpi/u 8, 0, 2;
    %jmp/0xz  T_0.78, 4;
    %load/v 8, v0x1faae20_0, 4;
    %set/v v0x1faaec0_0, 8, 4;
    %load/v 8, v0x1faae20_0, 4;
    %set/v v0x1faaf60_0, 8, 4;
    %jmp T_0.79;
T_0.78 ;
    %load/v 8, v0x1fab120_0, 1;
    %mov 9, 0, 2;
    %cmpi/u 8, 1, 3;
    %jmp/0xz  T_0.80, 4;
    %load/v 8, v0x1faae20_0, 4;
    %set/v v0x1faaec0_0, 8, 4;
    %load/v 8, v0x1faae20_0, 4;
    %set/v v0x1faaf60_0, 8, 4;
    %jmp T_0.81;
T_0.80 ;
    %load/v 8, v0x1faafe0_0, 1;
    %mov 9, 0, 2;
    %cmpi/u 8, 1, 3;
    %jmp/0xz  T_0.82, 4;
    %set/v v0x1faaec0_0, 0, 4;
    %load/v 8, v0x1faae20_0, 4;
    %set/v v0x1faaf60_0, 8, 4;
T_0.82 ;
T_0.81 ;
T_0.79 ;
T_0.77 ;
    %jmp T_0.11;
T_0.9 ;
    %load/v 8, v0x1fab060_0, 1;
    %mov 9, 0, 2;
    %cmpi/u 8, 1, 3;
    %jmp/0xz  T_0.84, 4;
    %set/v v0x1faaec0_0, 0, 4;
    %load/v 8, v0x1faae20_0, 4;
    %set/v v0x1faaf60_0, 8, 4;
    %jmp T_0.85;
T_0.84 ;
    %load/v 8, v0x1fab060_0, 1;
    %mov 9, 0, 1;
    %cmpi/u 8, 0, 2;
    %jmp/0xz  T_0.86, 4;
    %load/v 8, v0x1faae20_0, 4;
    %set/v v0x1faaec0_0, 8, 4;
    %load/v 8, v0x1faae20_0, 4;
    %set/v v0x1faaf60_0, 8, 4;
    %jmp T_0.87;
T_0.86 ;
    %load/v 8, v0x1fab120_0, 1;
    %mov 9, 0, 2;
    %cmpi/u 8, 1, 3;
    %jmp/0xz  T_0.88, 4;
    %load/v 8, v0x1faae20_0, 4;
    %set/v v0x1faaec0_0, 8, 4;
    %load/v 8, v0x1faae20_0, 4;
    %set/v v0x1faaf60_0, 8, 4;
    %jmp T_0.89;
T_0.88 ;
    %load/v 8, v0x1faafe0_0, 1;
    %mov 9, 0, 2;
    %cmpi/u 8, 1, 3;
    %jmp/0xz  T_0.90, 4;
    %set/v v0x1faaec0_0, 0, 4;
    %load/v 8, v0x1faae20_0, 4;
    %set/v v0x1faaf60_0, 8, 4;
T_0.90 ;
T_0.89 ;
T_0.87 ;
T_0.85 ;
    %jmp T_0.11;
T_0.11 ;
    %jmp T_0;
    .thread T_0, $push;
    .scope S_0x1faa710;
T_1 ;
    %wait E_0x1fa94f0;
    %load/v 8, v0x1faafe0_0, 1;
    %mov 9, 0, 2;
    %cmpi/u 8, 1, 3;
    %jmp/0xz  T_1.0, 4;
    %ix/load 0, 4, 0;
    %assign/v0 v0x1faae20_0, 0, 0;
    %jmp T_1.1;
T_1.0 ;
    %load/v 8, v0x1faaec0_0, 4;
    %ix/load 0, 4, 0;
    %assign/v0 v0x1faae20_0, 0, 8;
T_1.1 ;
    %jmp T_1;
    .thread T_1;
    .scope S_0x1faa410;
T_2 ;
    %movi 8, 20, 32;
    %set/v v0x1faa5f0_0, 8, 32;
    %end;
    .thread T_2;
    .scope S_0x1faa410;
T_3 ;
    %set/v v0x1faa690_0, 0, 1;
    %end;
    .thread T_3;
    .scope S_0x1faa410;
T_4 ;
    %wait E_0x1fa83c0;
    %load/v 8, v0x1faa5f0_0, 32;
    %cmpi/u 8, 0, 32;
    %inv 4, 1;
    %jmp/0xz  T_4.0, 4;
    %set/v v0x1faa690_0, 0, 1;
    %load/v 8, v0x1faa5f0_0, 32;
    %mov 40, 39, 1;
    %subi 8, 1, 33;
    %set/v v0x1faa5f0_0, 8, 32;
T_4.0 ;
    %load/v 8, v0x1faa5f0_0, 32;
    %cmpi/u 8, 0, 32;
    %jmp/0xz  T_4.2, 4;
    %set/v v0x1faa690_0, 1, 1;
    %movi 8, 20, 32;
    %set/v v0x1faa5f0_0, 8, 32;
T_4.2 ;
    %jmp T_4;
    .thread T_4, $push;
    .scope S_0x1fa97f0;
T_5 ;
    %wait E_0x1fa9e50;
    %load/v 8, v0x1fa9f70_0, 4;
    %cmpi/u 8, 0, 4;
    %jmp/1 T_5.0, 6;
    %cmpi/u 8, 1, 4;
    %jmp/1 T_5.1, 6;
    %cmpi/u 8, 2, 4;
    %jmp/1 T_5.2, 6;
    %cmpi/u 8, 3, 4;
    %jmp/1 T_5.3, 6;
    %cmpi/u 8, 4, 4;
    %jmp/1 T_5.4, 6;
    %cmpi/u 8, 5, 4;
    %jmp/1 T_5.5, 6;
    %cmpi/u 8, 6, 4;
    %jmp/1 T_5.6, 6;
    %cmpi/u 8, 7, 4;
    %jmp/1 T_5.7, 6;
    %cmpi/u 8, 8, 4;
    %jmp/1 T_5.8, 6;
    %cmpi/u 8, 9, 4;
    %jmp/1 T_5.9, 6;
    %set/v v0x1faa0b0_0, 0, 4;
    %jmp T_5.11;
T_5.0 ;
    %load/v 8, v0x1faa230_0, 1;
    %mov 9, 0, 2;
    %cmpi/u 8, 1, 3;
    %jmp/0xz  T_5.12, 4;
    %movi 8, 1, 4;
    %set/v v0x1faa010_0, 8, 4;
    %load/v 8, v0x1fa9f70_0, 4;
    %set/v v0x1faa0b0_0, 8, 4;
    %jmp T_5.13;
T_5.12 ;
    %load/v 8, v0x1faa230_0, 1;
    %mov 9, 0, 1;
    %cmpi/u 8, 0, 2;
    %jmp/0xz  T_5.14, 4;
    %set/v v0x1faa010_0, 0, 4;
    %load/v 8, v0x1fa9f70_0, 4;
    %set/v v0x1faa0b0_0, 8, 4;
    %jmp T_5.15;
T_5.14 ;
    %load/v 8, v0x1faa340_0, 1;
    %mov 9, 0, 2;
    %cmpi/u 8, 1, 3;
    %jmp/0xz  T_5.16, 4;
    %set/v v0x1faa010_0, 0, 4;
    %load/v 8, v0x1fa9f70_0, 4;
    %set/v v0x1faa0b0_0, 8, 4;
    %jmp T_5.17;
T_5.16 ;
    %load/v 8, v0x1faa160_0, 1;
    %mov 9, 0, 2;
    %cmpi/u 8, 1, 3;
    %jmp/0xz  T_5.18, 4;
    %set/v v0x1faa010_0, 0, 4;
    %set/v v0x1faa0b0_0, 0, 4;
T_5.18 ;
T_5.17 ;
T_5.15 ;
T_5.13 ;
    %jmp T_5.11;
T_5.1 ;
    %load/v 8, v0x1faa230_0, 1;
    %mov 9, 0, 2;
    %cmpi/u 8, 1, 3;
    %jmp/0xz  T_5.20, 4;
    %movi 8, 2, 4;
    %set/v v0x1faa010_0, 8, 4;
    %load/v 8, v0x1fa9f70_0, 4;
    %set/v v0x1faa0b0_0, 8, 4;
    %jmp T_5.21;
T_5.20 ;
    %load/v 8, v0x1faa230_0, 1;
    %mov 9, 0, 1;
    %cmpi/u 8, 0, 2;
    %jmp/0xz  T_5.22, 4;
    %load/v 8, v0x1fa9f70_0, 4;
    %set/v v0x1faa010_0, 8, 4;
    %load/v 8, v0x1fa9f70_0, 4;
    %set/v v0x1faa0b0_0, 8, 4;
    %jmp T_5.23;
T_5.22 ;
    %load/v 8, v0x1faa340_0, 1;
    %mov 9, 0, 2;
    %cmpi/u 8, 1, 3;
    %jmp/0xz  T_5.24, 4;
    %set/v v0x1faa010_0, 0, 4;
    %load/v 8, v0x1fa9f70_0, 4;
    %set/v v0x1faa0b0_0, 8, 4;
    %jmp T_5.25;
T_5.24 ;
    %load/v 8, v0x1faa160_0, 1;
    %mov 9, 0, 2;
    %cmpi/u 8, 1, 3;
    %jmp/0xz  T_5.26, 4;
    %set/v v0x1faa010_0, 0, 4;
    %set/v v0x1faa0b0_0, 0, 4;
T_5.26 ;
T_5.25 ;
T_5.23 ;
T_5.21 ;
    %jmp T_5.11;
T_5.2 ;
    %load/v 8, v0x1faa230_0, 1;
    %mov 9, 0, 2;
    %cmpi/u 8, 1, 3;
    %jmp/0xz  T_5.28, 4;
    %movi 8, 3, 4;
    %set/v v0x1faa010_0, 8, 4;
    %load/v 8, v0x1fa9f70_0, 4;
    %set/v v0x1faa0b0_0, 8, 4;
    %jmp T_5.29;
T_5.28 ;
    %load/v 8, v0x1faa230_0, 1;
    %mov 9, 0, 1;
    %cmpi/u 8, 0, 2;
    %jmp/0xz  T_5.30, 4;
    %load/v 8, v0x1fa9f70_0, 4;
    %set/v v0x1faa010_0, 8, 4;
    %load/v 8, v0x1fa9f70_0, 4;
    %set/v v0x1faa0b0_0, 8, 4;
    %jmp T_5.31;
T_5.30 ;
    %load/v 8, v0x1faa340_0, 1;
    %mov 9, 0, 2;
    %cmpi/u 8, 1, 3;
    %jmp/0xz  T_5.32, 4;
    %load/v 8, v0x1fa9f70_0, 4;
    %set/v v0x1faa010_0, 8, 4;
    %load/v 8, v0x1fa9f70_0, 4;
    %set/v v0x1faa0b0_0, 8, 4;
    %jmp T_5.33;
T_5.32 ;
    %load/v 8, v0x1faa160_0, 1;
    %mov 9, 0, 2;
    %cmpi/u 8, 1, 3;
    %jmp/0xz  T_5.34, 4;
    %set/v v0x1faa010_0, 0, 4;
    %set/v v0x1faa0b0_0, 0, 4;
T_5.34 ;
T_5.33 ;
T_5.31 ;
T_5.29 ;
    %jmp T_5.11;
T_5.3 ;
    %load/v 8, v0x1faa230_0, 1;
    %mov 9, 0, 2;
    %cmpi/u 8, 1, 3;
    %jmp/0xz  T_5.36, 4;
    %movi 8, 4, 4;
    %set/v v0x1faa010_0, 8, 4;
    %load/v 8, v0x1fa9f70_0, 4;
    %set/v v0x1faa0b0_0, 8, 4;
    %jmp T_5.37;
T_5.36 ;
    %load/v 8, v0x1faa230_0, 1;
    %mov 9, 0, 1;
    %cmpi/u 8, 0, 2;
    %jmp/0xz  T_5.38, 4;
    %load/v 8, v0x1fa9f70_0, 4;
    %set/v v0x1faa010_0, 8, 4;
    %movi 8, 3, 4;
    %set/v v0x1faa0b0_0, 8, 4;
    %jmp T_5.39;
T_5.38 ;
    %load/v 8, v0x1faa340_0, 1;
    %mov 9, 0, 2;
    %cmpi/u 8, 1, 3;
    %jmp/0xz  T_5.40, 4;
    %load/v 8, v0x1fa9f70_0, 4;
    %set/v v0x1faa010_0, 8, 4;
    %load/v 8, v0x1fa9f70_0, 4;
    %set/v v0x1faa0b0_0, 8, 4;
    %jmp T_5.41;
T_5.40 ;
    %load/v 8, v0x1faa160_0, 1;
    %mov 9, 0, 2;
    %cmpi/u 8, 1, 3;
    %jmp/0xz  T_5.42, 4;
    %set/v v0x1faa010_0, 0, 4;
    %load/v 8, v0x1fa9f70_0, 4;
    %set/v v0x1faa0b0_0, 8, 4;
T_5.42 ;
T_5.41 ;
T_5.39 ;
T_5.37 ;
    %jmp T_5.11;
T_5.4 ;
    %load/v 8, v0x1faa230_0, 1;
    %mov 9, 0, 2;
    %cmpi/u 8, 1, 3;
    %jmp/0xz  T_5.44, 4;
    %movi 8, 5, 4;
    %set/v v0x1faa010_0, 8, 4;
    %load/v 8, v0x1fa9f70_0, 4;
    %set/v v0x1faa0b0_0, 8, 4;
    %jmp T_5.45;
T_5.44 ;
    %load/v 8, v0x1faa230_0, 1;
    %mov 9, 0, 1;
    %cmpi/u 8, 0, 2;
    %jmp/0xz  T_5.46, 4;
    %load/v 8, v0x1fa9f70_0, 4;
    %set/v v0x1faa010_0, 8, 4;
    %load/v 8, v0x1fa9f70_0, 4;
    %set/v v0x1faa0b0_0, 8, 4;
    %jmp T_5.47;
T_5.46 ;
    %load/v 8, v0x1faa340_0, 1;
    %mov 9, 0, 2;
    %cmpi/u 8, 1, 3;
    %jmp/0xz  T_5.48, 4;
    %load/v 8, v0x1fa9f70_0, 4;
    %set/v v0x1faa010_0, 8, 4;
    %load/v 8, v0x1fa9f70_0, 4;
    %set/v v0x1faa0b0_0, 8, 4;
    %jmp T_5.49;
T_5.48 ;
    %load/v 8, v0x1faa160_0, 1;
    %mov 9, 0, 2;
    %cmpi/u 8, 1, 3;
    %jmp/0xz  T_5.50, 4;
    %set/v v0x1faa010_0, 0, 4;
    %load/v 8, v0x1fa9f70_0, 4;
    %set/v v0x1faa0b0_0, 8, 4;
T_5.50 ;
T_5.49 ;
T_5.47 ;
T_5.45 ;
    %jmp T_5.11;
T_5.5 ;
    %load/v 8, v0x1faa230_0, 1;
    %mov 9, 0, 2;
    %cmpi/u 8, 1, 3;
    %jmp/0xz  T_5.52, 4;
    %movi 8, 6, 4;
    %set/v v0x1faa010_0, 8, 4;
    %load/v 8, v0x1fa9f70_0, 4;
    %set/v v0x1faa0b0_0, 8, 4;
    %jmp T_5.53;
T_5.52 ;
    %load/v 8, v0x1faa230_0, 1;
    %mov 9, 0, 1;
    %cmpi/u 8, 0, 2;
    %jmp/0xz  T_5.54, 4;
    %load/v 8, v0x1fa9f70_0, 4;
    %set/v v0x1faa010_0, 8, 4;
    %load/v 8, v0x1fa9f70_0, 4;
    %set/v v0x1faa0b0_0, 8, 4;
    %jmp T_5.55;
T_5.54 ;
    %load/v 8, v0x1faa340_0, 1;
    %mov 9, 0, 2;
    %cmpi/u 8, 1, 3;
    %jmp/0xz  T_5.56, 4;
    %load/v 8, v0x1fa9f70_0, 4;
    %set/v v0x1faa010_0, 8, 4;
    %load/v 8, v0x1fa9f70_0, 4;
    %set/v v0x1faa0b0_0, 8, 4;
    %jmp T_5.57;
T_5.56 ;
    %load/v 8, v0x1faa160_0, 1;
    %mov 9, 0, 2;
    %cmpi/u 8, 1, 3;
    %jmp/0xz  T_5.58, 4;
    %set/v v0x1faa010_0, 0, 4;
    %load/v 8, v0x1fa9f70_0, 4;
    %set/v v0x1faa0b0_0, 8, 4;
T_5.58 ;
T_5.57 ;
T_5.55 ;
T_5.53 ;
    %jmp T_5.11;
T_5.6 ;
    %load/v 8, v0x1faa230_0, 1;
    %mov 9, 0, 2;
    %cmpi/u 8, 1, 3;
    %jmp/0xz  T_5.60, 4;
    %movi 8, 7, 4;
    %set/v v0x1faa010_0, 8, 4;
    %load/v 8, v0x1fa9f70_0, 4;
    %set/v v0x1faa0b0_0, 8, 4;
    %jmp T_5.61;
T_5.60 ;
    %load/v 8, v0x1faa230_0, 1;
    %mov 9, 0, 1;
    %cmpi/u 8, 0, 2;
    %jmp/0xz  T_5.62, 4;
    %load/v 8, v0x1fa9f70_0, 4;
    %set/v v0x1faa010_0, 8, 4;
    %load/v 8, v0x1fa9f70_0, 4;
    %set/v v0x1faa0b0_0, 8, 4;
    %jmp T_5.63;
T_5.62 ;
    %load/v 8, v0x1faa340_0, 1;
    %mov 9, 0, 2;
    %cmpi/u 8, 1, 3;
    %jmp/0xz  T_5.64, 4;
    %load/v 8, v0x1fa9f70_0, 4;
    %set/v v0x1faa010_0, 8, 4;
    %load/v 8, v0x1fa9f70_0, 4;
    %set/v v0x1faa0b0_0, 8, 4;
    %jmp T_5.65;
T_5.64 ;
    %load/v 8, v0x1faa160_0, 1;
    %mov 9, 0, 2;
    %cmpi/u 8, 1, 3;
    %jmp/0xz  T_5.66, 4;
    %set/v v0x1faa010_0, 0, 4;
    %load/v 8, v0x1fa9f70_0, 4;
    %set/v v0x1faa0b0_0, 8, 4;
T_5.66 ;
T_5.65 ;
T_5.63 ;
T_5.61 ;
    %jmp T_5.11;
T_5.7 ;
    %load/v 8, v0x1faa230_0, 1;
    %mov 9, 0, 2;
    %cmpi/u 8, 1, 3;
    %jmp/0xz  T_5.68, 4;
    %movi 8, 8, 4;
    %set/v v0x1faa010_0, 8, 4;
    %load/v 8, v0x1fa9f70_0, 4;
    %set/v v0x1faa0b0_0, 8, 4;
    %jmp T_5.69;
T_5.68 ;
    %load/v 8, v0x1faa230_0, 1;
    %mov 9, 0, 1;
    %cmpi/u 8, 0, 2;
    %jmp/0xz  T_5.70, 4;
    %load/v 8, v0x1fa9f70_0, 4;
    %set/v v0x1faa010_0, 8, 4;
    %load/v 8, v0x1fa9f70_0, 4;
    %set/v v0x1faa0b0_0, 8, 4;
    %jmp T_5.71;
T_5.70 ;
    %load/v 8, v0x1faa340_0, 1;
    %mov 9, 0, 2;
    %cmpi/u 8, 1, 3;
    %jmp/0xz  T_5.72, 4;
    %load/v 8, v0x1fa9f70_0, 4;
    %set/v v0x1faa010_0, 8, 4;
    %load/v 8, v0x1fa9f70_0, 4;
    %set/v v0x1faa0b0_0, 8, 4;
    %jmp T_5.73;
T_5.72 ;
    %load/v 8, v0x1faa160_0, 1;
    %mov 9, 0, 2;
    %cmpi/u 8, 1, 3;
    %jmp/0xz  T_5.74, 4;
    %set/v v0x1faa010_0, 0, 4;
    %load/v 8, v0x1fa9f70_0, 4;
    %set/v v0x1faa0b0_0, 8, 4;
T_5.74 ;
T_5.73 ;
T_5.71 ;
T_5.69 ;
    %jmp T_5.11;
T_5.8 ;
    %load/v 8, v0x1faa230_0, 1;
    %mov 9, 0, 2;
    %cmpi/u 8, 1, 3;
    %jmp/0xz  T_5.76, 4;
    %movi 8, 9, 4;
    %set/v v0x1faa010_0, 8, 4;
    %load/v 8, v0x1fa9f70_0, 4;
    %set/v v0x1faa0b0_0, 8, 4;
    %jmp T_5.77;
T_5.76 ;
    %load/v 8, v0x1faa230_0, 1;
    %mov 9, 0, 1;
    %cmpi/u 8, 0, 2;
    %jmp/0xz  T_5.78, 4;
    %load/v 8, v0x1fa9f70_0, 4;
    %set/v v0x1faa010_0, 8, 4;
    %load/v 8, v0x1fa9f70_0, 4;
    %set/v v0x1faa0b0_0, 8, 4;
    %jmp T_5.79;
T_5.78 ;
    %load/v 8, v0x1faa340_0, 1;
    %mov 9, 0, 2;
    %cmpi/u 8, 1, 3;
    %jmp/0xz  T_5.80, 4;
    %load/v 8, v0x1fa9f70_0, 4;
    %set/v v0x1faa010_0, 8, 4;
    %load/v 8, v0x1fa9f70_0, 4;
    %set/v v0x1faa0b0_0, 8, 4;
    %jmp T_5.81;
T_5.80 ;
    %load/v 8, v0x1faa160_0, 1;
    %mov 9, 0, 2;
    %cmpi/u 8, 1, 3;
    %jmp/0xz  T_5.82, 4;
    %set/v v0x1faa010_0, 0, 4;
    %load/v 8, v0x1fa9f70_0, 4;
    %set/v v0x1faa0b0_0, 8, 4;
T_5.82 ;
T_5.81 ;
T_5.79 ;
T_5.77 ;
    %jmp T_5.11;
T_5.9 ;
    %load/v 8, v0x1faa230_0, 1;
    %mov 9, 0, 2;
    %cmpi/u 8, 1, 3;
    %jmp/0xz  T_5.84, 4;
    %set/v v0x1faa010_0, 0, 4;
    %load/v 8, v0x1fa9f70_0, 4;
    %set/v v0x1faa0b0_0, 8, 4;
    %jmp T_5.85;
T_5.84 ;
    %load/v 8, v0x1faa230_0, 1;
    %mov 9, 0, 1;
    %cmpi/u 8, 0, 2;
    %jmp/0xz  T_5.86, 4;
    %load/v 8, v0x1fa9f70_0, 4;
    %set/v v0x1faa010_0, 8, 4;
    %load/v 8, v0x1fa9f70_0, 4;
    %set/v v0x1faa0b0_0, 8, 4;
    %jmp T_5.87;
T_5.86 ;
    %load/v 8, v0x1faa340_0, 1;
    %mov 9, 0, 2;
    %cmpi/u 8, 1, 3;
    %jmp/0xz  T_5.88, 4;
    %load/v 8, v0x1fa9f70_0, 4;
    %set/v v0x1faa010_0, 8, 4;
    %load/v 8, v0x1fa9f70_0, 4;
    %set/v v0x1faa0b0_0, 8, 4;
    %jmp T_5.89;
T_5.88 ;
    %load/v 8, v0x1faa160_0, 1;
    %mov 9, 0, 2;
    %cmpi/u 8, 1, 3;
    %jmp/0xz  T_5.90, 4;
    %set/v v0x1faa010_0, 0, 4;
    %load/v 8, v0x1fa9f70_0, 4;
    %set/v v0x1faa0b0_0, 8, 4;
T_5.90 ;
T_5.89 ;
T_5.87 ;
T_5.85 ;
    %jmp T_5.11;
T_5.11 ;
    %jmp T_5;
    .thread T_5, $push;
    .scope S_0x1fa97f0;
T_6 ;
    %wait E_0x1fa9e00;
    %load/v 8, v0x1faa160_0, 1;
    %mov 9, 0, 2;
    %cmpi/u 8, 1, 3;
    %jmp/0xz  T_6.0, 4;
    %ix/load 0, 4, 0;
    %assign/v0 v0x1fa9f70_0, 0, 0;
    %jmp T_6.1;
T_6.0 ;
    %load/v 8, v0x1faa010_0, 4;
    %ix/load 0, 4, 0;
    %assign/v0 v0x1fa9f70_0, 0, 8;
T_6.1 ;
    %jmp T_6;
    .thread T_6;
    .scope S_0x1fa9520;
T_7 ;
    %movi 8, 200, 32;
    %set/v v0x1fa96c0_0, 8, 32;
    %end;
    .thread T_7;
    .scope S_0x1fa9520;
T_8 ;
    %set/v v0x1fa9740_0, 0, 1;
    %end;
    .thread T_8;
    .scope S_0x1fa9520;
T_9 ;
    %wait E_0x1fa83c0;
    %load/v 8, v0x1fa96c0_0, 32;
    %cmpi/u 8, 0, 32;
    %inv 4, 1;
    %jmp/0xz  T_9.0, 4;
    %set/v v0x1fa9740_0, 0, 1;
    %load/v 8, v0x1fa96c0_0, 32;
    %mov 40, 39, 1;
    %subi 8, 1, 33;
    %set/v v0x1fa96c0_0, 8, 32;
T_9.0 ;
    %load/v 8, v0x1fa96c0_0, 32;
    %cmpi/u 8, 0, 32;
    %jmp/0xz  T_9.2, 4;
    %set/v v0x1fa9740_0, 1, 1;
    %movi 8, 200, 32;
    %set/v v0x1fa96c0_0, 8, 32;
T_9.2 ;
    %jmp T_9;
    .thread T_9, $push;
    .scope S_0x1fa8950;
T_10 ;
    %wait E_0x1fa8ff0;
    %load/v 8, v0x1fa9110_0, 4;
    %cmpi/u 8, 0, 4;
    %jmp/1 T_10.0, 6;
    %cmpi/u 8, 1, 4;
    %jmp/1 T_10.1, 6;
    %cmpi/u 8, 2, 4;
    %jmp/1 T_10.2, 6;
    %cmpi/u 8, 3, 4;
    %jmp/1 T_10.3, 6;
    %cmpi/u 8, 4, 4;
    %jmp/1 T_10.4, 6;
    %cmpi/u 8, 5, 4;
    %jmp/1 T_10.5, 6;
    %cmpi/u 8, 6, 4;
    %jmp/1 T_10.6, 6;
    %cmpi/u 8, 7, 4;
    %jmp/1 T_10.7, 6;
    %cmpi/u 8, 8, 4;
    %jmp/1 T_10.8, 6;
    %cmpi/u 8, 9, 4;
    %jmp/1 T_10.9, 6;
    %set/v v0x1fa9250_0, 0, 4;
    %jmp T_10.11;
T_10.0 ;
    %load/v 8, v0x1fa93b0_0, 1;
    %mov 9, 0, 2;
    %cmpi/u 8, 1, 3;
    %jmp/0xz  T_10.12, 4;
    %movi 8, 1, 4;
    %set/v v0x1fa91b0_0, 8, 4;
    %load/v 8, v0x1fa9110_0, 4;
    %set/v v0x1fa9250_0, 8, 4;
    %jmp T_10.13;
T_10.12 ;
    %load/v 8, v0x1fa93b0_0, 1;
    %mov 9, 0, 1;
    %cmpi/u 8, 0, 2;
    %jmp/0xz  T_10.14, 4;
    %set/v v0x1fa91b0_0, 0, 4;
    %load/v 8, v0x1fa9110_0, 4;
    %set/v v0x1fa9250_0, 8, 4;
    %jmp T_10.15;
T_10.14 ;
    %load/v 8, v0x1fa9470_0, 1;
    %mov 9, 0, 2;
    %cmpi/u 8, 1, 3;
    %jmp/0xz  T_10.16, 4;
    %set/v v0x1fa91b0_0, 0, 4;
    %load/v 8, v0x1fa9110_0, 4;
    %set/v v0x1fa9250_0, 8, 4;
    %jmp T_10.17;
T_10.16 ;
    %load/v 8, v0x1fa9300_0, 1;
    %mov 9, 0, 2;
    %cmpi/u 8, 1, 3;
    %jmp/0xz  T_10.18, 4;
    %set/v v0x1fa91b0_0, 0, 4;
    %set/v v0x1fa9250_0, 0, 4;
T_10.18 ;
T_10.17 ;
T_10.15 ;
T_10.13 ;
    %jmp T_10.11;
T_10.1 ;
    %load/v 8, v0x1fa93b0_0, 1;
    %mov 9, 0, 2;
    %cmpi/u 8, 1, 3;
    %jmp/0xz  T_10.20, 4;
    %movi 8, 2, 4;
    %set/v v0x1fa91b0_0, 8, 4;
    %load/v 8, v0x1fa9110_0, 4;
    %set/v v0x1fa9250_0, 8, 4;
    %jmp T_10.21;
T_10.20 ;
    %load/v 8, v0x1fa93b0_0, 1;
    %mov 9, 0, 1;
    %cmpi/u 8, 0, 2;
    %jmp/0xz  T_10.22, 4;
    %load/v 8, v0x1fa9110_0, 4;
    %set/v v0x1fa91b0_0, 8, 4;
    %load/v 8, v0x1fa9110_0, 4;
    %set/v v0x1fa9250_0, 8, 4;
    %jmp T_10.23;
T_10.22 ;
    %load/v 8, v0x1fa9470_0, 1;
    %mov 9, 0, 2;
    %cmpi/u 8, 1, 3;
    %jmp/0xz  T_10.24, 4;
    %set/v v0x1fa91b0_0, 0, 4;
    %load/v 8, v0x1fa9110_0, 4;
    %set/v v0x1fa9250_0, 8, 4;
    %jmp T_10.25;
T_10.24 ;
    %load/v 8, v0x1fa9300_0, 1;
    %mov 9, 0, 2;
    %cmpi/u 8, 1, 3;
    %jmp/0xz  T_10.26, 4;
    %set/v v0x1fa91b0_0, 0, 4;
    %set/v v0x1fa9250_0, 0, 4;
T_10.26 ;
T_10.25 ;
T_10.23 ;
T_10.21 ;
    %jmp T_10.11;
T_10.2 ;
    %load/v 8, v0x1fa93b0_0, 1;
    %mov 9, 0, 2;
    %cmpi/u 8, 1, 3;
    %jmp/0xz  T_10.28, 4;
    %movi 8, 3, 4;
    %set/v v0x1fa91b0_0, 8, 4;
    %load/v 8, v0x1fa9110_0, 4;
    %set/v v0x1fa9250_0, 8, 4;
    %jmp T_10.29;
T_10.28 ;
    %load/v 8, v0x1fa93b0_0, 1;
    %mov 9, 0, 1;
    %cmpi/u 8, 0, 2;
    %jmp/0xz  T_10.30, 4;
    %load/v 8, v0x1fa9110_0, 4;
    %set/v v0x1fa91b0_0, 8, 4;
    %load/v 8, v0x1fa9110_0, 4;
    %set/v v0x1fa9250_0, 8, 4;
    %jmp T_10.31;
T_10.30 ;
    %load/v 8, v0x1fa9470_0, 1;
    %mov 9, 0, 2;
    %cmpi/u 8, 1, 3;
    %jmp/0xz  T_10.32, 4;
    %load/v 8, v0x1fa9110_0, 4;
    %set/v v0x1fa91b0_0, 8, 4;
    %load/v 8, v0x1fa9110_0, 4;
    %set/v v0x1fa9250_0, 8, 4;
    %jmp T_10.33;
T_10.32 ;
    %load/v 8, v0x1fa9300_0, 1;
    %mov 9, 0, 2;
    %cmpi/u 8, 1, 3;
    %jmp/0xz  T_10.34, 4;
    %set/v v0x1fa91b0_0, 0, 4;
    %set/v v0x1fa9250_0, 0, 4;
T_10.34 ;
T_10.33 ;
T_10.31 ;
T_10.29 ;
    %jmp T_10.11;
T_10.3 ;
    %load/v 8, v0x1fa93b0_0, 1;
    %mov 9, 0, 2;
    %cmpi/u 8, 1, 3;
    %jmp/0xz  T_10.36, 4;
    %movi 8, 4, 4;
    %set/v v0x1fa91b0_0, 8, 4;
    %load/v 8, v0x1fa9110_0, 4;
    %set/v v0x1fa9250_0, 8, 4;
    %jmp T_10.37;
T_10.36 ;
    %load/v 8, v0x1fa93b0_0, 1;
    %mov 9, 0, 1;
    %cmpi/u 8, 0, 2;
    %jmp/0xz  T_10.38, 4;
    %load/v 8, v0x1fa9110_0, 4;
    %set/v v0x1fa91b0_0, 8, 4;
    %movi 8, 3, 4;
    %set/v v0x1fa9250_0, 8, 4;
    %jmp T_10.39;
T_10.38 ;
    %load/v 8, v0x1fa9470_0, 1;
    %mov 9, 0, 2;
    %cmpi/u 8, 1, 3;
    %jmp/0xz  T_10.40, 4;
    %load/v 8, v0x1fa9110_0, 4;
    %set/v v0x1fa91b0_0, 8, 4;
    %load/v 8, v0x1fa9110_0, 4;
    %set/v v0x1fa9250_0, 8, 4;
    %jmp T_10.41;
T_10.40 ;
    %load/v 8, v0x1fa9300_0, 1;
    %mov 9, 0, 2;
    %cmpi/u 8, 1, 3;
    %jmp/0xz  T_10.42, 4;
    %set/v v0x1fa91b0_0, 0, 4;
    %load/v 8, v0x1fa9110_0, 4;
    %set/v v0x1fa9250_0, 8, 4;
T_10.42 ;
T_10.41 ;
T_10.39 ;
T_10.37 ;
    %jmp T_10.11;
T_10.4 ;
    %load/v 8, v0x1fa93b0_0, 1;
    %mov 9, 0, 2;
    %cmpi/u 8, 1, 3;
    %jmp/0xz  T_10.44, 4;
    %movi 8, 5, 4;
    %set/v v0x1fa91b0_0, 8, 4;
    %load/v 8, v0x1fa9110_0, 4;
    %set/v v0x1fa9250_0, 8, 4;
    %jmp T_10.45;
T_10.44 ;
    %load/v 8, v0x1fa93b0_0, 1;
    %mov 9, 0, 1;
    %cmpi/u 8, 0, 2;
    %jmp/0xz  T_10.46, 4;
    %load/v 8, v0x1fa9110_0, 4;
    %set/v v0x1fa91b0_0, 8, 4;
    %load/v 8, v0x1fa9110_0, 4;
    %set/v v0x1fa9250_0, 8, 4;
    %jmp T_10.47;
T_10.46 ;
    %load/v 8, v0x1fa9470_0, 1;
    %mov 9, 0, 2;
    %cmpi/u 8, 1, 3;
    %jmp/0xz  T_10.48, 4;
    %load/v 8, v0x1fa9110_0, 4;
    %set/v v0x1fa91b0_0, 8, 4;
    %load/v 8, v0x1fa9110_0, 4;
    %set/v v0x1fa9250_0, 8, 4;
    %jmp T_10.49;
T_10.48 ;
    %load/v 8, v0x1fa9300_0, 1;
    %mov 9, 0, 2;
    %cmpi/u 8, 1, 3;
    %jmp/0xz  T_10.50, 4;
    %set/v v0x1fa91b0_0, 0, 4;
    %load/v 8, v0x1fa9110_0, 4;
    %set/v v0x1fa9250_0, 8, 4;
T_10.50 ;
T_10.49 ;
T_10.47 ;
T_10.45 ;
    %jmp T_10.11;
T_10.5 ;
    %load/v 8, v0x1fa93b0_0, 1;
    %mov 9, 0, 2;
    %cmpi/u 8, 1, 3;
    %jmp/0xz  T_10.52, 4;
    %movi 8, 6, 4;
    %set/v v0x1fa91b0_0, 8, 4;
    %load/v 8, v0x1fa9110_0, 4;
    %set/v v0x1fa9250_0, 8, 4;
    %jmp T_10.53;
T_10.52 ;
    %load/v 8, v0x1fa93b0_0, 1;
    %mov 9, 0, 1;
    %cmpi/u 8, 0, 2;
    %jmp/0xz  T_10.54, 4;
    %load/v 8, v0x1fa9110_0, 4;
    %set/v v0x1fa91b0_0, 8, 4;
    %load/v 8, v0x1fa9110_0, 4;
    %set/v v0x1fa9250_0, 8, 4;
    %jmp T_10.55;
T_10.54 ;
    %load/v 8, v0x1fa9470_0, 1;
    %mov 9, 0, 2;
    %cmpi/u 8, 1, 3;
    %jmp/0xz  T_10.56, 4;
    %load/v 8, v0x1fa9110_0, 4;
    %set/v v0x1fa91b0_0, 8, 4;
    %load/v 8, v0x1fa9110_0, 4;
    %set/v v0x1fa9250_0, 8, 4;
    %jmp T_10.57;
T_10.56 ;
    %load/v 8, v0x1fa9300_0, 1;
    %mov 9, 0, 2;
    %cmpi/u 8, 1, 3;
    %jmp/0xz  T_10.58, 4;
    %set/v v0x1fa91b0_0, 0, 4;
    %load/v 8, v0x1fa9110_0, 4;
    %set/v v0x1fa9250_0, 8, 4;
T_10.58 ;
T_10.57 ;
T_10.55 ;
T_10.53 ;
    %jmp T_10.11;
T_10.6 ;
    %load/v 8, v0x1fa93b0_0, 1;
    %mov 9, 0, 2;
    %cmpi/u 8, 1, 3;
    %jmp/0xz  T_10.60, 4;
    %movi 8, 7, 4;
    %set/v v0x1fa91b0_0, 8, 4;
    %load/v 8, v0x1fa9110_0, 4;
    %set/v v0x1fa9250_0, 8, 4;
    %jmp T_10.61;
T_10.60 ;
    %load/v 8, v0x1fa93b0_0, 1;
    %mov 9, 0, 1;
    %cmpi/u 8, 0, 2;
    %jmp/0xz  T_10.62, 4;
    %load/v 8, v0x1fa9110_0, 4;
    %set/v v0x1fa91b0_0, 8, 4;
    %load/v 8, v0x1fa9110_0, 4;
    %set/v v0x1fa9250_0, 8, 4;
    %jmp T_10.63;
T_10.62 ;
    %load/v 8, v0x1fa9470_0, 1;
    %mov 9, 0, 2;
    %cmpi/u 8, 1, 3;
    %jmp/0xz  T_10.64, 4;
    %load/v 8, v0x1fa9110_0, 4;
    %set/v v0x1fa91b0_0, 8, 4;
    %load/v 8, v0x1fa9110_0, 4;
    %set/v v0x1fa9250_0, 8, 4;
    %jmp T_10.65;
T_10.64 ;
    %load/v 8, v0x1fa9300_0, 1;
    %mov 9, 0, 2;
    %cmpi/u 8, 1, 3;
    %jmp/0xz  T_10.66, 4;
    %set/v v0x1fa91b0_0, 0, 4;
    %load/v 8, v0x1fa9110_0, 4;
    %set/v v0x1fa9250_0, 8, 4;
T_10.66 ;
T_10.65 ;
T_10.63 ;
T_10.61 ;
    %jmp T_10.11;
T_10.7 ;
    %load/v 8, v0x1fa93b0_0, 1;
    %mov 9, 0, 2;
    %cmpi/u 8, 1, 3;
    %jmp/0xz  T_10.68, 4;
    %movi 8, 8, 4;
    %set/v v0x1fa91b0_0, 8, 4;
    %load/v 8, v0x1fa9110_0, 4;
    %set/v v0x1fa9250_0, 8, 4;
    %jmp T_10.69;
T_10.68 ;
    %load/v 8, v0x1fa93b0_0, 1;
    %mov 9, 0, 1;
    %cmpi/u 8, 0, 2;
    %jmp/0xz  T_10.70, 4;
    %load/v 8, v0x1fa9110_0, 4;
    %set/v v0x1fa91b0_0, 8, 4;
    %load/v 8, v0x1fa9110_0, 4;
    %set/v v0x1fa9250_0, 8, 4;
    %jmp T_10.71;
T_10.70 ;
    %load/v 8, v0x1fa9470_0, 1;
    %mov 9, 0, 2;
    %cmpi/u 8, 1, 3;
    %jmp/0xz  T_10.72, 4;
    %load/v 8, v0x1fa9110_0, 4;
    %set/v v0x1fa91b0_0, 8, 4;
    %load/v 8, v0x1fa9110_0, 4;
    %set/v v0x1fa9250_0, 8, 4;
    %jmp T_10.73;
T_10.72 ;
    %load/v 8, v0x1fa9300_0, 1;
    %mov 9, 0, 2;
    %cmpi/u 8, 1, 3;
    %jmp/0xz  T_10.74, 4;
    %set/v v0x1fa91b0_0, 0, 4;
    %load/v 8, v0x1fa9110_0, 4;
    %set/v v0x1fa9250_0, 8, 4;
T_10.74 ;
T_10.73 ;
T_10.71 ;
T_10.69 ;
    %jmp T_10.11;
T_10.8 ;
    %load/v 8, v0x1fa93b0_0, 1;
    %mov 9, 0, 2;
    %cmpi/u 8, 1, 3;
    %jmp/0xz  T_10.76, 4;
    %movi 8, 9, 4;
    %set/v v0x1fa91b0_0, 8, 4;
    %load/v 8, v0x1fa9110_0, 4;
    %set/v v0x1fa9250_0, 8, 4;
    %jmp T_10.77;
T_10.76 ;
    %load/v 8, v0x1fa93b0_0, 1;
    %mov 9, 0, 1;
    %cmpi/u 8, 0, 2;
    %jmp/0xz  T_10.78, 4;
    %load/v 8, v0x1fa9110_0, 4;
    %set/v v0x1fa91b0_0, 8, 4;
    %load/v 8, v0x1fa9110_0, 4;
    %set/v v0x1fa9250_0, 8, 4;
    %jmp T_10.79;
T_10.78 ;
    %load/v 8, v0x1fa9470_0, 1;
    %mov 9, 0, 2;
    %cmpi/u 8, 1, 3;
    %jmp/0xz  T_10.80, 4;
    %load/v 8, v0x1fa9110_0, 4;
    %set/v v0x1fa91b0_0, 8, 4;
    %load/v 8, v0x1fa9110_0, 4;
    %set/v v0x1fa9250_0, 8, 4;
    %jmp T_10.81;
T_10.80 ;
    %load/v 8, v0x1fa9300_0, 1;
    %mov 9, 0, 2;
    %cmpi/u 8, 1, 3;
    %jmp/0xz  T_10.82, 4;
    %set/v v0x1fa91b0_0, 0, 4;
    %load/v 8, v0x1fa9110_0, 4;
    %set/v v0x1fa9250_0, 8, 4;
T_10.82 ;
T_10.81 ;
T_10.79 ;
T_10.77 ;
    %jmp T_10.11;
T_10.9 ;
    %load/v 8, v0x1fa93b0_0, 1;
    %mov 9, 0, 2;
    %cmpi/u 8, 1, 3;
    %jmp/0xz  T_10.84, 4;
    %set/v v0x1fa91b0_0, 0, 4;
    %load/v 8, v0x1fa9110_0, 4;
    %set/v v0x1fa9250_0, 8, 4;
    %jmp T_10.85;
T_10.84 ;
    %load/v 8, v0x1fa93b0_0, 1;
    %mov 9, 0, 1;
    %cmpi/u 8, 0, 2;
    %jmp/0xz  T_10.86, 4;
    %load/v 8, v0x1fa9110_0, 4;
    %set/v v0x1fa91b0_0, 8, 4;
    %load/v 8, v0x1fa9110_0, 4;
    %set/v v0x1fa9250_0, 8, 4;
    %jmp T_10.87;
T_10.86 ;
    %load/v 8, v0x1fa9470_0, 1;
    %mov 9, 0, 2;
    %cmpi/u 8, 1, 3;
    %jmp/0xz  T_10.88, 4;
    %load/v 8, v0x1fa9110_0, 4;
    %set/v v0x1fa91b0_0, 8, 4;
    %load/v 8, v0x1fa9110_0, 4;
    %set/v v0x1fa9250_0, 8, 4;
    %jmp T_10.89;
T_10.88 ;
    %load/v 8, v0x1fa9300_0, 1;
    %mov 9, 0, 2;
    %cmpi/u 8, 1, 3;
    %jmp/0xz  T_10.90, 4;
    %set/v v0x1fa91b0_0, 0, 4;
    %load/v 8, v0x1fa9110_0, 4;
    %set/v v0x1fa9250_0, 8, 4;
T_10.90 ;
T_10.89 ;
T_10.87 ;
T_10.85 ;
    %jmp T_10.11;
T_10.11 ;
    %jmp T_10;
    .thread T_10, $push;
    .scope S_0x1fa8950;
T_11 ;
    %wait E_0x1fa8fa0;
    %load/v 8, v0x1fa9300_0, 1;
    %mov 9, 0, 2;
    %cmpi/u 8, 1, 3;
    %jmp/0xz  T_11.0, 4;
    %ix/load 0, 4, 0;
    %assign/v0 v0x1fa9110_0, 0, 0;
    %jmp T_11.1;
T_11.0 ;
    %load/v 8, v0x1fa91b0_0, 4;
    %ix/load 0, 4, 0;
    %assign/v0 v0x1fa9110_0, 0, 8;
T_11.1 ;
    %jmp T_11;
    .thread T_11;
    .scope S_0x1fa8610;
T_12 ;
    %movi 8, 1200, 32;
    %set/v v0x1fa8800_0, 8, 32;
    %end;
    .thread T_12;
    .scope S_0x1fa8610;
T_13 ;
    %set/v v0x1fa88a0_0, 0, 1;
    %end;
    .thread T_13;
    .scope S_0x1fa8610;
T_14 ;
    %wait E_0x1fa83c0;
    %load/v 8, v0x1fa8800_0, 32;
    %cmpi/u 8, 0, 32;
    %inv 4, 1;
    %jmp/0xz  T_14.0, 4;
    %set/v v0x1fa88a0_0, 0, 1;
    %load/v 8, v0x1fa8800_0, 32;
    %mov 40, 39, 1;
    %subi 8, 1, 33;
    %set/v v0x1fa8800_0, 8, 32;
T_14.0 ;
    %load/v 8, v0x1fa8800_0, 32;
    %cmpi/u 8, 0, 32;
    %jmp/0xz  T_14.2, 4;
    %set/v v0x1fa88a0_0, 1, 1;
    %movi 8, 1200, 32;
    %set/v v0x1fa8800_0, 8, 32;
T_14.2 ;
    %jmp T_14;
    .thread T_14, $push;
    .scope S_0x1f61730;
T_15 ;
    %wait E_0x1f88670;
    %load/v 8, v0x1fa8200_0, 4;
    %cmpi/u 8, 0, 4;
    %jmp/1 T_15.0, 6;
    %cmpi/u 8, 1, 4;
    %jmp/1 T_15.1, 6;
    %cmpi/u 8, 2, 4;
    %jmp/1 T_15.2, 6;
    %cmpi/u 8, 3, 4;
    %jmp/1 T_15.3, 6;
    %cmpi/u 8, 4, 4;
    %jmp/1 T_15.4, 6;
    %cmpi/u 8, 5, 4;
    %jmp/1 T_15.5, 6;
    %cmpi/u 8, 6, 4;
    %jmp/1 T_15.6, 6;
    %cmpi/u 8, 7, 4;
    %jmp/1 T_15.7, 6;
    %cmpi/u 8, 8, 4;
    %jmp/1 T_15.8, 6;
    %cmpi/u 8, 9, 4;
    %jmp/1 T_15.9, 6;
    %set/v v0x1fa8340_0, 0, 4;
    %jmp T_15.11;
T_15.0 ;
    %load/v 8, v0x1fa8490_0, 1;
    %mov 9, 0, 2;
    %cmpi/u 8, 1, 3;
    %jmp/0xz  T_15.12, 4;
    %movi 8, 1, 4;
    %set/v v0x1fa82a0_0, 8, 4;
    %load/v 8, v0x1fa8200_0, 4;
    %set/v v0x1fa8340_0, 8, 4;
    %jmp T_15.13;
T_15.12 ;
    %load/v 8, v0x1fa8490_0, 1;
    %mov 9, 0, 1;
    %cmpi/u 8, 0, 2;
    %jmp/0xz  T_15.14, 4;
    %set/v v0x1fa82a0_0, 0, 4;
    %load/v 8, v0x1fa8200_0, 4;
    %set/v v0x1fa8340_0, 8, 4;
    %jmp T_15.15;
T_15.14 ;
    %load/v 8, v0x1fa8570_0, 1;
    %mov 9, 0, 2;
    %cmpi/u 8, 1, 3;
    %jmp/0xz  T_15.16, 4;
    %set/v v0x1fa82a0_0, 0, 4;
    %load/v 8, v0x1fa8200_0, 4;
    %set/v v0x1fa8340_0, 8, 4;
    %jmp T_15.17;
T_15.16 ;
    %load/v 8, v0x1fa83f0_0, 1;
    %mov 9, 0, 2;
    %cmpi/u 8, 1, 3;
    %jmp/0xz  T_15.18, 4;
    %set/v v0x1fa82a0_0, 0, 4;
    %set/v v0x1fa8340_0, 0, 4;
T_15.18 ;
T_15.17 ;
T_15.15 ;
T_15.13 ;
    %jmp T_15.11;
T_15.1 ;
    %load/v 8, v0x1fa8490_0, 1;
    %mov 9, 0, 2;
    %cmpi/u 8, 1, 3;
    %jmp/0xz  T_15.20, 4;
    %movi 8, 2, 4;
    %set/v v0x1fa82a0_0, 8, 4;
    %load/v 8, v0x1fa8200_0, 4;
    %set/v v0x1fa8340_0, 8, 4;
    %jmp T_15.21;
T_15.20 ;
    %load/v 8, v0x1fa8490_0, 1;
    %mov 9, 0, 1;
    %cmpi/u 8, 0, 2;
    %jmp/0xz  T_15.22, 4;
    %load/v 8, v0x1fa8200_0, 4;
    %set/v v0x1fa82a0_0, 8, 4;
    %load/v 8, v0x1fa8200_0, 4;
    %set/v v0x1fa8340_0, 8, 4;
    %jmp T_15.23;
T_15.22 ;
    %load/v 8, v0x1fa8570_0, 1;
    %mov 9, 0, 2;
    %cmpi/u 8, 1, 3;
    %jmp/0xz  T_15.24, 4;
    %set/v v0x1fa82a0_0, 0, 4;
    %load/v 8, v0x1fa8200_0, 4;
    %set/v v0x1fa8340_0, 8, 4;
    %jmp T_15.25;
T_15.24 ;
    %load/v 8, v0x1fa83f0_0, 1;
    %mov 9, 0, 2;
    %cmpi/u 8, 1, 3;
    %jmp/0xz  T_15.26, 4;
    %set/v v0x1fa82a0_0, 0, 4;
    %set/v v0x1fa8340_0, 0, 4;
T_15.26 ;
T_15.25 ;
T_15.23 ;
T_15.21 ;
    %jmp T_15.11;
T_15.2 ;
    %load/v 8, v0x1fa8490_0, 1;
    %mov 9, 0, 2;
    %cmpi/u 8, 1, 3;
    %jmp/0xz  T_15.28, 4;
    %movi 8, 3, 4;
    %set/v v0x1fa82a0_0, 8, 4;
    %load/v 8, v0x1fa8200_0, 4;
    %set/v v0x1fa8340_0, 8, 4;
    %jmp T_15.29;
T_15.28 ;
    %load/v 8, v0x1fa8490_0, 1;
    %mov 9, 0, 1;
    %cmpi/u 8, 0, 2;
    %jmp/0xz  T_15.30, 4;
    %load/v 8, v0x1fa8200_0, 4;
    %set/v v0x1fa82a0_0, 8, 4;
    %load/v 8, v0x1fa8200_0, 4;
    %set/v v0x1fa8340_0, 8, 4;
    %jmp T_15.31;
T_15.30 ;
    %load/v 8, v0x1fa8570_0, 1;
    %mov 9, 0, 2;
    %cmpi/u 8, 1, 3;
    %jmp/0xz  T_15.32, 4;
    %load/v 8, v0x1fa8200_0, 4;
    %set/v v0x1fa82a0_0, 8, 4;
    %load/v 8, v0x1fa8200_0, 4;
    %set/v v0x1fa8340_0, 8, 4;
    %jmp T_15.33;
T_15.32 ;
    %load/v 8, v0x1fa83f0_0, 1;
    %mov 9, 0, 2;
    %cmpi/u 8, 1, 3;
    %jmp/0xz  T_15.34, 4;
    %set/v v0x1fa82a0_0, 0, 4;
    %set/v v0x1fa8340_0, 0, 4;
T_15.34 ;
T_15.33 ;
T_15.31 ;
T_15.29 ;
    %jmp T_15.11;
T_15.3 ;
    %load/v 8, v0x1fa8490_0, 1;
    %mov 9, 0, 2;
    %cmpi/u 8, 1, 3;
    %jmp/0xz  T_15.36, 4;
    %movi 8, 4, 4;
    %set/v v0x1fa82a0_0, 8, 4;
    %load/v 8, v0x1fa8200_0, 4;
    %set/v v0x1fa8340_0, 8, 4;
    %jmp T_15.37;
T_15.36 ;
    %load/v 8, v0x1fa8490_0, 1;
    %mov 9, 0, 1;
    %cmpi/u 8, 0, 2;
    %jmp/0xz  T_15.38, 4;
    %load/v 8, v0x1fa8200_0, 4;
    %set/v v0x1fa82a0_0, 8, 4;
    %movi 8, 3, 4;
    %set/v v0x1fa8340_0, 8, 4;
    %jmp T_15.39;
T_15.38 ;
    %load/v 8, v0x1fa8570_0, 1;
    %mov 9, 0, 2;
    %cmpi/u 8, 1, 3;
    %jmp/0xz  T_15.40, 4;
    %load/v 8, v0x1fa8200_0, 4;
    %set/v v0x1fa82a0_0, 8, 4;
    %load/v 8, v0x1fa8200_0, 4;
    %set/v v0x1fa8340_0, 8, 4;
    %jmp T_15.41;
T_15.40 ;
    %load/v 8, v0x1fa83f0_0, 1;
    %mov 9, 0, 2;
    %cmpi/u 8, 1, 3;
    %jmp/0xz  T_15.42, 4;
    %set/v v0x1fa82a0_0, 0, 4;
    %load/v 8, v0x1fa8200_0, 4;
    %set/v v0x1fa8340_0, 8, 4;
T_15.42 ;
T_15.41 ;
T_15.39 ;
T_15.37 ;
    %jmp T_15.11;
T_15.4 ;
    %load/v 8, v0x1fa8490_0, 1;
    %mov 9, 0, 2;
    %cmpi/u 8, 1, 3;
    %jmp/0xz  T_15.44, 4;
    %movi 8, 5, 4;
    %set/v v0x1fa82a0_0, 8, 4;
    %load/v 8, v0x1fa8200_0, 4;
    %set/v v0x1fa8340_0, 8, 4;
    %jmp T_15.45;
T_15.44 ;
    %load/v 8, v0x1fa8490_0, 1;
    %mov 9, 0, 1;
    %cmpi/u 8, 0, 2;
    %jmp/0xz  T_15.46, 4;
    %load/v 8, v0x1fa8200_0, 4;
    %set/v v0x1fa82a0_0, 8, 4;
    %load/v 8, v0x1fa8200_0, 4;
    %set/v v0x1fa8340_0, 8, 4;
    %jmp T_15.47;
T_15.46 ;
    %load/v 8, v0x1fa8570_0, 1;
    %mov 9, 0, 2;
    %cmpi/u 8, 1, 3;
    %jmp/0xz  T_15.48, 4;
    %load/v 8, v0x1fa8200_0, 4;
    %set/v v0x1fa82a0_0, 8, 4;
    %load/v 8, v0x1fa8200_0, 4;
    %set/v v0x1fa8340_0, 8, 4;
    %jmp T_15.49;
T_15.48 ;
    %load/v 8, v0x1fa83f0_0, 1;
    %mov 9, 0, 2;
    %cmpi/u 8, 1, 3;
    %jmp/0xz  T_15.50, 4;
    %set/v v0x1fa82a0_0, 0, 4;
    %load/v 8, v0x1fa8200_0, 4;
    %set/v v0x1fa8340_0, 8, 4;
T_15.50 ;
T_15.49 ;
T_15.47 ;
T_15.45 ;
    %jmp T_15.11;
T_15.5 ;
    %load/v 8, v0x1fa8490_0, 1;
    %mov 9, 0, 2;
    %cmpi/u 8, 1, 3;
    %jmp/0xz  T_15.52, 4;
    %movi 8, 6, 4;
    %set/v v0x1fa82a0_0, 8, 4;
    %load/v 8, v0x1fa8200_0, 4;
    %set/v v0x1fa8340_0, 8, 4;
    %jmp T_15.53;
T_15.52 ;
    %load/v 8, v0x1fa8490_0, 1;
    %mov 9, 0, 1;
    %cmpi/u 8, 0, 2;
    %jmp/0xz  T_15.54, 4;
    %load/v 8, v0x1fa8200_0, 4;
    %set/v v0x1fa82a0_0, 8, 4;
    %load/v 8, v0x1fa8200_0, 4;
    %set/v v0x1fa8340_0, 8, 4;
    %jmp T_15.55;
T_15.54 ;
    %load/v 8, v0x1fa8570_0, 1;
    %mov 9, 0, 2;
    %cmpi/u 8, 1, 3;
    %jmp/0xz  T_15.56, 4;
    %load/v 8, v0x1fa8200_0, 4;
    %set/v v0x1fa82a0_0, 8, 4;
    %load/v 8, v0x1fa8200_0, 4;
    %set/v v0x1fa8340_0, 8, 4;
    %jmp T_15.57;
T_15.56 ;
    %load/v 8, v0x1fa83f0_0, 1;
    %mov 9, 0, 2;
    %cmpi/u 8, 1, 3;
    %jmp/0xz  T_15.58, 4;
    %set/v v0x1fa82a0_0, 0, 4;
    %load/v 8, v0x1fa8200_0, 4;
    %set/v v0x1fa8340_0, 8, 4;
T_15.58 ;
T_15.57 ;
T_15.55 ;
T_15.53 ;
    %jmp T_15.11;
T_15.6 ;
    %load/v 8, v0x1fa8490_0, 1;
    %mov 9, 0, 2;
    %cmpi/u 8, 1, 3;
    %jmp/0xz  T_15.60, 4;
    %movi 8, 7, 4;
    %set/v v0x1fa82a0_0, 8, 4;
    %load/v 8, v0x1fa8200_0, 4;
    %set/v v0x1fa8340_0, 8, 4;
    %jmp T_15.61;
T_15.60 ;
    %load/v 8, v0x1fa8490_0, 1;
    %mov 9, 0, 1;
    %cmpi/u 8, 0, 2;
    %jmp/0xz  T_15.62, 4;
    %load/v 8, v0x1fa8200_0, 4;
    %set/v v0x1fa82a0_0, 8, 4;
    %load/v 8, v0x1fa8200_0, 4;
    %set/v v0x1fa8340_0, 8, 4;
    %jmp T_15.63;
T_15.62 ;
    %load/v 8, v0x1fa8570_0, 1;
    %mov 9, 0, 2;
    %cmpi/u 8, 1, 3;
    %jmp/0xz  T_15.64, 4;
    %load/v 8, v0x1fa8200_0, 4;
    %set/v v0x1fa82a0_0, 8, 4;
    %load/v 8, v0x1fa8200_0, 4;
    %set/v v0x1fa8340_0, 8, 4;
    %jmp T_15.65;
T_15.64 ;
    %load/v 8, v0x1fa83f0_0, 1;
    %mov 9, 0, 2;
    %cmpi/u 8, 1, 3;
    %jmp/0xz  T_15.66, 4;
    %set/v v0x1fa82a0_0, 0, 4;
    %load/v 8, v0x1fa8200_0, 4;
    %set/v v0x1fa8340_0, 8, 4;
T_15.66 ;
T_15.65 ;
T_15.63 ;
T_15.61 ;
    %jmp T_15.11;
T_15.7 ;
    %load/v 8, v0x1fa8490_0, 1;
    %mov 9, 0, 2;
    %cmpi/u 8, 1, 3;
    %jmp/0xz  T_15.68, 4;
    %movi 8, 8, 4;
    %set/v v0x1fa82a0_0, 8, 4;
    %load/v 8, v0x1fa8200_0, 4;
    %set/v v0x1fa8340_0, 8, 4;
    %jmp T_15.69;
T_15.68 ;
    %load/v 8, v0x1fa8490_0, 1;
    %mov 9, 0, 1;
    %cmpi/u 8, 0, 2;
    %jmp/0xz  T_15.70, 4;
    %load/v 8, v0x1fa8200_0, 4;
    %set/v v0x1fa82a0_0, 8, 4;
    %load/v 8, v0x1fa8200_0, 4;
    %set/v v0x1fa8340_0, 8, 4;
    %jmp T_15.71;
T_15.70 ;
    %load/v 8, v0x1fa8570_0, 1;
    %mov 9, 0, 2;
    %cmpi/u 8, 1, 3;
    %jmp/0xz  T_15.72, 4;
    %load/v 8, v0x1fa8200_0, 4;
    %set/v v0x1fa82a0_0, 8, 4;
    %load/v 8, v0x1fa8200_0, 4;
    %set/v v0x1fa8340_0, 8, 4;
    %jmp T_15.73;
T_15.72 ;
    %load/v 8, v0x1fa83f0_0, 1;
    %mov 9, 0, 2;
    %cmpi/u 8, 1, 3;
    %jmp/0xz  T_15.74, 4;
    %set/v v0x1fa82a0_0, 0, 4;
    %load/v 8, v0x1fa8200_0, 4;
    %set/v v0x1fa8340_0, 8, 4;
T_15.74 ;
T_15.73 ;
T_15.71 ;
T_15.69 ;
    %jmp T_15.11;
T_15.8 ;
    %load/v 8, v0x1fa8490_0, 1;
    %mov 9, 0, 2;
    %cmpi/u 8, 1, 3;
    %jmp/0xz  T_15.76, 4;
    %movi 8, 9, 4;
    %set/v v0x1fa82a0_0, 8, 4;
    %load/v 8, v0x1fa8200_0, 4;
    %set/v v0x1fa8340_0, 8, 4;
    %jmp T_15.77;
T_15.76 ;
    %load/v 8, v0x1fa8490_0, 1;
    %mov 9, 0, 1;
    %cmpi/u 8, 0, 2;
    %jmp/0xz  T_15.78, 4;
    %load/v 8, v0x1fa8200_0, 4;
    %set/v v0x1fa82a0_0, 8, 4;
    %load/v 8, v0x1fa8200_0, 4;
    %set/v v0x1fa8340_0, 8, 4;
    %jmp T_15.79;
T_15.78 ;
    %load/v 8, v0x1fa8570_0, 1;
    %mov 9, 0, 2;
    %cmpi/u 8, 1, 3;
    %jmp/0xz  T_15.80, 4;
    %load/v 8, v0x1fa8200_0, 4;
    %set/v v0x1fa82a0_0, 8, 4;
    %load/v 8, v0x1fa8200_0, 4;
    %set/v v0x1fa8340_0, 8, 4;
    %jmp T_15.81;
T_15.80 ;
    %load/v 8, v0x1fa83f0_0, 1;
    %mov 9, 0, 2;
    %cmpi/u 8, 1, 3;
    %jmp/0xz  T_15.82, 4;
    %set/v v0x1fa82a0_0, 0, 4;
    %load/v 8, v0x1fa8200_0, 4;
    %set/v v0x1fa8340_0, 8, 4;
T_15.82 ;
T_15.81 ;
T_15.79 ;
T_15.77 ;
    %jmp T_15.11;
T_15.9 ;
    %load/v 8, v0x1fa8490_0, 1;
    %mov 9, 0, 2;
    %cmpi/u 8, 1, 3;
    %jmp/0xz  T_15.84, 4;
    %set/v v0x1fa82a0_0, 0, 4;
    %load/v 8, v0x1fa8200_0, 4;
    %set/v v0x1fa8340_0, 8, 4;
    %jmp T_15.85;
T_15.84 ;
    %load/v 8, v0x1fa8490_0, 1;
    %mov 9, 0, 1;
    %cmpi/u 8, 0, 2;
    %jmp/0xz  T_15.86, 4;
    %load/v 8, v0x1fa8200_0, 4;
    %set/v v0x1fa82a0_0, 8, 4;
    %load/v 8, v0x1fa8200_0, 4;
    %set/v v0x1fa8340_0, 8, 4;
    %jmp T_15.87;
T_15.86 ;
    %load/v 8, v0x1fa8570_0, 1;
    %mov 9, 0, 2;
    %cmpi/u 8, 1, 3;
    %jmp/0xz  T_15.88, 4;
    %load/v 8, v0x1fa8200_0, 4;
    %set/v v0x1fa82a0_0, 8, 4;
    %load/v 8, v0x1fa8200_0, 4;
    %set/v v0x1fa8340_0, 8, 4;
    %jmp T_15.89;
T_15.88 ;
    %load/v 8, v0x1fa83f0_0, 1;
    %mov 9, 0, 2;
    %cmpi/u 8, 1, 3;
    %jmp/0xz  T_15.90, 4;
    %set/v v0x1fa82a0_0, 0, 4;
    %load/v 8, v0x1fa8200_0, 4;
    %set/v v0x1fa8340_0, 8, 4;
T_15.90 ;
T_15.89 ;
T_15.87 ;
T_15.85 ;
    %jmp T_15.11;
T_15.11 ;
    %jmp T_15;
    .thread T_15, $push;
    .scope S_0x1f61730;
T_16 ;
    %wait E_0x1f41e60;
    %load/v 8, v0x1fa83f0_0, 1;
    %mov 9, 0, 2;
    %cmpi/u 8, 1, 3;
    %jmp/0xz  T_16.0, 4;
    %ix/load 0, 4, 0;
    %assign/v0 v0x1fa8200_0, 0, 0;
    %jmp T_16.1;
T_16.0 ;
    %load/v 8, v0x1fa82a0_0, 4;
    %ix/load 0, 4, 0;
    %assign/v0 v0x1fa8200_0, 0, 8;
T_16.1 ;
    %jmp T_16;
    .thread T_16;
    .scope S_0x1f633f0;
T_17 ;
    %set/v v0x1fabe70_0, 0, 1;
    %set/v v0x1fabca0_0, 1, 1;
    %set/v v0x1fabb20_0, 0, 1;
    %vpi_call 2 15 "$dumpfile", "watch.vcd";
    %vpi_call 2 16 "$dumpvars", 1'sb0, S_0x1f633f0;
T_17.0 ;
    %delay 1, 0;
    %load/v 8, v0x1fabb20_0, 1;
    %inv 8, 1;
    %set/v v0x1fabb20_0, 8, 1;
    %jmp T_17.0;
    %end;
    .thread T_17;
    .scope S_0x1f633f0;
T_18 ;
    %delay 9800, 0;
    %set/v v0x1fabca0_0, 0, 1;
    %set/v v0x1fabe70_0, 1, 1;
    %delay 300000, 0;
    %vpi_call 2 28 "$finish";
    %end;
    .thread T_18;
# The file index is used to find the file name in the following table.
:file_names 8;
    "N/A";
    "<interactive>";
    "StopWatch_test.v";
    "././StopWatch.v";
    "././SingleDigitWatch.v";
    "././ClkDiv10.v";
    "././ClkDiv100.v";
    "././ClkDiv60.v";
