#! /usr/bin/vvp
:ivl_version "0.9.7 " "(v0_9_7)";
:vpi_time_precision + 0;
:vpi_module "system";
:vpi_module "v2005_math";
:vpi_module "va_math";
S_0x21fdda0 .scope module, "alu_test" "alu_test" 2 2;
 .timescale 0 0;
v0x222b830_0 .var "a0", 0 0;
v0x222b900_0 .var "a1", 0 0;
v0x222b9d0_0 .var "b0", 0 0;
v0x222baa0_0 .var "b1", 0 0;
v0x222bb70_0 .net "c0", 0 0, v0x222aa10_0; 1 drivers
v0x222bc40_0 .net "c1", 0 0, v0x222a340_0; 1 drivers
v0x222bd10_0 .net "c2", 0 0, v0x222b2a0_0; 1 drivers
v0x222bd90_0 .net "c3", 0 0, v0x222b320_0; 1 drivers
v0x222be60_0 .var "o", 2 0;
L_0x222bee0 .part v0x222be60_0, 2, 1;
L_0x222bf80 .part v0x222be60_0, 1, 1;
L_0x222c070 .part v0x222be60_0, 0, 1;
S_0x21fd800 .scope module, "uut" "alu" 2 9, 3 4, S_0x21fdda0;
 .timescale 0 0;
v0x222ae80_0 .net "a0", 0 0, v0x222b830_0; 1 drivers
v0x222af30_0 .net "a1", 0 0, v0x222b900_0; 1 drivers
v0x222afe0_0 .net "b0", 0 0, v0x222b9d0_0; 1 drivers
v0x222b090_0 .net "b1", 0 0, v0x222baa0_0; 1 drivers
v0x222b170_0 .alias "c0", 0 0, v0x222bb70_0;
v0x222b220_0 .alias "c1", 0 0, v0x222bc40_0;
v0x222b2a0_0 .var "c2", 0 0;
v0x222b320_0 .var "c3", 0 0;
v0x222b3f0_0 .net "cout", 0 0, v0x222ab60_0; 1 drivers
v0x222b4c0_0 .net "cout2", 0 0, v0x222a490_0; 1 drivers
v0x222b5a0_0 .net "o1", 0 0, L_0x222bee0; 1 drivers
v0x222b620_0 .net "o2", 0 0, L_0x222bf80; 1 drivers
v0x222b760_0 .net "o3", 0 0, L_0x222c070; 1 drivers
E_0x21fd950/0 .event edge, v0x222a490_0, v0x222a2a0_0, v0x2208fc0_0, v0x222a970_0;
E_0x21fd950/1 .event edge, v0x222a8b0_0;
E_0x21fd950 .event/or E_0x21fd950/0, E_0x21fd950/1;
E_0x21fd8f0 .event edge, v0x222a2a0_0, v0x2208fc0_0, v0x222a970_0, v0x222a8b0_0;
S_0x222a7a0 .scope module, "ha1" "half_alu" 3 15, 4 4, S_0x21fd800;
 .timescale 0 0;
v0x222a8b0_0 .alias "a", 0 0, v0x222ae80_0;
v0x222a970_0 .alias "b", 0 0, v0x222afe0_0;
v0x222aa10_0 .var "c", 0 0;
v0x222aab0_0 .net "cin", 0 0, C4<0>; 1 drivers
v0x222ab60_0 .var "cout", 0 0;
v0x222ac10_0 .alias "o1", 0 0, v0x222b5a0_0;
v0x222acd0_0 .alias "o2", 0 0, v0x222b620_0;
v0x222ad80_0 .alias "o3", 0 0, v0x222b760_0;
E_0x222a460/0 .event edge, v0x222aab0_0, v0x222a6b0_0, v0x222a610_0, v0x222a530_0;
E_0x222a460/1 .event edge, v0x222a970_0, v0x222a8b0_0;
E_0x222a460 .event/or E_0x222a460/0, E_0x222a460/1;
S_0x21fdb00 .scope module, "ha2" "half_alu" 3 17, 4 4, S_0x21fd800;
 .timescale 0 0;
v0x2208fc0_0 .alias "a", 0 0, v0x222af30_0;
v0x222a2a0_0 .alias "b", 0 0, v0x222b090_0;
v0x222a340_0 .var "c", 0 0;
v0x222a3e0_0 .alias "cin", 0 0, v0x222b3f0_0;
v0x222a490_0 .var "cout", 0 0;
v0x222a530_0 .alias "o1", 0 0, v0x222b5a0_0;
v0x222a610_0 .alias "o2", 0 0, v0x222b620_0;
v0x222a6b0_0 .alias "o3", 0 0, v0x222b760_0;
E_0x21fdbf0/0 .event edge, v0x222a3e0_0, v0x222a6b0_0, v0x222a610_0, v0x222a530_0;
E_0x21fdbf0/1 .event edge, v0x222a2a0_0, v0x2208fc0_0;
E_0x21fdbf0 .event/or E_0x21fdbf0/0, E_0x21fdbf0/1;
    .scope S_0x222a7a0;
T_0 ;
    %wait E_0x222a460;
    %load/v 8, v0x222ac10_0, 1;
    %inv 8, 1;
    %load/v 9, v0x222acd0_0, 1;
    %inv 9, 1;
    %and 8, 9, 1;
    %load/v 9, v0x222ad80_0, 1;
    %inv 9, 1;
    %and 8, 9, 1;
    %jmp/0xz  T_0.0, 8;
    %load/v 8, v0x222a8b0_0, 1;
    %set/v v0x222aa10_0, 8, 1;
T_0.0 ;
    %load/v 8, v0x222ac10_0, 1;
    %inv 8, 1;
    %load/v 9, v0x222acd0_0, 1;
    %inv 9, 1;
    %and 8, 9, 1;
    %load/v 9, v0x222ad80_0, 1;
    %and 8, 9, 1;
    %jmp/0xz  T_0.2, 8;
    %load/v 8, v0x222a970_0, 1;
    %set/v v0x222aa10_0, 8, 1;
T_0.2 ;
    %load/v 8, v0x222ac10_0, 1;
    %inv 8, 1;
    %load/v 9, v0x222acd0_0, 1;
    %and 8, 9, 1;
    %load/v 9, v0x222ad80_0, 1;
    %inv 9, 1;
    %and 8, 9, 1;
    %jmp/0xz  T_0.4, 8;
    %load/v 8, v0x222a8b0_0, 1;
    %inv 8, 1;
    %set/v v0x222aa10_0, 8, 1;
T_0.4 ;
    %load/v 8, v0x222ac10_0, 1;
    %inv 8, 1;
    %load/v 9, v0x222acd0_0, 1;
    %and 8, 9, 1;
    %load/v 9, v0x222ad80_0, 1;
    %and 8, 9, 1;
    %jmp/0xz  T_0.6, 8;
    %load/v 8, v0x222a970_0, 1;
    %inv 8, 1;
    %set/v v0x222aa10_0, 8, 1;
T_0.6 ;
    %load/v 8, v0x222ac10_0, 1;
    %load/v 9, v0x222acd0_0, 1;
    %inv 9, 1;
    %and 8, 9, 1;
    %load/v 9, v0x222ad80_0, 1;
    %inv 9, 1;
    %and 8, 9, 1;
    %jmp/0xz  T_0.8, 8;
    %load/v 8, v0x222a8b0_0, 1;
    %load/v 9, v0x222a970_0, 1;
    %and 8, 9, 1;
    %set/v v0x222aa10_0, 8, 1;
T_0.8 ;
    %load/v 8, v0x222ac10_0, 1;
    %load/v 9, v0x222acd0_0, 1;
    %inv 9, 1;
    %and 8, 9, 1;
    %load/v 9, v0x222ad80_0, 1;
    %and 8, 9, 1;
    %jmp/0xz  T_0.10, 8;
    %load/v 8, v0x222a8b0_0, 1;
    %load/v 9, v0x222a970_0, 1;
    %or 8, 9, 1;
    %set/v v0x222aa10_0, 8, 1;
T_0.10 ;
    %load/v 8, v0x222ac10_0, 1;
    %load/v 9, v0x222acd0_0, 1;
    %and 8, 9, 1;
    %load/v 9, v0x222ad80_0, 1;
    %inv 9, 1;
    %and 8, 9, 1;
    %jmp/0xz  T_0.12, 8;
    %load/v 8, v0x222a8b0_0, 1;
    %load/v 9, v0x222a970_0, 1;
    %xor 8, 9, 1;
    %set/v v0x222aa10_0, 8, 1;
T_0.12 ;
    %load/v 8, v0x222ac10_0, 1;
    %load/v 9, v0x222acd0_0, 1;
    %and 8, 9, 1;
    %load/v 9, v0x222ad80_0, 1;
    %and 8, 9, 1;
    %jmp/0xz  T_0.14, 8;
    %load/v 8, v0x222a8b0_0, 1;
    %load/v 9, v0x222a970_0, 1;
    %add 8, 9, 1;
    %load/v 9, v0x222aab0_0, 1;
    %add 8, 9, 1;
    %set/v v0x222aa10_0, 8, 1;
T_0.14 ;
    %load/v 8, v0x222a8b0_0, 1;
    %load/v 9, v0x222a970_0, 1;
    %and 8, 9, 1;
    %load/v 9, v0x222a8b0_0, 1;
    %load/v 10, v0x222a970_0, 1;
    %load/v 11, v0x222aab0_0, 1;
    %and 10, 11, 1;
    %xor 9, 10, 1;
    %or 8, 9, 1;
    %set/v v0x222ab60_0, 8, 1;
    %jmp T_0;
    .thread T_0, $push;
    .scope S_0x21fdb00;
T_1 ;
    %wait E_0x21fdbf0;
    %load/v 8, v0x222a530_0, 1;
    %inv 8, 1;
    %load/v 9, v0x222a610_0, 1;
    %inv 9, 1;
    %and 8, 9, 1;
    %load/v 9, v0x222a6b0_0, 1;
    %inv 9, 1;
    %and 8, 9, 1;
    %jmp/0xz  T_1.0, 8;
    %load/v 8, v0x2208fc0_0, 1;
    %set/v v0x222a340_0, 8, 1;
T_1.0 ;
    %load/v 8, v0x222a530_0, 1;
    %inv 8, 1;
    %load/v 9, v0x222a610_0, 1;
    %inv 9, 1;
    %and 8, 9, 1;
    %load/v 9, v0x222a6b0_0, 1;
    %and 8, 9, 1;
    %jmp/0xz  T_1.2, 8;
    %load/v 8, v0x222a2a0_0, 1;
    %set/v v0x222a340_0, 8, 1;
T_1.2 ;
    %load/v 8, v0x222a530_0, 1;
    %inv 8, 1;
    %load/v 9, v0x222a610_0, 1;
    %and 8, 9, 1;
    %load/v 9, v0x222a6b0_0, 1;
    %inv 9, 1;
    %and 8, 9, 1;
    %jmp/0xz  T_1.4, 8;
    %load/v 8, v0x2208fc0_0, 1;
    %inv 8, 1;
    %set/v v0x222a340_0, 8, 1;
T_1.4 ;
    %load/v 8, v0x222a530_0, 1;
    %inv 8, 1;
    %load/v 9, v0x222a610_0, 1;
    %and 8, 9, 1;
    %load/v 9, v0x222a6b0_0, 1;
    %and 8, 9, 1;
    %jmp/0xz  T_1.6, 8;
    %load/v 8, v0x222a2a0_0, 1;
    %inv 8, 1;
    %set/v v0x222a340_0, 8, 1;
T_1.6 ;
    %load/v 8, v0x222a530_0, 1;
    %load/v 9, v0x222a610_0, 1;
    %inv 9, 1;
    %and 8, 9, 1;
    %load/v 9, v0x222a6b0_0, 1;
    %inv 9, 1;
    %and 8, 9, 1;
    %jmp/0xz  T_1.8, 8;
    %load/v 8, v0x2208fc0_0, 1;
    %load/v 9, v0x222a2a0_0, 1;
    %and 8, 9, 1;
    %set/v v0x222a340_0, 8, 1;
T_1.8 ;
    %load/v 8, v0x222a530_0, 1;
    %load/v 9, v0x222a610_0, 1;
    %inv 9, 1;
    %and 8, 9, 1;
    %load/v 9, v0x222a6b0_0, 1;
    %and 8, 9, 1;
    %jmp/0xz  T_1.10, 8;
    %load/v 8, v0x2208fc0_0, 1;
    %load/v 9, v0x222a2a0_0, 1;
    %or 8, 9, 1;
    %set/v v0x222a340_0, 8, 1;
T_1.10 ;
    %load/v 8, v0x222a530_0, 1;
    %load/v 9, v0x222a610_0, 1;
    %and 8, 9, 1;
    %load/v 9, v0x222a6b0_0, 1;
    %inv 9, 1;
    %and 8, 9, 1;
    %jmp/0xz  T_1.12, 8;
    %load/v 8, v0x2208fc0_0, 1;
    %load/v 9, v0x222a2a0_0, 1;
    %xor 8, 9, 1;
    %set/v v0x222a340_0, 8, 1;
T_1.12 ;
    %load/v 8, v0x222a530_0, 1;
    %load/v 9, v0x222a610_0, 1;
    %and 8, 9, 1;
    %load/v 9, v0x222a6b0_0, 1;
    %and 8, 9, 1;
    %jmp/0xz  T_1.14, 8;
    %load/v 8, v0x2208fc0_0, 1;
    %load/v 9, v0x222a2a0_0, 1;
    %add 8, 9, 1;
    %load/v 9, v0x222a3e0_0, 1;
    %add 8, 9, 1;
    %set/v v0x222a340_0, 8, 1;
T_1.14 ;
    %load/v 8, v0x2208fc0_0, 1;
    %load/v 9, v0x222a2a0_0, 1;
    %and 8, 9, 1;
    %load/v 9, v0x2208fc0_0, 1;
    %load/v 10, v0x222a2a0_0, 1;
    %load/v 11, v0x222a3e0_0, 1;
    %and 10, 11, 1;
    %xor 9, 10, 1;
    %or 8, 9, 1;
    %set/v v0x222a490_0, 8, 1;
    %jmp T_1;
    .thread T_1, $push;
    .scope S_0x21fd800;
T_2 ;
    %wait E_0x21fd8f0;
    %load/v 8, v0x222ae80_0, 1;
    %load/v 9, v0x222afe0_0, 1;
    %cmp/u 8, 9, 1;
    %mov 8, 4, 1;
    %load/v 9, v0x222af30_0, 1;
    %load/v 10, v0x222b090_0, 1;
    %cmp/u 9, 10, 1;
    %mov 9, 4, 1;
    %and 8, 9, 1;
    %jmp/0xz  T_2.0, 8;
    %set/v v0x222b320_0, 1, 1;
    %jmp T_2.1;
T_2.0 ;
    %set/v v0x222b320_0, 0, 1;
T_2.1 ;
    %jmp T_2;
    .thread T_2, $push;
    .scope S_0x21fd800;
T_3 ;
    %wait E_0x21fd950;
    %load/v 8, v0x222b5a0_0, 1;
    %load/v 9, v0x222b620_0, 1;
    %and 8, 9, 1;
    %load/v 9, v0x222b760_0, 1;
    %and 8, 9, 1;
    %jmp/0xz  T_3.0, 8;
    %load/v 8, v0x222b4c0_0, 1;
    %set/v v0x222b2a0_0, 8, 1;
    %jmp T_3.1;
T_3.0 ;
    %set/v v0x222b2a0_0, 0, 1;
T_3.1 ;
    %jmp T_3;
    .thread T_3, $push;
    .scope S_0x21fdda0;
T_4 ;
    %set/v v0x222b830_0, 0, 1;
    %set/v v0x222b900_0, 0, 1;
    %set/v v0x222b9d0_0, 1, 1;
    %set/v v0x222baa0_0, 0, 1;
    %set/v v0x222be60_0, 0, 3;
    %vpi_call 2 29 "$dumpfile", "wave.vcd";
    %vpi_call 2 30 "$dumpvars", 1'sb0, S_0x21fdda0;
    %end;
    .thread T_4;
    .scope S_0x21fdda0;
T_5 ;
    %delay 10, 0;
    %movi 8, 95, 7;
    %ix/load 0, 0, 0;
    %set/x0 v0x222be60_0, 8, 1;
    %ix/load 0, 1, 0;
    %set/x0 v0x222be60_0, 9, 1;
    %ix/load 0, 2, 0;
    %set/x0 v0x222be60_0, 10, 1;
    %set/v v0x222b9d0_0, 11, 1;
    %set/v v0x222baa0_0, 12, 1;
    %set/v v0x222b830_0, 13, 1;
    %set/v v0x222b900_0, 14, 1;
    %delay 600, 0;
    %vpi_call 2 35 "$finish";
    %end;
    .thread T_5;
    .scope S_0x21fdda0;
T_6 ;
    %vpi_call 2 38 "$monitor", "time =", $time, " a1a0 is %b%b, b1b0 is %b%b, oper is %b output is %b%b%b, equality? %b", v0x222b900_0, v0x222b830_0, v0x222baa0_0, v0x222b9d0_0, v0x222be60_0, v0x222bd10_0, v0x222bc40_0, v0x222bb70_0, v0x222bd90_0;
    %end;
    .thread T_6;
# The file index is used to find the file name in the following table.
:file_names 5;
    "N/A";
    "<interactive>";
    "alu_test.v";
    "././alu.v";
    "././half_alu.v";
