#! /usr/bin/vvp
:ivl_version "0.9.7 " "(v0_9_7)";
:vpi_time_precision + 0;
:vpi_module "system";
:vpi_module "v2005_math";
:vpi_module "va_math";
S_0x1d685f0 .scope module, "seqDetector111" "seqDetector111" 2 1;
 .timescale 0 0;
P_0x1d686e8 .param/l "S0" 2 10, C4<00>;
P_0x1d68710 .param/l "S1" 2 11, C4<01>;
P_0x1d68738 .param/l "S2" 2 12, C4<10>;
P_0x1d68760 .param/l "S3" 2 13, C4<11>;
v0x1d68870_0 .net "clk", 0 0, C4<z>; 0 drivers
v0x1d9cb60_0 .var "cst", 1 0;
v0x1d9cc00_0 .net "data", 0 0, C4<z>; 0 drivers
v0x1d9cca0_0 .var "nst", 1 0;
v0x1d9cd50_0 .var "out", 0 0;
v0x1d9cdf0_0 .net "reset", 0 0, C4<z>; 0 drivers
E_0x1d687d0 .event edge, v0x1d9cca0_0;
E_0x1d68820 .event edge, v0x1d9cc00_0, v0x1d9cb60_0;
    .scope S_0x1d685f0;
T_0 ;
    %wait E_0x1d68820;
    %load/v 8, v0x1d9cb60_0, 2;
    %cmpi/u 8, 0, 2;
    %jmp/1 T_0.0, 6;
    %cmpi/u 8, 1, 2;
    %jmp/1 T_0.1, 6;
    %cmpi/u 8, 2, 2;
    %jmp/1 T_0.2, 6;
    %cmpi/u 8, 3, 2;
    %jmp/1 T_0.3, 6;
    %set/v v0x1d9cca0_0, 0, 2;
    %jmp T_0.5;
T_0.0 ;
    %load/v 8, v0x1d9cc00_0, 1;
    %jmp/0xz  T_0.6, 8;
    %movi 8, 1, 2;
    %set/v v0x1d9cca0_0, 8, 2;
    %set/v v0x1d9cd50_0, 0, 1;
    %jmp T_0.7;
T_0.6 ;
    %set/v v0x1d9cca0_0, 0, 2;
    %set/v v0x1d9cd50_0, 0, 1;
T_0.7 ;
    %jmp T_0.5;
T_0.1 ;
    %load/v 8, v0x1d9cc00_0, 1;
    %jmp/0xz  T_0.8, 8;
    %set/v v0x1d9cca0_0, 1, 2;
    %set/v v0x1d9cd50_0, 0, 1;
    %jmp T_0.9;
T_0.8 ;
    %movi 8, 2, 2;
    %set/v v0x1d9cca0_0, 8, 2;
    %set/v v0x1d9cd50_0, 0, 1;
T_0.9 ;
    %jmp T_0.5;
T_0.2 ;
    %load/v 8, v0x1d9cc00_0, 1;
    %jmp/0xz  T_0.10, 8;
    %movi 8, 1, 2;
    %set/v v0x1d9cca0_0, 8, 2;
    %set/v v0x1d9cd50_0, 0, 1;
    %jmp T_0.11;
T_0.10 ;
    %set/v v0x1d9cca0_0, 0, 2;
    %set/v v0x1d9cd50_0, 0, 1;
T_0.11 ;
    %jmp T_0.5;
T_0.3 ;
    %load/v 8, v0x1d9cc00_0, 1;
    %jmp/0xz  T_0.12, 8;
    %set/v v0x1d9cca0_0, 1, 2;
    %set/v v0x1d9cd50_0, 1, 1;
    %jmp T_0.13;
T_0.12 ;
    %movi 8, 2, 2;
    %set/v v0x1d9cca0_0, 8, 2;
    %set/v v0x1d9cd50_0, 0, 1;
T_0.13 ;
    %jmp T_0.5;
T_0.5 ;
    %jmp T_0;
    .thread T_0, $push;
    .scope S_0x1d685f0;
T_1 ;
    %wait E_0x1d687d0;
    %load/v 8, v0x1d9cca0_0, 2;
    %ix/load 0, 2, 0;
    %assign/v0 v0x1d9cb60_0, 0, 8;
    %jmp T_1;
    .thread T_1, $push;
# The file index is used to find the file name in the following table.
:file_names 3;
    "N/A";
    "<interactive>";
    "seqDetector111.v";
