#! /usr/bin/vvp
:ivl_version "0.9.7 " "(v0_9_7)";
:vpi_time_precision + 0;
:vpi_module "system";
:vpi_module "v2005_math";
:vpi_module "va_math";
S_0x27bc810 .scope module, "shiftRgtest" "shiftRgtest" 2 2;
 .timescale 0 0;
v0x27e6420_0 .var "Data", 0 0;
v0x27e64a0_0 .var "clk", 0 0;
RS_0x7f2aca5633a8 .resolv tri, L_0x27e6750, L_0x27e68e0, L_0x27e6bf0, C4<zzz>;
v0x27e6520_0 .net8 "out", 2 0, RS_0x7f2aca5633a8; 3 drivers
S_0x27bb270 .scope module, "uut" "shiftRg_3bit" 2 7, 3 2, S_0x27bc810;
 .timescale 0 0;
v0x27e6250_0 .net "Data", 0 0, v0x27e6420_0; 1 drivers
v0x27e6320_0 .alias "Result", 2 0, v0x27e6520_0;
v0x27e63a0_0 .net "clk", 0 0, v0x27e64a0_0; 1 drivers
L_0x27e6750 .part/pv v0x27e58f0_0, 0, 1, 3;
L_0x27e68e0 .part/pv v0x27e4c70_0, 1, 1, 3;
L_0x27e69d0 .part RS_0x7f2aca5633a8, 0, 1;
L_0x27e6bf0 .part/pv v0x27e3f70_0, 2, 1, 3;
L_0x27e6c90 .part RS_0x7f2aca5633a8, 1, 1;
S_0x27e5590 .scope module, "D1" "D_flipflop" 3 10, 4 2, S_0x27bb270;
 .timescale 0 0;
v0x27e5e20_0 .net "Q", 0 0, v0x27e58f0_0; 1 drivers
v0x27e5ed0_0 .net "_Q", 0 0, v0x27e5770_0; 1 drivers
v0x27e5f80_0 .net "_q", 0 0, v0x27e5ad0_0; 1 drivers
v0x27e6030_0 .alias "clk", 0 0, v0x27e63a0_0;
v0x27e60e0_0 .alias "data", 0 0, v0x27e6250_0;
v0x27e6190_0 .net "q", 0 0, v0x27e5d40_0; 1 drivers
L_0x27e65a0 .reduce/nor v0x27e64a0_0;
S_0x27e5970 .scope module, "DL1" "D_latch3" 4 9, 5 7, S_0x27e5590;
 .timescale 0 0;
v0x27e5ad0_0 .var "_q", 0 0;
v0x27e5b90_0 .alias "data", 0 0, v0x27e6250_0;
v0x27e5c30_0 .alias "en", 0 0, v0x27e63a0_0;
v0x27e5d40_0 .var "q", 0 0;
E_0x27e5a60 .event edge, v0x27e5b90_0, v0x27e42e0_0;
S_0x27e5680 .scope module, "DL2" "D_latch3" 4 10, 5 7, S_0x27e5590;
 .timescale 0 0;
v0x27e5770_0 .var "_q", 0 0;
v0x27e57f0_0 .alias "data", 0 0, v0x27e6190_0;
v0x27e5870_0 .net "en", 0 0, L_0x27e65a0; 1 drivers
v0x27e58f0_0 .var "q", 0 0;
E_0x27e50e0 .event edge, v0x27e57f0_0, v0x27e5870_0;
S_0x27e4910 .scope module, "D2" "D_flipflop" 3 11, 4 2, S_0x27bb270;
 .timescale 0 0;
v0x27e5110_0 .net "Q", 0 0, v0x27e4c70_0; 1 drivers
v0x27e51c0_0 .net "_Q", 0 0, v0x27e4af0_0; 1 drivers
v0x27e5270_0 .net "_q", 0 0, v0x27e4e30_0; 1 drivers
v0x27e5320_0 .alias "clk", 0 0, v0x27e63a0_0;
v0x27e53d0_0 .net "data", 0 0, L_0x27e69d0; 1 drivers
v0x27e5480_0 .net "q", 0 0, v0x27e5060_0; 1 drivers
L_0x27e6840 .reduce/nor v0x27e64a0_0;
S_0x27e4cf0 .scope module, "DL1" "D_latch3" 4 9, 5 7, S_0x27e4910;
 .timescale 0 0;
v0x27e4e30_0 .var "_q", 0 0;
v0x27e4ef0_0 .alias "data", 0 0, v0x27e53d0_0;
v0x27e4f90_0 .alias "en", 0 0, v0x27e63a0_0;
v0x27e5060_0 .var "q", 0 0;
E_0x27e4de0 .event edge, v0x27e4ef0_0, v0x27e42e0_0;
S_0x27e4a00 .scope module, "DL2" "D_latch3" 4 10, 5 7, S_0x27e4910;
 .timescale 0 0;
v0x27e4af0_0 .var "_q", 0 0;
v0x27e4b70_0 .alias "data", 0 0, v0x27e5480_0;
v0x27e4bf0_0 .net "en", 0 0, L_0x27e6840; 1 drivers
v0x27e4c70_0 .var "q", 0 0;
E_0x27e4430 .event edge, v0x27e4b70_0, v0x27e4bf0_0;
S_0x27b9a40 .scope module, "D3" "D_flipflop" 3 12, 4 2, S_0x27bb270;
 .timescale 0 0;
v0x27e4460_0 .net "Q", 0 0, v0x27e3f70_0; 1 drivers
v0x27e4510_0 .net "_Q", 0 0, v0x27bae50_0; 1 drivers
v0x27e45c0_0 .net "_q", 0 0, v0x27e4180_0; 1 drivers
v0x27e4670_0 .alias "clk", 0 0, v0x27e63a0_0;
v0x27e4750_0 .net "data", 0 0, L_0x27e6c90; 1 drivers
v0x27e4800_0 .net "q", 0 0, v0x27e4380_0; 1 drivers
L_0x27e6b50 .reduce/nor v0x27e64a0_0;
S_0x27e4020 .scope module, "DL1" "D_latch3" 4 9, 5 7, S_0x27b9a40;
 .timescale 0 0;
v0x27e4180_0 .var "_q", 0 0;
v0x27e4240_0 .alias "data", 0 0, v0x27e4750_0;
v0x27e42e0_0 .alias "en", 0 0, v0x27e63a0_0;
v0x27e4380_0 .var "q", 0 0;
E_0x27e4110 .event edge, v0x27e4240_0, v0x27e42e0_0;
S_0x27bacc0 .scope module, "DL2" "D_latch3" 4 10, 5 7, S_0x27b9a40;
 .timescale 0 0;
v0x27bae50_0 .var "_q", 0 0;
v0x27e3e30_0 .alias "data", 0 0, v0x27e4800_0;
v0x27e3ed0_0 .net "en", 0 0, L_0x27e6b50; 1 drivers
v0x27e3f70_0 .var "q", 0 0;
E_0x27a3ec0 .event edge, v0x27e3e30_0, v0x27e3ed0_0;
    .scope S_0x27e5970;
T_0 ;
    %wait E_0x27e5a60;
    %load/v 8, v0x27e5c30_0, 1;
    %jmp/0xz  T_0.0, 8;
    %load/v 8, v0x27e5b90_0, 1;
    %ix/load 0, 1, 0;
    %assign/v0 v0x27e5d40_0, 0, 8;
    %load/v 8, v0x27e5b90_0, 1;
    %inv 8, 1;
    %ix/load 0, 1, 0;
    %assign/v0 v0x27e5ad0_0, 0, 8;
T_0.0 ;
    %jmp T_0;
    .thread T_0, $push;
    .scope S_0x27e5680;
T_1 ;
    %wait E_0x27e50e0;
    %load/v 8, v0x27e5870_0, 1;
    %jmp/0xz  T_1.0, 8;
    %load/v 8, v0x27e57f0_0, 1;
    %ix/load 0, 1, 0;
    %assign/v0 v0x27e58f0_0, 0, 8;
    %load/v 8, v0x27e57f0_0, 1;
    %inv 8, 1;
    %ix/load 0, 1, 0;
    %assign/v0 v0x27e5770_0, 0, 8;
T_1.0 ;
    %jmp T_1;
    .thread T_1, $push;
    .scope S_0x27e4cf0;
T_2 ;
    %wait E_0x27e4de0;
    %load/v 8, v0x27e4f90_0, 1;
    %jmp/0xz  T_2.0, 8;
    %load/v 8, v0x27e4ef0_0, 1;
    %ix/load 0, 1, 0;
    %assign/v0 v0x27e5060_0, 0, 8;
    %load/v 8, v0x27e4ef0_0, 1;
    %inv 8, 1;
    %ix/load 0, 1, 0;
    %assign/v0 v0x27e4e30_0, 0, 8;
T_2.0 ;
    %jmp T_2;
    .thread T_2, $push;
    .scope S_0x27e4a00;
T_3 ;
    %wait E_0x27e4430;
    %load/v 8, v0x27e4bf0_0, 1;
    %jmp/0xz  T_3.0, 8;
    %load/v 8, v0x27e4b70_0, 1;
    %ix/load 0, 1, 0;
    %assign/v0 v0x27e4c70_0, 0, 8;
    %load/v 8, v0x27e4b70_0, 1;
    %inv 8, 1;
    %ix/load 0, 1, 0;
    %assign/v0 v0x27e4af0_0, 0, 8;
T_3.0 ;
    %jmp T_3;
    .thread T_3, $push;
    .scope S_0x27e4020;
T_4 ;
    %wait E_0x27e4110;
    %load/v 8, v0x27e42e0_0, 1;
    %jmp/0xz  T_4.0, 8;
    %load/v 8, v0x27e4240_0, 1;
    %ix/load 0, 1, 0;
    %assign/v0 v0x27e4380_0, 0, 8;
    %load/v 8, v0x27e4240_0, 1;
    %inv 8, 1;
    %ix/load 0, 1, 0;
    %assign/v0 v0x27e4180_0, 0, 8;
T_4.0 ;
    %jmp T_4;
    .thread T_4, $push;
    .scope S_0x27bacc0;
T_5 ;
    %wait E_0x27a3ec0;
    %load/v 8, v0x27e3ed0_0, 1;
    %jmp/0xz  T_5.0, 8;
    %load/v 8, v0x27e3e30_0, 1;
    %ix/load 0, 1, 0;
    %assign/v0 v0x27e3f70_0, 0, 8;
    %load/v 8, v0x27e3e30_0, 1;
    %inv 8, 1;
    %ix/load 0, 1, 0;
    %assign/v0 v0x27bae50_0, 0, 8;
T_5.0 ;
    %jmp T_5;
    .thread T_5, $push;
    .scope S_0x27bc810;
T_6 ;
    %set/v v0x27e6420_0, 0, 1;
    %set/v v0x27e64a0_0, 0, 1;
    %vpi_call 2 16 "$dumpfile", "wave.vcd";
    %vpi_call 2 17 "$dumpvars", 1'sb0, S_0x27bc810;
T_6.0 ;
    %delay 5, 0;
    %load/v 8, v0x27e64a0_0, 1;
    %inv 8, 1;
    %set/v v0x27e64a0_0, 8, 1;
    %jmp T_6.0;
    %end;
    .thread T_6;
    .scope S_0x27bc810;
T_7 ;
    %delay 30, 0;
    %set/v v0x27e6420_0, 0, 1;
    %delay 10, 0;
    %set/v v0x27e6420_0, 1, 1;
    %delay 10, 0;
    %set/v v0x27e6420_0, 0, 1;
    %delay 10, 0;
    %set/v v0x27e6420_0, 0, 1;
    %delay 10, 0;
    %set/v v0x27e6420_0, 1, 1;
    %delay 10, 0;
    %set/v v0x27e6420_0, 1, 1;
    %delay 10, 0;
    %set/v v0x27e6420_0, 0, 1;
    %delay 10, 0;
    %set/v v0x27e6420_0, 0, 1;
    %delay 600, 0;
    %vpi_call 2 33 "$finish";
    %end;
    .thread T_7;
    .scope S_0x27bc810;
T_8 ;
    %vpi_call 2 36 "$monitor", "time = ", $time, " output is %b", v0x27e6520_0;
    %end;
    .thread T_8;
# The file index is used to find the file name in the following table.
:file_names 6;
    "N/A";
    "<interactive>";
    "shiftRgtest.v";
    "././shiftRg_3bit.v";
    "././D_flipflop.v";
    "./D_latch3.v";
